<?xml version="1.0" encoding="UTF-8"?>
<TestRun id="278c14fb-ab80-4907-ad04-9b4cbea4e4cd" name="avi@NETBOOK 2011-07-15 09:34:34" runUser="netbook\avi" xmlns="http://microsoft.com/schemas/VisualStudio/TeamTest/2010">
  <TestSettings name="Local" id="8ca21acd-1fe6-4269-b5af-3ea22afc0391">
    <Description>These are default test settings for a local test run.</Description>
    <Deployment runDeploymentRoot="avi_NETBOOK 2011-07-15 09_34_34">
      <DeploymentItem filename="D:\work\NConfig\NConfig\NConfig.Windsor\bin\Debug\NConfig.Windsor.dll" />
      <DeploymentItem filename="D:\work\NConfig\NConfig\NConfig.Windsor\Castle.Windsor.dll" />
      <DeploymentItem filename="D:\work\NConfig\NConfig\NConfig.Windsor\Castle.Core.dll" />
      <DeploymentItem filename="D:\work\NConfig\NConfig\NConfig\bin\Debug\NConfig.dll" />
      <DeploymentItem filename="D:\work\NConfig\NConfig\NConfig.XML\bin\Debug\NConfig.XML.dll" />
      <DeploymentItem filename="NConfigTests\bin\Debug\Configuration.xml" />
    </Deployment>
    <Execution>
      <TestTypeSpecific>
        <UnitTestRunConfig testTypeId="13cdc9d9-ddb5-4fa4-a97d-d965ccfc6d4b">
          <AssemblyResolution>
            <TestDirectory useLoadContext="true" />
          </AssemblyResolution>
        </UnitTestRunConfig>
        <WebTestRunConfiguration testTypeId="4e7599fa-5ecb-43e9-a887-cd63cf72d207">
          <Browser name="Internet Explorer 7.0">
            <Headers>
              <Header name="User-Agent" value="Mozilla/4.0 (compatible; MSIE 7.0; Windows NT 5.1)" />
              <Header name="Accept" value="*/*" />
              <Header name="Accept-Language" value="{{$IEAcceptLanguage}}" />
              <Header name="Accept-Encoding" value="GZIP" />
            </Headers>
          </Browser>
        </WebTestRunConfiguration>
      </TestTypeSpecific>
      <AgentRule name="LocalMachineDefaultRole">
      </AgentRule>
    </Execution>
  </TestSettings>
  <Times creation="2011-07-15T09:34:34.3036341+02:00" queuing="2011-07-15T09:34:50.0905371+02:00" start="2011-07-15T09:34:51.2106011+02:00" finish="2011-07-15T09:35:55.3892720+02:00" />
  <ResultSummary outcome="Error">
    <Counters total="18" executed="8" passed="7" error="0" failed="0" timeout="0" aborted="1" inconclusive="0" passedButRunAborted="0" notRunnable="0" notExecuted="10" disconnected="0" warning="0" completed="0" inProgress="0" pending="0" />
    <RunInfos>
      <RunInfo computerName="NETBOOK" outcome="Error" timestamp="2011-07-15T09:35:55.2352631+02:00">
        <Text>Test host process exited unexpectedly.</Text>
      </RunInfo>
    </RunInfos>
  </ResultSummary>
  <TestDefinitions>
    <UnitTest name="prod_online_client" storage="d:\work\nconfig\nconfig\nconfigtests\bin\debug\nconfig.tests.dll" id="88cb2420-bab5-c625-adf5-b51416e15f3c">
      <Execution id="76830d0d-9ced-4750-bb9d-efc9bd3e28b1" />
      <TestMethod codeBase="D:/work/NConfig/NConfig/NConfigTests/bin/Debug/NConfig.Tests.DLL" adapterTypeName="Microsoft.VisualStudio.TestTools.TestTypes.Unit.UnitTestAdapter, Microsoft.VisualStudio.QualityTools.Tips.UnitTest.Adapter, Version=10.0.0.0, Culture=neutral, PublicKeyToken=b03f5f7f11d50a3a" className="NConfig.Tests.FilterPolicySingleValueTest, NConfig.Tests, Version=1.0.0.0, Culture=neutral, PublicKeyToken=null" name="prod_online_client" />
    </UnitTest>
    <UnitTest name="aaa" storage="d:\work\nconfig\nconfig\nconfigtests\bin\debug\nconfig.tests.dll" id="5aa4e3a8-5df8-954e-6c99-969563df9fc3">
      <Execution id="d7734ec3-7228-4770-ac13-ee4e402c5a93" />
      <TestMethod codeBase="D:/work/NConfig/NConfig/NConfigTests/bin/Debug/NConfig.Tests.DLL" adapterTypeName="Microsoft.VisualStudio.TestTools.TestTypes.Unit.UnitTestAdapter, Microsoft.VisualStudio.QualityTools.Tips.UnitTest.Adapter, Version=10.0.0.0, Culture=neutral, PublicKeyToken=b03f5f7f11d50a3a" className="NConfig.Tests.BestMatchRuleTest, NConfig.Tests, Version=1.0.0.0, Culture=neutral, PublicKeyToken=null" name="aaa" />
    </UnitTest>
    <UnitTest name="auditService_appServer_Dev_GetAllCustomers" storage="d:\work\nconfig\nconfig\nconfigtests\bin\debug\nconfig.tests.dll" id="86988aa3-e245-8763-5002-7aa6b57926c1">
      <Execution id="a8bc8b58-dc56-4941-bc44-b66a07c7dc3c" />
      <TestMethod codeBase="D:/work/NConfig/NConfig/NConfigTests/bin/Debug/NConfig.Tests.DLL" adapterTypeName="Microsoft.VisualStudio.TestTools.TestTypes.Unit.UnitTestAdapter, Microsoft.VisualStudio.QualityTools.Tips.UnitTest.Adapter, Version=10.0.0.0, Culture=neutral, PublicKeyToken=b03f5f7f11d50a3a" className="NConfig.Tests.FilterPolicySingleValueTest, NConfig.Tests, Version=1.0.0.0, Culture=neutral, PublicKeyToken=null" name="auditService_appServer_Dev_GetAllCustomers" />
    </UnitTest>
    <UnitTest name="auditService_appServer_prod_GetAllCustomers" storage="d:\work\nconfig\nconfig\nconfigtests\bin\debug\nconfig.tests.dll" id="c83e054a-d14a-a089-eb54-fbcccf928366">
      <Execution id="d81800c4-be70-48c4-8ab8-ebb1e3057472" />
      <TestMethod codeBase="D:/work/NConfig/NConfig/NConfigTests/bin/Debug/NConfig.Tests.DLL" adapterTypeName="Microsoft.VisualStudio.TestTools.TestTypes.Unit.UnitTestAdapter, Microsoft.VisualStudio.QualityTools.Tips.UnitTest.Adapter, Version=10.0.0.0, Culture=neutral, PublicKeyToken=b03f5f7f11d50a3a" className="NConfig.Tests.FilterPolicySingleValueTest, NConfig.Tests, Version=1.0.0.0, Culture=neutral, PublicKeyToken=null" name="auditService_appServer_prod_GetAllCustomers" />
    </UnitTest>
    <UnitTest name="Dev_online_client" storage="d:\work\nconfig\nconfig\nconfigtests\bin\debug\nconfig.tests.dll" id="81612c84-9e67-6bb3-5fdd-f6e1c0aaee54">
      <Execution id="9a6c2473-7b30-433e-b3e8-e1cef2473fc0" />
      <TestMethod codeBase="D:/work/NConfig/NConfig/NConfigTests/bin/Debug/NConfig.Tests.DLL" adapterTypeName="Microsoft.VisualStudio.TestTools.TestTypes.Unit.UnitTestAdapter, Microsoft.VisualStudio.QualityTools.Tips.UnitTest.Adapter, Version=10.0.0.0, Culture=neutral, PublicKeyToken=b03f5f7f11d50a3a" className="NConfig.Tests.FilterPolicySingleValueTest, NConfig.Tests, Version=1.0.0.0, Culture=neutral, PublicKeyToken=null" name="Dev_online_client" />
    </UnitTest>
    <UnitTest name="prod_onlineServer_auditService" storage="d:\work\nconfig\nconfig\nconfigtests\bin\debug\nconfig.tests.dll" id="357c4318-c11f-93f7-f252-98bfca53e32a">
      <Execution id="1cd031be-e565-417f-adbd-ff1691d18db8" />
      <TestMethod codeBase="D:/work/NConfig/NConfig/NConfigTests/bin/Debug/NConfig.Tests.DLL" adapterTypeName="Microsoft.VisualStudio.TestTools.TestTypes.Unit.UnitTestAdapter, Microsoft.VisualStudio.QualityTools.Tips.UnitTest.Adapter, Version=10.0.0.0, Culture=neutral, PublicKeyToken=b03f5f7f11d50a3a" className="NConfig.Tests.FilterPolicySingleValueTest, NConfig.Tests, Version=1.0.0.0, Culture=neutral, PublicKeyToken=null" name="prod_onlineServer_auditService" />
    </UnitTest>
    <UnitTest name="prod_online_server" storage="d:\work\nconfig\nconfig\nconfigtests\bin\debug\nconfig.tests.dll" id="0cce0639-31ca-e8e3-4d39-75679771d958">
      <Execution id="758cd978-9565-4d76-abba-d2e42e69bce2" />
      <TestMethod codeBase="D:/work/NConfig/NConfig/NConfigTests/bin/Debug/NConfig.Tests.DLL" adapterTypeName="Microsoft.VisualStudio.TestTools.TestTypes.Unit.UnitTestAdapter, Microsoft.VisualStudio.QualityTools.Tips.UnitTest.Adapter, Version=10.0.0.0, Culture=neutral, PublicKeyToken=b03f5f7f11d50a3a" className="NConfig.Tests.FilterPolicySingleValueTest, NConfig.Tests, Version=1.0.0.0, Culture=neutral, PublicKeyToken=null" name="prod_online_server" />
    </UnitTest>
    <UnitTest name="dev_online_server" storage="d:\work\nconfig\nconfig\nconfigtests\bin\debug\nconfig.tests.dll" id="ea2e3f01-2781-85d2-a937-3707125cbc23">
      <Execution id="14705af3-35dd-4d96-b5ee-2a48168cb905" />
      <TestMethod codeBase="D:/work/NConfig/NConfig/NConfigTests/bin/Debug/NConfig.Tests.DLL" adapterTypeName="Microsoft.VisualStudio.TestTools.TestTypes.Unit.UnitTestAdapter, Microsoft.VisualStudio.QualityTools.Tips.UnitTest.Adapter, Version=10.0.0.0, Culture=neutral, PublicKeyToken=b03f5f7f11d50a3a" className="NConfig.Tests.FilterPolicySingleValueTest, NConfig.Tests, Version=1.0.0.0, Culture=neutral, PublicKeyToken=null" name="dev_online_server" />
    </UnitTest>
    <UnitTest name="Test1" storage="d:\work\nconfig\nconfig\nconfigtests\bin\debug\nconfig.tests.dll" id="68eb0417-dab8-6b25-a0a9-0a7a95c92efe">
      <Execution id="4f6693c6-a1d9-4449-a20d-0955f16e8915" />
      <TestMethod codeBase="D:/work/NConfig/NConfig/NConfigTests/bin/Debug/NConfig.Tests.DLL" adapterTypeName="Microsoft.VisualStudio.TestTools.TestTypes.Unit.UnitTestAdapter, Microsoft.VisualStudio.QualityTools.Tips.UnitTest.Adapter, Version=10.0.0.0, Culture=neutral, PublicKeyToken=b03f5f7f11d50a3a" className="NConfig.Tests.BestMatchRuleTest, NConfig.Tests, Version=1.0.0.0, Culture=neutral, PublicKeyToken=null" name="Test1" />
    </UnitTest>
    <UnitTest name="auditService_appServer_prod_UpdateCustomer" storage="d:\work\nconfig\nconfig\nconfigtests\bin\debug\nconfig.tests.dll" id="31ad7b39-df69-4841-24c6-23bb75f0e170">
      <Execution id="8acee2ef-5336-4976-be4a-3f8810af3829" />
      <TestMethod codeBase="D:/work/NConfig/NConfig/NConfigTests/bin/Debug/NConfig.Tests.DLL" adapterTypeName="Microsoft.VisualStudio.TestTools.TestTypes.Unit.UnitTestAdapter, Microsoft.VisualStudio.QualityTools.Tips.UnitTest.Adapter, Version=10.0.0.0, Culture=neutral, PublicKeyToken=b03f5f7f11d50a3a" className="NConfig.Tests.FilterPolicySingleValueTest, NConfig.Tests, Version=1.0.0.0, Culture=neutral, PublicKeyToken=null" name="auditService_appServer_prod_UpdateCustomer" />
    </UnitTest>
    <UnitTest name="one_value_with_specific_reference_and_one_with_ALL_reference" storage="d:\work\nconfig\nconfig\nconfigtests\bin\debug\nconfig.tests.dll" id="73586542-bb33-746b-6934-aa3f28ab2f57">
      <Execution id="629777cf-b394-4803-99c3-9ba0cf14fbde" />
      <TestMethod codeBase="D:/work/NConfig/NConfig/NConfigTests/bin/Debug/NConfig.Tests.DLL" adapterTypeName="Microsoft.VisualStudio.TestTools.TestTypes.Unit.UnitTestAdapter, Microsoft.VisualStudio.QualityTools.Tips.UnitTest.Adapter, Version=10.0.0.0, Culture=neutral, PublicKeyToken=b03f5f7f11d50a3a" className="NConfig.Tests.BestMatchRuleTest, NConfig.Tests, Version=1.0.0.0, Culture=neutral, PublicKeyToken=null" name="one_value_with_specific_reference_and_one_with_ALL_reference" />
    </UnitTest>
    <UnitTest name="TestObjectModelConfiguration" storage="d:\work\nconfig\nconfig\nconfigtests\bin\debug\nconfig.tests.dll" id="5d8e5a36-2169-9cd5-a3e6-85587870e8f6">
      <Execution id="f2fb5c36-8afb-461d-a649-2940cca1dec3" />
      <TestMethod codeBase="D:/work/NConfig/NConfig/NConfigTests/bin/Debug/NConfig.Tests.DLL" adapterTypeName="Microsoft.VisualStudio.TestTools.TestTypes.Unit.UnitTestAdapter, Microsoft.VisualStudio.QualityTools.Tips.UnitTest.Adapter, Version=10.0.0.0, Culture=neutral, PublicKeyToken=b03f5f7f11d50a3a" className="NConfig.Tests.UnitTest1, NConfig.Tests, Version=1.0.0.0, Culture=neutral, PublicKeyToken=null" name="TestObjectModelConfiguration" />
    </UnitTest>
    <UnitTest name="all_values_with_specific_references" storage="d:\work\nconfig\nconfig\nconfigtests\bin\debug\nconfig.tests.dll" id="1d783d32-0124-474a-5fb9-3ad630219c07">
      <Execution id="dff1d41a-1877-4094-a552-eb7fab3c1dbc" />
      <TestMethod codeBase="D:/work/NConfig/NConfig/NConfigTests/bin/Debug/NConfig.Tests.DLL" adapterTypeName="Microsoft.VisualStudio.TestTools.TestTypes.Unit.UnitTestAdapter, Microsoft.VisualStudio.QualityTools.Tips.UnitTest.Adapter, Version=10.0.0.0, Culture=neutral, PublicKeyToken=b03f5f7f11d50a3a" className="NConfig.Tests.BestMatchRuleTest, NConfig.Tests, Version=1.0.0.0, Culture=neutral, PublicKeyToken=null" name="all_values_with_specific_references" />
    </UnitTest>
    <UnitTest name="auditService_appServer_Dev_updateCustomer" storage="d:\work\nconfig\nconfig\nconfigtests\bin\debug\nconfig.tests.dll" id="1848f59f-dcde-d8ba-f776-0b25437d84b6">
      <Execution id="7acace62-0752-4f43-82a3-c9225a8ec1d9" />
      <TestMethod codeBase="D:/work/NConfig/NConfig/NConfigTests/bin/Debug/NConfig.Tests.DLL" adapterTypeName="Microsoft.VisualStudio.TestTools.TestTypes.Unit.UnitTestAdapter, Microsoft.VisualStudio.QualityTools.Tips.UnitTest.Adapter, Version=10.0.0.0, Culture=neutral, PublicKeyToken=b03f5f7f11d50a3a" className="NConfig.Tests.FilterPolicySingleValueTest, NConfig.Tests, Version=1.0.0.0, Culture=neutral, PublicKeyToken=null" name="auditService_appServer_Dev_updateCustomer" />
    </UnitTest>
    <UnitTest name="TestXMLConfiguration_load_from_file" storage="d:\work\nconfig\nconfig\nconfigtests\bin\debug\nconfig.tests.dll" id="ebac121c-774c-7382-9e07-eec0877ee019">
      <Execution id="b9a1908d-eb4f-4eb8-9d73-414733f23fb5" />
      <TestMethod codeBase="D:/work/NConfig/NConfig/NConfigTests/bin/Debug/NConfig.Tests.DLL" adapterTypeName="Microsoft.VisualStudio.TestTools.TestTypes.Unit.UnitTestAdapter, Microsoft.VisualStudio.QualityTools.Tips.UnitTest.Adapter, Version=10.0.0.0, Culture=neutral, PublicKeyToken=b03f5f7f11d50a3a" className="NConfig.Tests.UnitTest1, NConfig.Tests, Version=1.0.0.0, Culture=neutral, PublicKeyToken=null" name="TestXMLConfiguration_load_from_file" />
    </UnitTest>
    <UnitTest name="aa" storage="d:\work\nconfig\nconfig\nconfigtests\bin\debug\nconfig.tests.dll" id="b6ab9756-cf95-b5eb-7319-df0d1ac2108b">
      <Execution id="7f0da7e0-2be3-4438-a5eb-c91d9ffc8140" />
      <TestMethod codeBase="D:/work/NConfig/NConfig/NConfigTests/bin/Debug/NConfig.Tests.DLL" adapterTypeName="Microsoft.VisualStudio.TestTools.TestTypes.Unit.UnitTestAdapter, Microsoft.VisualStudio.QualityTools.Tips.UnitTest.Adapter, Version=10.0.0.0, Culture=neutral, PublicKeyToken=b03f5f7f11d50a3a" className="NConfig.Tests.BestMatchRuleTest, NConfig.Tests, Version=1.0.0.0, Culture=neutral, PublicKeyToken=null" name="aa" />
    </UnitTest>
    <UnitTest name="test2" storage="d:\work\nconfig\nconfig\nconfigtests\bin\debug\nconfig.tests.dll" id="d9af1d75-68cd-824c-5313-177c87cf728b">
      <Execution id="f8c41c1c-2bc0-4a05-b7cf-3549e81c2777" />
      <TestMethod codeBase="D:/work/NConfig/NConfig/NConfigTests/bin/Debug/NConfig.Tests.DLL" adapterTypeName="Microsoft.VisualStudio.TestTools.TestTypes.Unit.UnitTestAdapter, Microsoft.VisualStudio.QualityTools.Tips.UnitTest.Adapter, Version=10.0.0.0, Culture=neutral, PublicKeyToken=b03f5f7f11d50a3a" className="NConfig.Tests.BestMatchRuleTest, NConfig.Tests, Version=1.0.0.0, Culture=neutral, PublicKeyToken=null" name="test2" />
    </UnitTest>
    <UnitTest name="TestWindsorTranslator" storage="d:\work\nconfig\nconfig\nconfigtests\bin\debug\nconfig.tests.dll" id="36e17ec2-da0e-65a3-8ecd-ee3aba08bb59">
      <Execution id="d891ed06-e6cd-474b-9169-12f5dfb3585c" />
      <TestMethod codeBase="D:/work/NConfig/NConfig/NConfigTests/bin/Debug/NConfig.Tests.DLL" adapterTypeName="Microsoft.VisualStudio.TestTools.TestTypes.Unit.UnitTestAdapter, Microsoft.VisualStudio.QualityTools.Tips.UnitTest.Adapter, Version=10.0.0.0, Culture=neutral, PublicKeyToken=b03f5f7f11d50a3a" className="NConfig.Tests.UnitTest1, NConfig.Tests, Version=1.0.0.0, Culture=neutral, PublicKeyToken=null" name="TestWindsorTranslator" />
    </UnitTest>
  </TestDefinitions>
  <TestLists>
    <TestList name="Results Not in a List" id="8c84fa94-04c1-424b-9868-57a2d4851a1d" />
    <TestList name="All Loaded Results" id="19431567-8539-422a-85d7-44ee4e166bda" />
  </TestLists>
  <TestEntries>
    <TestEntry testId="0cce0639-31ca-e8e3-4d39-75679771d958" executionId="758cd978-9565-4d76-abba-d2e42e69bce2" testListId="8c84fa94-04c1-424b-9868-57a2d4851a1d" />
    <TestEntry testId="1848f59f-dcde-d8ba-f776-0b25437d84b6" executionId="7acace62-0752-4f43-82a3-c9225a8ec1d9" testListId="8c84fa94-04c1-424b-9868-57a2d4851a1d" />
    <TestEntry testId="1d783d32-0124-474a-5fb9-3ad630219c07" executionId="dff1d41a-1877-4094-a552-eb7fab3c1dbc" testListId="8c84fa94-04c1-424b-9868-57a2d4851a1d" />
    <TestEntry testId="31ad7b39-df69-4841-24c6-23bb75f0e170" executionId="8acee2ef-5336-4976-be4a-3f8810af3829" testListId="8c84fa94-04c1-424b-9868-57a2d4851a1d" />
    <TestEntry testId="357c4318-c11f-93f7-f252-98bfca53e32a" executionId="1cd031be-e565-417f-adbd-ff1691d18db8" testListId="8c84fa94-04c1-424b-9868-57a2d4851a1d" />
    <TestEntry testId="36e17ec2-da0e-65a3-8ecd-ee3aba08bb59" executionId="d891ed06-e6cd-474b-9169-12f5dfb3585c" testListId="8c84fa94-04c1-424b-9868-57a2d4851a1d" />
    <TestEntry testId="5aa4e3a8-5df8-954e-6c99-969563df9fc3" executionId="d7734ec3-7228-4770-ac13-ee4e402c5a93" testListId="8c84fa94-04c1-424b-9868-57a2d4851a1d" />
    <TestEntry testId="5d8e5a36-2169-9cd5-a3e6-85587870e8f6" executionId="f2fb5c36-8afb-461d-a649-2940cca1dec3" testListId="8c84fa94-04c1-424b-9868-57a2d4851a1d" />
    <TestEntry testId="68eb0417-dab8-6b25-a0a9-0a7a95c92efe" executionId="4f6693c6-a1d9-4449-a20d-0955f16e8915" testListId="8c84fa94-04c1-424b-9868-57a2d4851a1d" />
    <TestEntry testId="73586542-bb33-746b-6934-aa3f28ab2f57" executionId="629777cf-b394-4803-99c3-9ba0cf14fbde" testListId="8c84fa94-04c1-424b-9868-57a2d4851a1d" />
    <TestEntry testId="81612c84-9e67-6bb3-5fdd-f6e1c0aaee54" executionId="9a6c2473-7b30-433e-b3e8-e1cef2473fc0" testListId="8c84fa94-04c1-424b-9868-57a2d4851a1d" />
    <TestEntry testId="86988aa3-e245-8763-5002-7aa6b57926c1" executionId="a8bc8b58-dc56-4941-bc44-b66a07c7dc3c" testListId="8c84fa94-04c1-424b-9868-57a2d4851a1d" />
    <TestEntry testId="88cb2420-bab5-c625-adf5-b51416e15f3c" executionId="76830d0d-9ced-4750-bb9d-efc9bd3e28b1" testListId="8c84fa94-04c1-424b-9868-57a2d4851a1d" />
    <TestEntry testId="b6ab9756-cf95-b5eb-7319-df0d1ac2108b" executionId="7f0da7e0-2be3-4438-a5eb-c91d9ffc8140" testListId="8c84fa94-04c1-424b-9868-57a2d4851a1d" />
    <TestEntry testId="c83e054a-d14a-a089-eb54-fbcccf928366" executionId="d81800c4-be70-48c4-8ab8-ebb1e3057472" testListId="8c84fa94-04c1-424b-9868-57a2d4851a1d" />
    <TestEntry testId="d9af1d75-68cd-824c-5313-177c87cf728b" executionId="f8c41c1c-2bc0-4a05-b7cf-3549e81c2777" testListId="8c84fa94-04c1-424b-9868-57a2d4851a1d" />
    <TestEntry testId="ea2e3f01-2781-85d2-a937-3707125cbc23" executionId="14705af3-35dd-4d96-b5ee-2a48168cb905" testListId="8c84fa94-04c1-424b-9868-57a2d4851a1d" />
    <TestEntry testId="ebac121c-774c-7382-9e07-eec0877ee019" executionId="b9a1908d-eb4f-4eb8-9d73-414733f23fb5" testListId="8c84fa94-04c1-424b-9868-57a2d4851a1d" />
  </TestEntries>
  <Results>
    <UnitTestResult executionId="758cd978-9565-4d76-abba-d2e42e69bce2" testId="0cce0639-31ca-e8e3-4d39-75679771d958" testName="prod_online_server" computerName="NETBOOK" duration="00:00:00.3615344" startTime="2011-07-15T09:34:51.9156415+02:00" endTime="2011-07-15T09:34:56.3258937+02:00" testType="13cdc9d9-ddb5-4fa4-a97d-d965ccfc6d4b" outcome="Passed" testListId="8c84fa94-04c1-424b-9868-57a2d4851a1d" relativeResultsDirectory="758cd978-9565-4d76-abba-d2e42e69bce2">
    </UnitTestResult>
    <UnitTestResult executionId="7acace62-0752-4f43-82a3-c9225a8ec1d9" testId="1848f59f-dcde-d8ba-f776-0b25437d84b6" testName="auditService_appServer_Dev_updateCustomer" computerName="NETBOOK" duration="00:00:00.0040810" startTime="2011-07-15T09:34:56.5039039+02:00" endTime="2011-07-15T09:34:56.5669075+02:00" testType="13cdc9d9-ddb5-4fa4-a97d-d965ccfc6d4b" outcome="Passed" testListId="8c84fa94-04c1-424b-9868-57a2d4851a1d" relativeResultsDirectory="7acace62-0752-4f43-82a3-c9225a8ec1d9">
    </UnitTestResult>
    <UnitTestResult executionId="dff1d41a-1877-4094-a552-eb7fab3c1dbc" testId="1d783d32-0124-474a-5fb9-3ad630219c07" testName="all_values_with_specific_references" computerName="NETBOOK" duration="00:00:00.0550051" startTime="2011-07-15T09:34:56.6079099+02:00" endTime="2011-07-15T09:34:56.7079156+02:00" testType="13cdc9d9-ddb5-4fa4-a97d-d965ccfc6d4b" outcome="Passed" testListId="8c84fa94-04c1-424b-9868-57a2d4851a1d" relativeResultsDirectory="dff1d41a-1877-4094-a552-eb7fab3c1dbc">
    </UnitTestResult>
    <UnitTestResult executionId="8acee2ef-5336-4976-be4a-3f8810af3829" testId="31ad7b39-df69-4841-24c6-23bb75f0e170" testName="auditService_appServer_prod_UpdateCustomer" computerName="NETBOOK" duration="00:00:00.0022499" startTime="2011-07-15T09:34:56.7669189+02:00" endTime="2011-07-15T09:34:56.8079213+02:00" testType="13cdc9d9-ddb5-4fa4-a97d-d965ccfc6d4b" outcome="Passed" testListId="8c84fa94-04c1-424b-9868-57a2d4851a1d" relativeResultsDirectory="8acee2ef-5336-4976-be4a-3f8810af3829">
    </UnitTestResult>
    <UnitTestResult executionId="1cd031be-e565-417f-adbd-ff1691d18db8" testId="357c4318-c11f-93f7-f252-98bfca53e32a" testName="prod_onlineServer_auditService" computerName="NETBOOK" duration="00:00:00.0023133" startTime="2011-07-15T09:34:56.8349228+02:00" endTime="2011-07-15T09:34:56.8789254+02:00" testType="13cdc9d9-ddb5-4fa4-a97d-d965ccfc6d4b" outcome="Passed" testListId="8c84fa94-04c1-424b-9868-57a2d4851a1d" relativeResultsDirectory="1cd031be-e565-417f-adbd-ff1691d18db8">
    </UnitTestResult>
    <UnitTestResult executionId="d891ed06-e6cd-474b-9169-12f5dfb3585c" testId="36e17ec2-da0e-65a3-8ecd-ee3aba08bb59" testName="TestWindsorTranslator" computerName="NETBOOK" duration="00:00:00.0011037" startTime="2011-07-15T09:34:56.9189276+02:00" endTime="2011-07-15T09:34:56.9539296+02:00" testType="13cdc9d9-ddb5-4fa4-a97d-d965ccfc6d4b" outcome="Passed" testListId="8c84fa94-04c1-424b-9868-57a2d4851a1d" relativeResultsDirectory="d891ed06-e6cd-474b-9169-12f5dfb3585c">
    </UnitTestResult>
    <UnitTestResult executionId="d7734ec3-7228-4770-ac13-ee4e402c5a93" testId="5aa4e3a8-5df8-954e-6c99-969563df9fc3" testName="aaa" computerName="NETBOOK" duration="00:00:00.0020823" startTime="2011-07-15T09:34:56.9899317+02:00" endTime="2011-07-15T09:34:57.0299340+02:00" testType="13cdc9d9-ddb5-4fa4-a97d-d965ccfc6d4b" outcome="Passed" testListId="8c84fa94-04c1-424b-9868-57a2d4851a1d" relativeResultsDirectory="d7734ec3-7228-4770-ac13-ee4e402c5a93">
    </UnitTestResult>
    <UnitTestResult executionId="f2fb5c36-8afb-461d-a649-2940cca1dec3" testId="5d8e5a36-2169-9cd5-a3e6-85587870e8f6" testName="TestObjectModelConfiguration" computerName="NETBOOK" duration="00:00:58.1783276" startTime="2011-07-15T09:34:57.0609358+02:00" endTime="2011-07-15T09:35:55.2392634+02:00" testType="13cdc9d9-ddb5-4fa4-a97d-d965ccfc6d4b" outcome="Aborted" testListId="8c84fa94-04c1-424b-9868-57a2d4851a1d" relativeResultsDirectory="f2fb5c36-8afb-461d-a649-2940cca1dec3">
    </UnitTestResult>
    <UnitTestResult executionId="4f6693c6-a1d9-4449-a20d-0955f16e8915" testId="68eb0417-dab8-6b25-a0a9-0a7a95c92efe" testName="Test1" computerName="NETBOOK" testType="13cdc9d9-ddb5-4fa4-a97d-d965ccfc6d4b" outcome="NotExecuted" testListId="8c84fa94-04c1-424b-9868-57a2d4851a1d" relativeResultsDirectory="4f6693c6-a1d9-4449-a20d-0955f16e8915">
    </UnitTestResult>
    <UnitTestResult executionId="629777cf-b394-4803-99c3-9ba0cf14fbde" testId="73586542-bb33-746b-6934-aa3f28ab2f57" testName="one_value_with_specific_reference_and_one_with_ALL_reference" computerName="NETBOOK" testType="13cdc9d9-ddb5-4fa4-a97d-d965ccfc6d4b" outcome="NotExecuted" testListId="8c84fa94-04c1-424b-9868-57a2d4851a1d" relativeResultsDirectory="629777cf-b394-4803-99c3-9ba0cf14fbde">
    </UnitTestResult>
    <UnitTestResult executionId="9a6c2473-7b30-433e-b3e8-e1cef2473fc0" testId="81612c84-9e67-6bb3-5fdd-f6e1c0aaee54" testName="Dev_online_client" computerName="NETBOOK" testType="13cdc9d9-ddb5-4fa4-a97d-d965ccfc6d4b" outcome="NotExecuted" testListId="8c84fa94-04c1-424b-9868-57a2d4851a1d" relativeResultsDirectory="9a6c2473-7b30-433e-b3e8-e1cef2473fc0">
    </UnitTestResult>
    <UnitTestResult executionId="a8bc8b58-dc56-4941-bc44-b66a07c7dc3c" testId="86988aa3-e245-8763-5002-7aa6b57926c1" testName="auditService_appServer_Dev_GetAllCustomers" computerName="NETBOOK" testType="13cdc9d9-ddb5-4fa4-a97d-d965ccfc6d4b" outcome="NotExecuted" testListId="8c84fa94-04c1-424b-9868-57a2d4851a1d" relativeResultsDirectory="a8bc8b58-dc56-4941-bc44-b66a07c7dc3c">
    </UnitTestResult>
    <UnitTestResult executionId="76830d0d-9ced-4750-bb9d-efc9bd3e28b1" testId="88cb2420-bab5-c625-adf5-b51416e15f3c" testName="prod_online_client" computerName="NETBOOK" testType="13cdc9d9-ddb5-4fa4-a97d-d965ccfc6d4b" outcome="NotExecuted" testListId="8c84fa94-04c1-424b-9868-57a2d4851a1d" relativeResultsDirectory="76830d0d-9ced-4750-bb9d-efc9bd3e28b1">
    </UnitTestResult>
    <UnitTestResult executionId="7f0da7e0-2be3-4438-a5eb-c91d9ffc8140" testId="b6ab9756-cf95-b5eb-7319-df0d1ac2108b" testName="aa" computerName="NETBOOK" testType="13cdc9d9-ddb5-4fa4-a97d-d965ccfc6d4b" outcome="NotExecuted" testListId="8c84fa94-04c1-424b-9868-57a2d4851a1d" relativeResultsDirectory="7f0da7e0-2be3-4438-a5eb-c91d9ffc8140">
    </UnitTestResult>
    <UnitTestResult executionId="d81800c4-be70-48c4-8ab8-ebb1e3057472" testId="c83e054a-d14a-a089-eb54-fbcccf928366" testName="auditService_appServer_prod_GetAllCustomers" computerName="NETBOOK" testType="13cdc9d9-ddb5-4fa4-a97d-d965ccfc6d4b" outcome="NotExecuted" testListId="8c84fa94-04c1-424b-9868-57a2d4851a1d" relativeResultsDirectory="d81800c4-be70-48c4-8ab8-ebb1e3057472">
    </UnitTestResult>
    <UnitTestResult executionId="f8c41c1c-2bc0-4a05-b7cf-3549e81c2777" testId="d9af1d75-68cd-824c-5313-177c87cf728b" testName="test2" computerName="NETBOOK" testType="13cdc9d9-ddb5-4fa4-a97d-d965ccfc6d4b" outcome="NotExecuted" testListId="8c84fa94-04c1-424b-9868-57a2d4851a1d" relativeResultsDirectory="f8c41c1c-2bc0-4a05-b7cf-3549e81c2777">
    </UnitTestResult>
    <UnitTestResult executionId="14705af3-35dd-4d96-b5ee-2a48168cb905" testId="ea2e3f01-2781-85d2-a937-3707125cbc23" testName="dev_online_server" computerName="NETBOOK" testType="13cdc9d9-ddb5-4fa4-a97d-d965ccfc6d4b" outcome="NotExecuted" testListId="8c84fa94-04c1-424b-9868-57a2d4851a1d" relativeResultsDirectory="14705af3-35dd-4d96-b5ee-2a48168cb905">
    </UnitTestResult>
    <UnitTestResult executionId="b9a1908d-eb4f-4eb8-9d73-414733f23fb5" testId="ebac121c-774c-7382-9e07-eec0877ee019" testName="TestXMLConfiguration_load_from_file" computerName="NETBOOK" testType="13cdc9d9-ddb5-4fa4-a97d-d965ccfc6d4b" outcome="NotExecuted" testListId="8c84fa94-04c1-424b-9868-57a2d4851a1d" relativeResultsDirectory="b9a1908d-eb4f-4eb8-9d73-414733f23fb5">
    </UnitTestResult>
  </Results>
</TestRun>