<?xml version="1.0" encoding="UTF-8"?>
<TestRun id="207d82ec-df1a-441b-a5ce-9b767bdb0cfd" name="avi@NETBOOK 2011-05-28 19:54:27" runUser="netbook\avi" xmlns="http://microsoft.com/schemas/VisualStudio/TeamTest/2010">
  <TestSettings name="Local" id="8ca21acd-1fe6-4269-b5af-3ea22afc0391">
    <Description>These are default test settings for a local test run.</Description>
    <Deployment enabled="false" runDeploymentRoot="avi_NETBOOK 2011-05-28 19_54_27">
      <DeploymentItem filename="D:\work\NConfig\PlayingAround\NConfig\bin\Debug\NConfig.dll" />
    </Deployment>
    <Execution>
      <TestTypeSpecific />
      <AgentRule name="Execution Agents">
      </AgentRule>
    </Execution>
  </TestSettings>
  <Times creation="2011-05-28T19:54:27.5816448+02:00" queuing="2011-05-28T19:54:31.4238645+02:00" start="2011-05-28T19:54:32.1689072+02:00" finish="2011-05-28T19:54:53.5231286+02:00" />
  <ResultSummary outcome="Error">
    <Counters total="1" executed="1" error="0" failed="0" timeout="0" aborted="1" inconclusive="0" passedButRunAborted="0" notRunnable="0" notExecuted="0" disconnected="0" warning="0" passed="0" completed="0" inProgress="0" pending="0" />
    <RunInfos>
      <RunInfo computerName="NETBOOK" outcome="Error" timestamp="2011-05-28T19:54:53.5051275+02:00">
        <Text>Test host process exited unexpectedly.</Text>
      </RunInfo>
    </RunInfos>
  </ResultSummary>
  <TestDefinitions>
    <UnitTest name="prod_online_client" storage="d:\work\nconfig\playingaround\testproject1\bin\debug\testproject1.dll" id="089e4ce5-6edb-51f6-e152-6e7c3c46a941">
      <Execution id="281802a2-d055-40a5-93f3-f3b301bcf4b6" />
      <TestMethod codeBase="D:/work/NConfig/PlayingAround/TestProject1/bin/Debug/TestProject1.DLL" adapterTypeName="Microsoft.VisualStudio.TestTools.TestTypes.Unit.UnitTestAdapter, Microsoft.VisualStudio.QualityTools.Tips.UnitTest.Adapter, Version=10.0.0.0, Culture=neutral, PublicKeyToken=b03f5f7f11d50a3a" className="TestProject1.FilterTest, TestProject1, Version=1.0.0.0, Culture=neutral, PublicKeyToken=null" name="prod_online_client" />
    </UnitTest>
  </TestDefinitions>
  <TestLists>
    <TestList name="Results Not in a List" id="8c84fa94-04c1-424b-9868-57a2d4851a1d" />
    <TestList name="All Loaded Results" id="19431567-8539-422a-85d7-44ee4e166bda" />
  </TestLists>
  <TestEntries>
    <TestEntry testId="089e4ce5-6edb-51f6-e152-6e7c3c46a941" executionId="281802a2-d055-40a5-93f3-f3b301bcf4b6" testListId="8c84fa94-04c1-424b-9868-57a2d4851a1d" />
  </TestEntries>
  <Results>
    <UnitTestResult executionId="281802a2-d055-40a5-93f3-f3b301bcf4b6" testId="089e4ce5-6edb-51f6-e152-6e7c3c46a941" testName="prod_online_client" computerName="NETBOOK" duration="00:00:21.0852061" startTime="2011-05-28T19:54:32.4379225+02:00" endTime="2011-05-28T19:54:53.5231286+02:00" testType="13cdc9d9-ddb5-4fa4-a97d-d965ccfc6d4b" outcome="Aborted" testListId="8c84fa94-04c1-424b-9868-57a2d4851a1d" relativeResultsDirectory="281802a2-d055-40a5-93f3-f3b301bcf4b6">
    </UnitTestResult>
  </Results>
</TestRun>