<?xml version="1.0" encoding="UTF-8"?>
<TestRun id="af8676be-812c-4b41-a804-91f05f2f41a2" name="avi@NETBOOK 2011-08-07 10:10:03" runUser="netbook\avi" xmlns="http://microsoft.com/schemas/VisualStudio/TeamTest/2010">
  <TestSettings name="Local" id="8ca21acd-1fe6-4269-b5af-3ea22afc0391">
    <Description>These are default test settings for a local test run.</Description>
    <Deployment runDeploymentRoot="avi_NETBOOK 2011-08-07 10_10_03">
      <DeploymentItem filename="D:\work\NConfig\NConfig\bin\Castle.Core.dll" />
      <DeploymentItem filename="D:\work\NConfig\NConfig\NConfig.XML\bin\Debug\NConfig.XML.dll" />
      <DeploymentItem filename="D:\work\NConfig\NConfig\NConfig.Testing\bin\Debug\NConfig.Testing.dll" />
      <DeploymentItem filename="D:\work\NConfig\NConfig\NConfig.Windsor\bin\Debug\NConfig.Windsor.dll" />
      <DeploymentItem filename="D:\work\NConfig\NConfig\NConfig.Windsor\Castle.Core.dll" />
      <DeploymentItem filename="Server\bin\Debug\Configuration.xml" />
      <DeploymentItem filename="NConfigTests\bin\Debug\TestConfiguration.xml" />
      <DeploymentItem filename="D:\work\NConfig\NConfig\bin\Castle.Windsor.dll" />
      <DeploymentItem filename="D:\work\NConfig\NConfig\NConfig.Windsor\Castle.Windsor.dll" />
      <DeploymentItem filename="D:\work\NConfig\NConfig\NConfig\bin\Debug\NConfig.dll" />
      <DeploymentItem filename="D:\work\NConfig\NConfig\Client\bin\Debug\Client.exe" />
      <DeploymentItem filename="D:\work\NConfig\NConfig\Server\bin\Debug\Server.exe" />
      <DeploymentItem filename="D:\work\NConfig\NConfig\Common\bin\Debug\Common.dll" />
    </Deployment>
    <Execution>
      <TestTypeSpecific>
        <UnitTestRunConfig testTypeId="13cdc9d9-ddb5-4fa4-a97d-d965ccfc6d4b">
          <AssemblyResolution>
            <TestDirectory useLoadContext="true" />
          </AssemblyResolution>
        </UnitTestRunConfig>
        <WebTestRunConfiguration testTypeId="4e7599fa-5ecb-43e9-a887-cd63cf72d207">
          <Browser name="Internet Explorer 7.0">
            <Headers>
              <Header name="User-Agent" value="Mozilla/4.0 (compatible; MSIE 7.0; Windows NT 5.1)" />
              <Header name="Accept" value="*/*" />
              <Header name="Accept-Language" value="{{$IEAcceptLanguage}}" />
              <Header name="Accept-Encoding" value="GZIP" />
            </Headers>
          </Browser>
        </WebTestRunConfiguration>
      </TestTypeSpecific>
      <AgentRule name="LocalMachineDefaultRole">
      </AgentRule>
    </Execution>
  </TestSettings>
  <Times creation="2011-08-07T10:10:03.7823177+02:00" queuing="2011-08-07T10:10:08.5135883+02:00" start="2011-08-07T10:10:09.1846267+02:00" finish="2011-08-07T10:10:20.0292470+02:00" />
  <ResultSummary outcome="Completed">
    <Counters total="28" executed="28" passed="28" error="0" failed="0" timeout="0" aborted="0" inconclusive="0" passedButRunAborted="0" notRunnable="0" notExecuted="0" disconnected="0" warning="0" completed="0" inProgress="0" pending="0" />
  </ResultSummary>
  <TestDefinitions>
    <UnitTest name="some_secure_path_on_production_client_machine_with_some_log_owner" storage="d:\work\nconfig\nconfig\sampletests\bin\debug\sampletests.dll" id="e2a68799-674d-3147-3755-51b0eb77bd1a">
      <Execution id="79fd6d06-1937-42c8-97a6-1c30dd821121" />
      <TestMethod codeBase="D:/work/NConfig/NConfig/SampleTests/bin/Debug/SampleTests.DLL" adapterTypeName="Microsoft.VisualStudio.TestTools.TestTypes.Unit.UnitTestAdapter, Microsoft.VisualStudio.QualityTools.Tips.UnitTest.Adapter, Version=10.0.0.0, Culture=neutral, PublicKeyToken=b03f5f7f11d50a3a" className="SampleTests.LoggingConfigurationTest, SampleTests, Version=1.0.0.0, Culture=neutral, PublicKeyToken=null" name="some_secure_path_on_production_client_machine_with_some_log_owner" />
    </UnitTest>
    <UnitTest name="prod_onlineServer_auditService" storage="d:\work\nconfig\nconfig\nconfigtests\bin\debug\nconfig.tests.dll" id="357c4318-c11f-93f7-f252-98bfca53e32a">
      <Execution id="447b7b37-2f81-4f80-9e78-bd462e29855b" />
      <TestMethod codeBase="D:/work/NConfig/NConfig/NConfigTests/bin/Debug/NConfig.Tests.DLL" adapterTypeName="Microsoft.VisualStudio.TestTools.TestTypes.Unit.UnitTestAdapter, Microsoft.VisualStudio.QualityTools.Tips.UnitTest.Adapter, Version=10.0.0.0, Culture=neutral, PublicKeyToken=b03f5f7f11d50a3a" className="NConfig.Tests.FilterPolicySingleValueTest, NConfig.Tests, Version=1.0.0.0, Culture=neutral, PublicKeyToken=null" name="prod_onlineServer_auditService" />
    </UnitTest>
    <UnitTest name="ProductsService_and_machine2" storage="d:\work\nconfig\nconfig\sampletests\bin\debug\sampletests.dll" id="4fabb609-1d43-0d12-36a0-c6bf0e878713">
      <Execution id="840268aa-9474-4607-82d7-581d89ccf073" />
      <TestMethod codeBase="D:/work/NConfig/NConfig/SampleTests/bin/Debug/SampleTests.DLL" adapterTypeName="Microsoft.VisualStudio.TestTools.TestTypes.Unit.UnitTestAdapter, Microsoft.VisualStudio.QualityTools.Tips.UnitTest.Adapter, Version=10.0.0.0, Culture=neutral, PublicKeyToken=b03f5f7f11d50a3a" className="SampleTests.LoggingConfigurationTest, SampleTests, Version=1.0.0.0, Culture=neutral, PublicKeyToken=null" name="ProductsService_and_machine2" />
    </UnitTest>
    <UnitTest name="Test1" storage="d:\work\nconfig\nconfig\nconfigtests\bin\debug\nconfig.tests.dll" id="68eb0417-dab8-6b25-a0a9-0a7a95c92efe">
      <Execution id="cfc4139f-1f56-4aba-89c3-f50bd28a8de9" />
      <TestMethod codeBase="D:/work/NConfig/NConfig/NConfigTests/bin/Debug/NConfig.Tests.DLL" adapterTypeName="Microsoft.VisualStudio.TestTools.TestTypes.Unit.UnitTestAdapter, Microsoft.VisualStudio.QualityTools.Tips.UnitTest.Adapter, Version=10.0.0.0, Culture=neutral, PublicKeyToken=b03f5f7f11d50a3a" className="NConfig.Tests.BestMatchRuleTest, NConfig.Tests, Version=1.0.0.0, Culture=neutral, PublicKeyToken=null" name="Test1" />
    </UnitTest>
    <UnitTest name="auditService_appServer_prod_UpdateCustomer" storage="d:\work\nconfig\nconfig\nconfigtests\bin\debug\nconfig.tests.dll" id="31ad7b39-df69-4841-24c6-23bb75f0e170">
      <Execution id="f600b7f3-2934-4882-b87a-23a34ea053f8" />
      <TestMethod codeBase="D:/work/NConfig/NConfig/NConfigTests/bin/Debug/NConfig.Tests.DLL" adapterTypeName="Microsoft.VisualStudio.TestTools.TestTypes.Unit.UnitTestAdapter, Microsoft.VisualStudio.QualityTools.Tips.UnitTest.Adapter, Version=10.0.0.0, Culture=neutral, PublicKeyToken=b03f5f7f11d50a3a" className="NConfig.Tests.FilterPolicySingleValueTest, NConfig.Tests, Version=1.0.0.0, Culture=neutral, PublicKeyToken=null" name="auditService_appServer_prod_UpdateCustomer" />
    </UnitTest>
    <UnitTest name="ServicesConfig" storage="d:\work\nconfig\nconfig\sampletests\bin\debug\sampletests.dll" id="2f5ba79d-f4e7-d0ad-8d6e-818d1a1e68ab">
      <Execution id="5908b9fb-987f-4a00-8844-76371c74e44c" />
      <TestMethod codeBase="D:/work/NConfig/NConfig/SampleTests/bin/Debug/SampleTests.DLL" adapterTypeName="Microsoft.VisualStudio.TestTools.TestTypes.Unit.UnitTestAdapter, Microsoft.VisualStudio.QualityTools.Tips.UnitTest.Adapter, Version=10.0.0.0, Culture=neutral, PublicKeyToken=b03f5f7f11d50a3a" className="SampleTests.ConfigurationTest, SampleTests, Version=1.0.0.0, Culture=neutral, PublicKeyToken=null" name="ServicesConfig" />
    </UnitTest>
    <UnitTest name="login_folder_path_for_login_service_and_applicationServer_check_with_other_references" storage="d:\work\nconfig\nconfig\sampletests\bin\debug\sampletests.dll" id="7f98b5a3-1f27-bd6b-b2c5-006de2bb94f3">
      <Execution id="ea8b68f7-f3d7-4c78-8fb9-eb64e63e3562" />
      <TestMethod codeBase="D:/work/NConfig/NConfig/SampleTests/bin/Debug/SampleTests.DLL" adapterTypeName="Microsoft.VisualStudio.TestTools.TestTypes.Unit.UnitTestAdapter, Microsoft.VisualStudio.QualityTools.Tips.UnitTest.Adapter, Version=10.0.0.0, Culture=neutral, PublicKeyToken=b03f5f7f11d50a3a" className="SampleTests.LoggingConfigurationTest, SampleTests, Version=1.0.0.0, Culture=neutral, PublicKeyToken=null" name="login_folder_path_for_login_service_and_applicationServer_check_with_other_references" />
    </UnitTest>
    <UnitTest name="login_folder_path_for_login_service_and_applicationServer" storage="d:\work\nconfig\nconfig\sampletests\bin\debug\sampletests.dll" id="6d5c7ddc-b4bb-3dc0-5b01-f37b1322e78c">
      <Execution id="0f43daa5-5b62-4236-a3a7-a9243cd4ff1c" />
      <TestMethod codeBase="D:/work/NConfig/NConfig/SampleTests/bin/Debug/SampleTests.DLL" adapterTypeName="Microsoft.VisualStudio.TestTools.TestTypes.Unit.UnitTestAdapter, Microsoft.VisualStudio.QualityTools.Tips.UnitTest.Adapter, Version=10.0.0.0, Culture=neutral, PublicKeyToken=b03f5f7f11d50a3a" className="SampleTests.LoggingConfigurationTest, SampleTests, Version=1.0.0.0, Culture=neutral, PublicKeyToken=null" name="login_folder_path_for_login_service_and_applicationServer" />
    </UnitTest>
    <UnitTest name="ServiceContractConfig_for_IProductsService" storage="d:\work\nconfig\nconfig\sampletests\bin\debug\sampletests.dll" id="feae247b-ce9c-107e-a609-befa56a63221">
      <Execution id="9c75601c-a014-4077-83a3-a680c065d8c0" />
      <TestMethod codeBase="D:/work/NConfig/NConfig/SampleTests/bin/Debug/SampleTests.DLL" adapterTypeName="Microsoft.VisualStudio.TestTools.TestTypes.Unit.UnitTestAdapter, Microsoft.VisualStudio.QualityTools.Tips.UnitTest.Adapter, Version=10.0.0.0, Culture=neutral, PublicKeyToken=b03f5f7f11d50a3a" className="SampleTests.ConfigurationTest, SampleTests, Version=1.0.0.0, Culture=neutral, PublicKeyToken=null" name="ServiceContractConfig_for_IProductsService" />
    </UnitTest>
    <UnitTest name="auditService_appServer_prod_GetAllCustomers" storage="d:\work\nconfig\nconfig\nconfigtests\bin\debug\nconfig.tests.dll" id="c83e054a-d14a-a089-eb54-fbcccf928366">
      <Execution id="eaca42bd-05ba-4b90-9ba1-6fb91d5753bd" />
      <TestMethod codeBase="D:/work/NConfig/NConfig/NConfigTests/bin/Debug/NConfig.Tests.DLL" adapterTypeName="Microsoft.VisualStudio.TestTools.TestTypes.Unit.UnitTestAdapter, Microsoft.VisualStudio.QualityTools.Tips.UnitTest.Adapter, Version=10.0.0.0, Culture=neutral, PublicKeyToken=b03f5f7f11d50a3a" className="NConfig.Tests.FilterPolicySingleValueTest, NConfig.Tests, Version=1.0.0.0, Culture=neutral, PublicKeyToken=null" name="auditService_appServer_prod_GetAllCustomers" />
    </UnitTest>
    <UnitTest name="ProductsServiceAdapter_and_machine2" storage="d:\work\nconfig\nconfig\sampletests\bin\debug\sampletests.dll" id="a04cff4c-6678-8068-6f7f-c45673a4d091">
      <Execution id="9f576c07-881e-457d-a2c8-1c6becfad5f5" />
      <TestMethod codeBase="D:/work/NConfig/NConfig/SampleTests/bin/Debug/SampleTests.DLL" adapterTypeName="Microsoft.VisualStudio.TestTools.TestTypes.Unit.UnitTestAdapter, Microsoft.VisualStudio.QualityTools.Tips.UnitTest.Adapter, Version=10.0.0.0, Culture=neutral, PublicKeyToken=b03f5f7f11d50a3a" className="SampleTests.LoggingConfigurationTest, SampleTests, Version=1.0.0.0, Culture=neutral, PublicKeyToken=null" name="ProductsServiceAdapter_and_machine2" />
    </UnitTest>
    <UnitTest name="some_secure_path_on_production_client_machine" storage="d:\work\nconfig\nconfig\sampletests\bin\debug\sampletests.dll" id="9e0fd8cb-36e5-5dc7-0091-2c9faa630481">
      <Execution id="0b8a91b8-67e9-41c8-a689-a5737cd7ef87" />
      <TestMethod codeBase="D:/work/NConfig/NConfig/SampleTests/bin/Debug/SampleTests.DLL" adapterTypeName="Microsoft.VisualStudio.TestTools.TestTypes.Unit.UnitTestAdapter, Microsoft.VisualStudio.QualityTools.Tips.UnitTest.Adapter, Version=10.0.0.0, Culture=neutral, PublicKeyToken=b03f5f7f11d50a3a" className="SampleTests.LoggingConfigurationTest, SampleTests, Version=1.0.0.0, Culture=neutral, PublicKeyToken=null" name="some_secure_path_on_production_client_machine" />
    </UnitTest>
    <UnitTest name="TestXMLConfiguration_load_from_file" storage="d:\work\nconfig\nconfig\nconfigtests\bin\debug\nconfig.tests.dll" id="ebac121c-774c-7382-9e07-eec0877ee019">
      <Execution id="60d69b14-9170-497c-9066-23ee6c62b399" />
      <TestMethod codeBase="D:/work/NConfig/NConfig/NConfigTests/bin/Debug/NConfig.Tests.DLL" adapterTypeName="Microsoft.VisualStudio.TestTools.TestTypes.Unit.UnitTestAdapter, Microsoft.VisualStudio.QualityTools.Tips.UnitTest.Adapter, Version=10.0.0.0, Culture=neutral, PublicKeyToken=b03f5f7f11d50a3a" className="NConfig.Tests.UnitTest1, NConfig.Tests, Version=1.0.0.0, Culture=neutral, PublicKeyToken=null" name="TestXMLConfiguration_load_from_file" />
    </UnitTest>
    <UnitTest name="aaa" storage="d:\work\nconfig\nconfig\nconfigtests\bin\debug\nconfig.tests.dll" id="5aa4e3a8-5df8-954e-6c99-969563df9fc3">
      <Execution id="7bc72976-7fb1-4850-82ab-4901ab2ecf62" />
      <TestMethod codeBase="D:/work/NConfig/NConfig/NConfigTests/bin/Debug/NConfig.Tests.DLL" adapterTypeName="Microsoft.VisualStudio.TestTools.TestTypes.Unit.UnitTestAdapter, Microsoft.VisualStudio.QualityTools.Tips.UnitTest.Adapter, Version=10.0.0.0, Culture=neutral, PublicKeyToken=b03f5f7f11d50a3a" className="NConfig.Tests.BestMatchRuleTest, NConfig.Tests, Version=1.0.0.0, Culture=neutral, PublicKeyToken=null" name="aaa" />
    </UnitTest>
    <UnitTest name="prod_online_server" storage="d:\work\nconfig\nconfig\nconfigtests\bin\debug\nconfig.tests.dll" id="0cce0639-31ca-e8e3-4d39-75679771d958">
      <Execution id="ce8cc9bf-c58a-4a87-84ae-f8e6e0c63a78" />
      <TestMethod codeBase="D:/work/NConfig/NConfig/NConfigTests/bin/Debug/NConfig.Tests.DLL" adapterTypeName="Microsoft.VisualStudio.TestTools.TestTypes.Unit.UnitTestAdapter, Microsoft.VisualStudio.QualityTools.Tips.UnitTest.Adapter, Version=10.0.0.0, Culture=neutral, PublicKeyToken=b03f5f7f11d50a3a" className="NConfig.Tests.FilterPolicySingleValueTest, NConfig.Tests, Version=1.0.0.0, Culture=neutral, PublicKeyToken=null" name="prod_online_server" />
    </UnitTest>
    <UnitTest name="aa" storage="d:\work\nconfig\nconfig\nconfigtests\bin\debug\nconfig.tests.dll" id="b6ab9756-cf95-b5eb-7319-df0d1ac2108b">
      <Execution id="e4f69b77-c450-49a9-b23a-98627f11952a" />
      <TestMethod codeBase="D:/work/NConfig/NConfig/NConfigTests/bin/Debug/NConfig.Tests.DLL" adapterTypeName="Microsoft.VisualStudio.TestTools.TestTypes.Unit.UnitTestAdapter, Microsoft.VisualStudio.QualityTools.Tips.UnitTest.Adapter, Version=10.0.0.0, Culture=neutral, PublicKeyToken=b03f5f7f11d50a3a" className="NConfig.Tests.BestMatchRuleTest, NConfig.Tests, Version=1.0.0.0, Culture=neutral, PublicKeyToken=null" name="aa" />
    </UnitTest>
    <UnitTest name="Dev_online_client" storage="d:\work\nconfig\nconfig\nconfigtests\bin\debug\nconfig.tests.dll" id="81612c84-9e67-6bb3-5fdd-f6e1c0aaee54">
      <Execution id="32fa9038-a2b7-4607-9df0-cae41ea3db26" />
      <TestMethod codeBase="D:/work/NConfig/NConfig/NConfigTests/bin/Debug/NConfig.Tests.DLL" adapterTypeName="Microsoft.VisualStudio.TestTools.TestTypes.Unit.UnitTestAdapter, Microsoft.VisualStudio.QualityTools.Tips.UnitTest.Adapter, Version=10.0.0.0, Culture=neutral, PublicKeyToken=b03f5f7f11d50a3a" className="NConfig.Tests.FilterPolicySingleValueTest, NConfig.Tests, Version=1.0.0.0, Culture=neutral, PublicKeyToken=null" name="Dev_online_client" />
    </UnitTest>
    <UnitTest name="prod_online_client" storage="d:\work\nconfig\nconfig\nconfigtests\bin\debug\nconfig.tests.dll" id="88cb2420-bab5-c625-adf5-b51416e15f3c">
      <Execution id="64ab1cb2-af90-4908-8efc-7a1f0e38e55d" />
      <TestMethod codeBase="D:/work/NConfig/NConfig/NConfigTests/bin/Debug/NConfig.Tests.DLL" adapterTypeName="Microsoft.VisualStudio.TestTools.TestTypes.Unit.UnitTestAdapter, Microsoft.VisualStudio.QualityTools.Tips.UnitTest.Adapter, Version=10.0.0.0, Culture=neutral, PublicKeyToken=b03f5f7f11d50a3a" className="NConfig.Tests.FilterPolicySingleValueTest, NConfig.Tests, Version=1.0.0.0, Culture=neutral, PublicKeyToken=null" name="prod_online_client" />
    </UnitTest>
    <UnitTest name="ServiceContractConfig_for_ILoginService" storage="d:\work\nconfig\nconfig\sampletests\bin\debug\sampletests.dll" id="9a9b86ab-6766-3e7f-0f9e-dfd8e201fb5e">
      <Execution id="9e5d7795-57e5-4818-9174-116f510fd2ec" />
      <TestMethod codeBase="D:/work/NConfig/NConfig/SampleTests/bin/Debug/SampleTests.DLL" adapterTypeName="Microsoft.VisualStudio.TestTools.TestTypes.Unit.UnitTestAdapter, Microsoft.VisualStudio.QualityTools.Tips.UnitTest.Adapter, Version=10.0.0.0, Culture=neutral, PublicKeyToken=b03f5f7f11d50a3a" className="SampleTests.ConfigurationTest, SampleTests, Version=1.0.0.0, Culture=neutral, PublicKeyToken=null" name="ServiceContractConfig_for_ILoginService" />
    </UnitTest>
    <UnitTest name="test2" storage="d:\work\nconfig\nconfig\nconfigtests\bin\debug\nconfig.tests.dll" id="d9af1d75-68cd-824c-5313-177c87cf728b">
      <Execution id="c4d1e560-7e4a-4ed6-8d66-597cfe4c614b" />
      <TestMethod codeBase="D:/work/NConfig/NConfig/NConfigTests/bin/Debug/NConfig.Tests.DLL" adapterTypeName="Microsoft.VisualStudio.TestTools.TestTypes.Unit.UnitTestAdapter, Microsoft.VisualStudio.QualityTools.Tips.UnitTest.Adapter, Version=10.0.0.0, Culture=neutral, PublicKeyToken=b03f5f7f11d50a3a" className="NConfig.Tests.BestMatchRuleTest, NConfig.Tests, Version=1.0.0.0, Culture=neutral, PublicKeyToken=null" name="test2" />
    </UnitTest>
    <UnitTest name="auditService_appServer_Dev_updateCustomer" storage="d:\work\nconfig\nconfig\nconfigtests\bin\debug\nconfig.tests.dll" id="1848f59f-dcde-d8ba-f776-0b25437d84b6">
      <Execution id="307e2e7a-6ce9-467b-ad06-8b902ed1c647" />
      <TestMethod codeBase="D:/work/NConfig/NConfig/NConfigTests/bin/Debug/NConfig.Tests.DLL" adapterTypeName="Microsoft.VisualStudio.TestTools.TestTypes.Unit.UnitTestAdapter, Microsoft.VisualStudio.QualityTools.Tips.UnitTest.Adapter, Version=10.0.0.0, Culture=neutral, PublicKeyToken=b03f5f7f11d50a3a" className="NConfig.Tests.FilterPolicySingleValueTest, NConfig.Tests, Version=1.0.0.0, Culture=neutral, PublicKeyToken=null" name="auditService_appServer_Dev_updateCustomer" />
    </UnitTest>
    <UnitTest name="TestObjectModelConfiguration" storage="d:\work\nconfig\nconfig\nconfigtests\bin\debug\nconfig.tests.dll" id="5d8e5a36-2169-9cd5-a3e6-85587870e8f6">
      <Execution id="f2009850-bb3d-4ef6-bd95-f43481c15000" />
      <TestMethod codeBase="D:/work/NConfig/NConfig/NConfigTests/bin/Debug/NConfig.Tests.DLL" adapterTypeName="Microsoft.VisualStudio.TestTools.TestTypes.Unit.UnitTestAdapter, Microsoft.VisualStudio.QualityTools.Tips.UnitTest.Adapter, Version=10.0.0.0, Culture=neutral, PublicKeyToken=b03f5f7f11d50a3a" className="NConfig.Tests.UnitTest1, NConfig.Tests, Version=1.0.0.0, Culture=neutral, PublicKeyToken=null" name="TestObjectModelConfiguration" />
    </UnitTest>
    <UnitTest name="auditService_appServer_Dev_GetAllCustomers" storage="d:\work\nconfig\nconfig\nconfigtests\bin\debug\nconfig.tests.dll" id="86988aa3-e245-8763-5002-7aa6b57926c1">
      <Execution id="c739cf10-88bc-4d00-b65d-02b505d51575" />
      <TestMethod codeBase="D:/work/NConfig/NConfig/NConfigTests/bin/Debug/NConfig.Tests.DLL" adapterTypeName="Microsoft.VisualStudio.TestTools.TestTypes.Unit.UnitTestAdapter, Microsoft.VisualStudio.QualityTools.Tips.UnitTest.Adapter, Version=10.0.0.0, Culture=neutral, PublicKeyToken=b03f5f7f11d50a3a" className="NConfig.Tests.FilterPolicySingleValueTest, NConfig.Tests, Version=1.0.0.0, Culture=neutral, PublicKeyToken=null" name="auditService_appServer_Dev_GetAllCustomers" />
    </UnitTest>
    <UnitTest name="dev_online_server" storage="d:\work\nconfig\nconfig\nconfigtests\bin\debug\nconfig.tests.dll" id="ea2e3f01-2781-85d2-a937-3707125cbc23">
      <Execution id="a2eb0797-31b3-4592-a27c-ef80a04878fc" />
      <TestMethod codeBase="D:/work/NConfig/NConfig/NConfigTests/bin/Debug/NConfig.Tests.DLL" adapterTypeName="Microsoft.VisualStudio.TestTools.TestTypes.Unit.UnitTestAdapter, Microsoft.VisualStudio.QualityTools.Tips.UnitTest.Adapter, Version=10.0.0.0, Culture=neutral, PublicKeyToken=b03f5f7f11d50a3a" className="NConfig.Tests.FilterPolicySingleValueTest, NConfig.Tests, Version=1.0.0.0, Culture=neutral, PublicKeyToken=null" name="dev_online_server" />
    </UnitTest>
    <UnitTest name="one_value_with_specific_reference_and_one_with_ALL_reference" storage="d:\work\nconfig\nconfig\nconfigtests\bin\debug\nconfig.tests.dll" id="73586542-bb33-746b-6934-aa3f28ab2f57">
      <Execution id="b7f9077c-9678-44a7-a327-b28e52e04fed" />
      <TestMethod codeBase="D:/work/NConfig/NConfig/NConfigTests/bin/Debug/NConfig.Tests.DLL" adapterTypeName="Microsoft.VisualStudio.TestTools.TestTypes.Unit.UnitTestAdapter, Microsoft.VisualStudio.QualityTools.Tips.UnitTest.Adapter, Version=10.0.0.0, Culture=neutral, PublicKeyToken=b03f5f7f11d50a3a" className="NConfig.Tests.BestMatchRuleTest, NConfig.Tests, Version=1.0.0.0, Culture=neutral, PublicKeyToken=null" name="one_value_with_specific_reference_and_one_with_ALL_reference" />
    </UnitTest>
    <UnitTest name="all_values_with_specific_references" storage="d:\work\nconfig\nconfig\nconfigtests\bin\debug\nconfig.tests.dll" id="1d783d32-0124-474a-5fb9-3ad630219c07">
      <Execution id="3e044b8f-8905-4df5-a58f-28a8e0ca71c5" />
      <TestMethod codeBase="D:/work/NConfig/NConfig/NConfigTests/bin/Debug/NConfig.Tests.DLL" adapterTypeName="Microsoft.VisualStudio.TestTools.TestTypes.Unit.UnitTestAdapter, Microsoft.VisualStudio.QualityTools.Tips.UnitTest.Adapter, Version=10.0.0.0, Culture=neutral, PublicKeyToken=b03f5f7f11d50a3a" className="NConfig.Tests.BestMatchRuleTest, NConfig.Tests, Version=1.0.0.0, Culture=neutral, PublicKeyToken=null" name="all_values_with_specific_references" />
    </UnitTest>
    <UnitTest name="LoginServiceAdapter_and_machine2" storage="d:\work\nconfig\nconfig\sampletests\bin\debug\sampletests.dll" id="a779931e-b905-a2fc-df0c-713209133bd4">
      <Execution id="f5a065b4-1e6d-4446-b254-0bed0ab59578" />
      <TestMethod codeBase="D:/work/NConfig/NConfig/SampleTests/bin/Debug/SampleTests.DLL" adapterTypeName="Microsoft.VisualStudio.TestTools.TestTypes.Unit.UnitTestAdapter, Microsoft.VisualStudio.QualityTools.Tips.UnitTest.Adapter, Version=10.0.0.0, Culture=neutral, PublicKeyToken=b03f5f7f11d50a3a" className="SampleTests.LoggingConfigurationTest, SampleTests, Version=1.0.0.0, Culture=neutral, PublicKeyToken=null" name="LoginServiceAdapter_and_machine2" />
    </UnitTest>
    <UnitTest name="SingleServiceConfig" storage="d:\work\nconfig\nconfig\sampletests\bin\debug\sampletests.dll" id="2e5e4820-7858-87c9-43e3-908fd68e373c">
      <Execution id="a838dbe2-0965-4403-ab54-6625cf44955b" />
      <TestMethod codeBase="D:/work/NConfig/NConfig/SampleTests/bin/Debug/SampleTests.DLL" adapterTypeName="Microsoft.VisualStudio.TestTools.TestTypes.Unit.UnitTestAdapter, Microsoft.VisualStudio.QualityTools.Tips.UnitTest.Adapter, Version=10.0.0.0, Culture=neutral, PublicKeyToken=b03f5f7f11d50a3a" className="SampleTests.ConfigurationTest, SampleTests, Version=1.0.0.0, Culture=neutral, PublicKeyToken=null" name="SingleServiceConfig" />
    </UnitTest>
  </TestDefinitions>
  <TestLists>
    <TestList name="Results Not in a List" id="8c84fa94-04c1-424b-9868-57a2d4851a1d" />
    <TestList name="All Loaded Results" id="19431567-8539-422a-85d7-44ee4e166bda" />
  </TestLists>
  <TestEntries>
    <TestEntry testId="0cce0639-31ca-e8e3-4d39-75679771d958" executionId="ce8cc9bf-c58a-4a87-84ae-f8e6e0c63a78" testListId="8c84fa94-04c1-424b-9868-57a2d4851a1d" />
    <TestEntry testId="1848f59f-dcde-d8ba-f776-0b25437d84b6" executionId="307e2e7a-6ce9-467b-ad06-8b902ed1c647" testListId="8c84fa94-04c1-424b-9868-57a2d4851a1d" />
    <TestEntry testId="1d783d32-0124-474a-5fb9-3ad630219c07" executionId="3e044b8f-8905-4df5-a58f-28a8e0ca71c5" testListId="8c84fa94-04c1-424b-9868-57a2d4851a1d" />
    <TestEntry testId="2e5e4820-7858-87c9-43e3-908fd68e373c" executionId="a838dbe2-0965-4403-ab54-6625cf44955b" testListId="8c84fa94-04c1-424b-9868-57a2d4851a1d" />
    <TestEntry testId="2f5ba79d-f4e7-d0ad-8d6e-818d1a1e68ab" executionId="5908b9fb-987f-4a00-8844-76371c74e44c" testListId="8c84fa94-04c1-424b-9868-57a2d4851a1d" />
    <TestEntry testId="31ad7b39-df69-4841-24c6-23bb75f0e170" executionId="f600b7f3-2934-4882-b87a-23a34ea053f8" testListId="8c84fa94-04c1-424b-9868-57a2d4851a1d" />
    <TestEntry testId="357c4318-c11f-93f7-f252-98bfca53e32a" executionId="447b7b37-2f81-4f80-9e78-bd462e29855b" testListId="8c84fa94-04c1-424b-9868-57a2d4851a1d" />
    <TestEntry testId="4fabb609-1d43-0d12-36a0-c6bf0e878713" executionId="840268aa-9474-4607-82d7-581d89ccf073" testListId="8c84fa94-04c1-424b-9868-57a2d4851a1d" />
    <TestEntry testId="5aa4e3a8-5df8-954e-6c99-969563df9fc3" executionId="7bc72976-7fb1-4850-82ab-4901ab2ecf62" testListId="8c84fa94-04c1-424b-9868-57a2d4851a1d" />
    <TestEntry testId="5d8e5a36-2169-9cd5-a3e6-85587870e8f6" executionId="f2009850-bb3d-4ef6-bd95-f43481c15000" testListId="8c84fa94-04c1-424b-9868-57a2d4851a1d" />
    <TestEntry testId="68eb0417-dab8-6b25-a0a9-0a7a95c92efe" executionId="cfc4139f-1f56-4aba-89c3-f50bd28a8de9" testListId="8c84fa94-04c1-424b-9868-57a2d4851a1d" />
    <TestEntry testId="6d5c7ddc-b4bb-3dc0-5b01-f37b1322e78c" executionId="0f43daa5-5b62-4236-a3a7-a9243cd4ff1c" testListId="8c84fa94-04c1-424b-9868-57a2d4851a1d" />
    <TestEntry testId="73586542-bb33-746b-6934-aa3f28ab2f57" executionId="b7f9077c-9678-44a7-a327-b28e52e04fed" testListId="8c84fa94-04c1-424b-9868-57a2d4851a1d" />
    <TestEntry testId="7f98b5a3-1f27-bd6b-b2c5-006de2bb94f3" executionId="ea8b68f7-f3d7-4c78-8fb9-eb64e63e3562" testListId="8c84fa94-04c1-424b-9868-57a2d4851a1d" />
    <TestEntry testId="81612c84-9e67-6bb3-5fdd-f6e1c0aaee54" executionId="32fa9038-a2b7-4607-9df0-cae41ea3db26" testListId="8c84fa94-04c1-424b-9868-57a2d4851a1d" />
    <TestEntry testId="86988aa3-e245-8763-5002-7aa6b57926c1" executionId="c739cf10-88bc-4d00-b65d-02b505d51575" testListId="8c84fa94-04c1-424b-9868-57a2d4851a1d" />
    <TestEntry testId="88cb2420-bab5-c625-adf5-b51416e15f3c" executionId="64ab1cb2-af90-4908-8efc-7a1f0e38e55d" testListId="8c84fa94-04c1-424b-9868-57a2d4851a1d" />
    <TestEntry testId="9a9b86ab-6766-3e7f-0f9e-dfd8e201fb5e" executionId="9e5d7795-57e5-4818-9174-116f510fd2ec" testListId="8c84fa94-04c1-424b-9868-57a2d4851a1d" />
    <TestEntry testId="9e0fd8cb-36e5-5dc7-0091-2c9faa630481" executionId="0b8a91b8-67e9-41c8-a689-a5737cd7ef87" testListId="8c84fa94-04c1-424b-9868-57a2d4851a1d" />
    <TestEntry testId="a04cff4c-6678-8068-6f7f-c45673a4d091" executionId="9f576c07-881e-457d-a2c8-1c6becfad5f5" testListId="8c84fa94-04c1-424b-9868-57a2d4851a1d" />
    <TestEntry testId="a779931e-b905-a2fc-df0c-713209133bd4" executionId="f5a065b4-1e6d-4446-b254-0bed0ab59578" testListId="8c84fa94-04c1-424b-9868-57a2d4851a1d" />
    <TestEntry testId="b6ab9756-cf95-b5eb-7319-df0d1ac2108b" executionId="e4f69b77-c450-49a9-b23a-98627f11952a" testListId="8c84fa94-04c1-424b-9868-57a2d4851a1d" />
    <TestEntry testId="c83e054a-d14a-a089-eb54-fbcccf928366" executionId="eaca42bd-05ba-4b90-9ba1-6fb91d5753bd" testListId="8c84fa94-04c1-424b-9868-57a2d4851a1d" />
    <TestEntry testId="d9af1d75-68cd-824c-5313-177c87cf728b" executionId="c4d1e560-7e4a-4ed6-8d66-597cfe4c614b" testListId="8c84fa94-04c1-424b-9868-57a2d4851a1d" />
    <TestEntry testId="e2a68799-674d-3147-3755-51b0eb77bd1a" executionId="79fd6d06-1937-42c8-97a6-1c30dd821121" testListId="8c84fa94-04c1-424b-9868-57a2d4851a1d" />
    <TestEntry testId="ea2e3f01-2781-85d2-a937-3707125cbc23" executionId="a2eb0797-31b3-4592-a27c-ef80a04878fc" testListId="8c84fa94-04c1-424b-9868-57a2d4851a1d" />
    <TestEntry testId="ebac121c-774c-7382-9e07-eec0877ee019" executionId="60d69b14-9170-497c-9066-23ee6c62b399" testListId="8c84fa94-04c1-424b-9868-57a2d4851a1d" />
    <TestEntry testId="feae247b-ce9c-107e-a609-befa56a63221" executionId="9c75601c-a014-4077-83a3-a680c065d8c0" testListId="8c84fa94-04c1-424b-9868-57a2d4851a1d" />
  </TestEntries>
  <Results>
    <UnitTestResult executionId="ce8cc9bf-c58a-4a87-84ae-f8e6e0c63a78" testId="0cce0639-31ca-e8e3-4d39-75679771d958" testName="prod_online_server" computerName="NETBOOK" duration="00:00:00.1309287" startTime="2011-08-07T10:10:09.3536364+02:00" endTime="2011-08-07T10:10:12.4998163+02:00" testType="13cdc9d9-ddb5-4fa4-a97d-d965ccfc6d4b" outcome="Passed" testListId="8c84fa94-04c1-424b-9868-57a2d4851a1d" relativeResultsDirectory="ce8cc9bf-c58a-4a87-84ae-f8e6e0c63a78">
    </UnitTestResult>
    <UnitTestResult executionId="307e2e7a-6ce9-467b-ad06-8b902ed1c647" testId="1848f59f-dcde-d8ba-f776-0b25437d84b6" testName="auditService_appServer_Dev_updateCustomer" computerName="NETBOOK" duration="00:00:00.0028541" startTime="2011-08-07T10:10:12.5688203+02:00" endTime="2011-08-07T10:10:12.6238234+02:00" testType="13cdc9d9-ddb5-4fa4-a97d-d965ccfc6d4b" outcome="Passed" testListId="8c84fa94-04c1-424b-9868-57a2d4851a1d" relativeResultsDirectory="307e2e7a-6ce9-467b-ad06-8b902ed1c647">
    </UnitTestResult>
    <UnitTestResult executionId="3e044b8f-8905-4df5-a58f-28a8e0ca71c5" testId="1d783d32-0124-474a-5fb9-3ad630219c07" testName="all_values_with_specific_references" computerName="NETBOOK" duration="00:00:00.0128720" startTime="2011-08-07T10:10:12.6598255+02:00" endTime="2011-08-07T10:10:12.7148286+02:00" testType="13cdc9d9-ddb5-4fa4-a97d-d965ccfc6d4b" outcome="Passed" testListId="8c84fa94-04c1-424b-9868-57a2d4851a1d" relativeResultsDirectory="3e044b8f-8905-4df5-a58f-28a8e0ca71c5">
    </UnitTestResult>
    <UnitTestResult executionId="a838dbe2-0965-4403-ab54-6625cf44955b" testId="2e5e4820-7858-87c9-43e3-908fd68e373c" testName="SingleServiceConfig" computerName="NETBOOK" duration="00:00:01.3416681" startTime="2011-08-07T10:10:12.7708318+02:00" endTime="2011-08-07T10:10:16.0270181+02:00" testType="13cdc9d9-ddb5-4fa4-a97d-d965ccfc6d4b" outcome="Passed" testListId="8c84fa94-04c1-424b-9868-57a2d4851a1d" relativeResultsDirectory="a838dbe2-0965-4403-ab54-6625cf44955b">
    </UnitTestResult>
    <UnitTestResult executionId="5908b9fb-987f-4a00-8844-76371c74e44c" testId="2f5ba79d-f4e7-d0ad-8d6e-818d1a1e68ab" testName="ServicesConfig" computerName="NETBOOK" duration="00:00:00.0130981" startTime="2011-08-07T10:10:16.0750208+02:00" endTime="2011-08-07T10:10:16.1280239+02:00" testType="13cdc9d9-ddb5-4fa4-a97d-d965ccfc6d4b" outcome="Passed" testListId="8c84fa94-04c1-424b-9868-57a2d4851a1d" relativeResultsDirectory="5908b9fb-987f-4a00-8844-76371c74e44c">
    </UnitTestResult>
    <UnitTestResult executionId="f600b7f3-2934-4882-b87a-23a34ea053f8" testId="31ad7b39-df69-4841-24c6-23bb75f0e170" testName="auditService_appServer_prod_UpdateCustomer" computerName="NETBOOK" duration="00:00:00.0024094" startTime="2011-08-07T10:10:16.1540253+02:00" endTime="2011-08-07T10:10:16.2100286+02:00" testType="13cdc9d9-ddb5-4fa4-a97d-d965ccfc6d4b" outcome="Passed" testListId="8c84fa94-04c1-424b-9868-57a2d4851a1d" relativeResultsDirectory="f600b7f3-2934-4882-b87a-23a34ea053f8">
    </UnitTestResult>
    <UnitTestResult executionId="447b7b37-2f81-4f80-9e78-bd462e29855b" testId="357c4318-c11f-93f7-f252-98bfca53e32a" testName="prod_onlineServer_auditService" computerName="NETBOOK" duration="00:00:00.0035396" startTime="2011-08-07T10:10:16.2550311+02:00" endTime="2011-08-07T10:10:16.3030339+02:00" testType="13cdc9d9-ddb5-4fa4-a97d-d965ccfc6d4b" outcome="Passed" testListId="8c84fa94-04c1-424b-9868-57a2d4851a1d" relativeResultsDirectory="447b7b37-2f81-4f80-9e78-bd462e29855b">
    </UnitTestResult>
    <UnitTestResult executionId="840268aa-9474-4607-82d7-581d89ccf073" testId="4fabb609-1d43-0d12-36a0-c6bf0e878713" testName="ProductsService_and_machine2" computerName="NETBOOK" duration="00:00:00.0187867" startTime="2011-08-07T10:10:16.3440362+02:00" endTime="2011-08-07T10:10:16.4070398+02:00" testType="13cdc9d9-ddb5-4fa4-a97d-d965ccfc6d4b" outcome="Passed" testListId="8c84fa94-04c1-424b-9868-57a2d4851a1d" relativeResultsDirectory="840268aa-9474-4607-82d7-581d89ccf073">
    </UnitTestResult>
    <UnitTestResult executionId="7bc72976-7fb1-4850-82ab-4901ab2ecf62" testId="5aa4e3a8-5df8-954e-6c99-969563df9fc3" testName="aaa" computerName="NETBOOK" duration="00:00:00.0017097" startTime="2011-08-07T10:10:16.4460421+02:00" endTime="2011-08-07T10:10:16.4870444+02:00" testType="13cdc9d9-ddb5-4fa4-a97d-d965ccfc6d4b" outcome="Passed" testListId="8c84fa94-04c1-424b-9868-57a2d4851a1d" relativeResultsDirectory="7bc72976-7fb1-4850-82ab-4901ab2ecf62">
    </UnitTestResult>
    <UnitTestResult executionId="f2009850-bb3d-4ef6-bd95-f43481c15000" testId="5d8e5a36-2169-9cd5-a3e6-85587870e8f6" testName="TestObjectModelConfiguration" computerName="NETBOOK" duration="00:00:00.7644409" startTime="2011-08-07T10:10:16.5370473+02:00" endTime="2011-08-07T10:10:17.3350929+02:00" testType="13cdc9d9-ddb5-4fa4-a97d-d965ccfc6d4b" outcome="Passed" testListId="8c84fa94-04c1-424b-9868-57a2d4851a1d" relativeResultsDirectory="f2009850-bb3d-4ef6-bd95-f43481c15000">
    </UnitTestResult>
    <UnitTestResult executionId="cfc4139f-1f56-4aba-89c3-f50bd28a8de9" testId="68eb0417-dab8-6b25-a0a9-0a7a95c92efe" testName="Test1" computerName="NETBOOK" duration="00:00:00.0020750" startTime="2011-08-07T10:10:17.3670947+02:00" endTime="2011-08-07T10:10:17.4320985+02:00" testType="13cdc9d9-ddb5-4fa4-a97d-d965ccfc6d4b" outcome="Passed" testListId="8c84fa94-04c1-424b-9868-57a2d4851a1d" relativeResultsDirectory="cfc4139f-1f56-4aba-89c3-f50bd28a8de9">
    </UnitTestResult>
    <UnitTestResult executionId="0f43daa5-5b62-4236-a3a7-a9243cd4ff1c" testId="6d5c7ddc-b4bb-3dc0-5b01-f37b1322e78c" testName="login_folder_path_for_login_service_and_applicationServer" computerName="NETBOOK" duration="00:00:00.0097450" startTime="2011-08-07T10:10:17.4921019+02:00" endTime="2011-08-07T10:10:17.5361044+02:00" testType="13cdc9d9-ddb5-4fa4-a97d-d965ccfc6d4b" outcome="Passed" testListId="8c84fa94-04c1-424b-9868-57a2d4851a1d" relativeResultsDirectory="0f43daa5-5b62-4236-a3a7-a9243cd4ff1c">
    </UnitTestResult>
    <UnitTestResult executionId="b7f9077c-9678-44a7-a327-b28e52e04fed" testId="73586542-bb33-746b-6934-aa3f28ab2f57" testName="one_value_with_specific_reference_and_one_with_ALL_reference" computerName="NETBOOK" duration="00:00:00.0016660" startTime="2011-08-07T10:10:17.5691063+02:00" endTime="2011-08-07T10:10:17.6111087+02:00" testType="13cdc9d9-ddb5-4fa4-a97d-d965ccfc6d4b" outcome="Passed" testListId="8c84fa94-04c1-424b-9868-57a2d4851a1d" relativeResultsDirectory="b7f9077c-9678-44a7-a327-b28e52e04fed">
    </UnitTestResult>
    <UnitTestResult executionId="ea8b68f7-f3d7-4c78-8fb9-eb64e63e3562" testId="7f98b5a3-1f27-bd6b-b2c5-006de2bb94f3" testName="login_folder_path_for_login_service_and_applicationServer_check_with_other_references" computerName="NETBOOK" duration="00:00:00.0073374" startTime="2011-08-07T10:10:17.6581114+02:00" endTime="2011-08-07T10:10:17.7071142+02:00" testType="13cdc9d9-ddb5-4fa4-a97d-d965ccfc6d4b" outcome="Passed" testListId="8c84fa94-04c1-424b-9868-57a2d4851a1d" relativeResultsDirectory="ea8b68f7-f3d7-4c78-8fb9-eb64e63e3562">
    </UnitTestResult>
    <UnitTestResult executionId="32fa9038-a2b7-4607-9df0-cae41ea3db26" testId="81612c84-9e67-6bb3-5fdd-f6e1c0aaee54" testName="Dev_online_client" computerName="NETBOOK" duration="00:00:00.0022117" startTime="2011-08-07T10:10:17.7431162+02:00" endTime="2011-08-07T10:10:17.7841186+02:00" testType="13cdc9d9-ddb5-4fa4-a97d-d965ccfc6d4b" outcome="Passed" testListId="8c84fa94-04c1-424b-9868-57a2d4851a1d" relativeResultsDirectory="32fa9038-a2b7-4607-9df0-cae41ea3db26">
    </UnitTestResult>
    <UnitTestResult executionId="c739cf10-88bc-4d00-b65d-02b505d51575" testId="86988aa3-e245-8763-5002-7aa6b57926c1" testName="auditService_appServer_Dev_GetAllCustomers" computerName="NETBOOK" duration="00:00:00.0024852" startTime="2011-08-07T10:10:17.8241209+02:00" endTime="2011-08-07T10:10:17.8631231+02:00" testType="13cdc9d9-ddb5-4fa4-a97d-d965ccfc6d4b" outcome="Passed" testListId="8c84fa94-04c1-424b-9868-57a2d4851a1d" relativeResultsDirectory="c739cf10-88bc-4d00-b65d-02b505d51575">
    </UnitTestResult>
    <UnitTestResult executionId="64ab1cb2-af90-4908-8efc-7a1f0e38e55d" testId="88cb2420-bab5-c625-adf5-b51416e15f3c" testName="prod_online_client" computerName="NETBOOK" duration="00:00:00.0034448" startTime="2011-08-07T10:10:17.9121259+02:00" endTime="2011-08-07T10:10:17.9601287+02:00" testType="13cdc9d9-ddb5-4fa4-a97d-d965ccfc6d4b" outcome="Passed" testListId="8c84fa94-04c1-424b-9868-57a2d4851a1d" relativeResultsDirectory="64ab1cb2-af90-4908-8efc-7a1f0e38e55d">
    </UnitTestResult>
    <UnitTestResult executionId="9e5d7795-57e5-4818-9174-116f510fd2ec" testId="9a9b86ab-6766-3e7f-0f9e-dfd8e201fb5e" testName="ServiceContractConfig_for_ILoginService" computerName="NETBOOK" duration="00:00:00.2014784" startTime="2011-08-07T10:10:18.0041312+02:00" endTime="2011-08-07T10:10:18.2601458+02:00" testType="13cdc9d9-ddb5-4fa4-a97d-d965ccfc6d4b" outcome="Passed" testListId="8c84fa94-04c1-424b-9868-57a2d4851a1d" relativeResultsDirectory="9e5d7795-57e5-4818-9174-116f510fd2ec">
    </UnitTestResult>
    <UnitTestResult executionId="0b8a91b8-67e9-41c8-a689-a5737cd7ef87" testId="9e0fd8cb-36e5-5dc7-0091-2c9faa630481" testName="some_secure_path_on_production_client_machine" computerName="NETBOOK" duration="00:00:00.0071668" startTime="2011-08-07T10:10:18.3061484+02:00" endTime="2011-08-07T10:10:18.3521511+02:00" testType="13cdc9d9-ddb5-4fa4-a97d-d965ccfc6d4b" outcome="Passed" testListId="8c84fa94-04c1-424b-9868-57a2d4851a1d" relativeResultsDirectory="0b8a91b8-67e9-41c8-a689-a5737cd7ef87">
    </UnitTestResult>
    <UnitTestResult executionId="9f576c07-881e-457d-a2c8-1c6becfad5f5" testId="a04cff4c-6678-8068-6f7f-c45673a4d091" testName="ProductsServiceAdapter_and_machine2" computerName="NETBOOK" duration="00:00:00.0090121" startTime="2011-08-07T10:10:18.3981537+02:00" endTime="2011-08-07T10:10:18.4491566+02:00" testType="13cdc9d9-ddb5-4fa4-a97d-d965ccfc6d4b" outcome="Passed" testListId="8c84fa94-04c1-424b-9868-57a2d4851a1d" relativeResultsDirectory="9f576c07-881e-457d-a2c8-1c6becfad5f5">
    </UnitTestResult>
    <UnitTestResult executionId="f5a065b4-1e6d-4446-b254-0bed0ab59578" testId="a779931e-b905-a2fc-df0c-713209133bd4" testName="LoginServiceAdapter_and_machine2" computerName="NETBOOK" duration="00:00:00.0079570" startTime="2011-08-07T10:10:18.4961593+02:00" endTime="2011-08-07T10:10:18.5601630+02:00" testType="13cdc9d9-ddb5-4fa4-a97d-d965ccfc6d4b" outcome="Passed" testListId="8c84fa94-04c1-424b-9868-57a2d4851a1d" relativeResultsDirectory="f5a065b4-1e6d-4446-b254-0bed0ab59578">
    </UnitTestResult>
    <UnitTestResult executionId="e4f69b77-c450-49a9-b23a-98627f11952a" testId="b6ab9756-cf95-b5eb-7319-df0d1ac2108b" testName="aa" computerName="NETBOOK" duration="00:00:00.0027531" startTime="2011-08-07T10:10:18.6021654+02:00" endTime="2011-08-07T10:10:18.6491681+02:00" testType="13cdc9d9-ddb5-4fa4-a97d-d965ccfc6d4b" outcome="Passed" testListId="8c84fa94-04c1-424b-9868-57a2d4851a1d" relativeResultsDirectory="e4f69b77-c450-49a9-b23a-98627f11952a">
    </UnitTestResult>
    <UnitTestResult executionId="eaca42bd-05ba-4b90-9ba1-6fb91d5753bd" testId="c83e054a-d14a-a089-eb54-fbcccf928366" testName="auditService_appServer_prod_GetAllCustomers" computerName="NETBOOK" duration="00:00:00.0021193" startTime="2011-08-07T10:10:18.6911705+02:00" endTime="2011-08-07T10:10:18.7361730+02:00" testType="13cdc9d9-ddb5-4fa4-a97d-d965ccfc6d4b" outcome="Passed" testListId="8c84fa94-04c1-424b-9868-57a2d4851a1d" relativeResultsDirectory="eaca42bd-05ba-4b90-9ba1-6fb91d5753bd">
    </UnitTestResult>
    <UnitTestResult executionId="c4d1e560-7e4a-4ed6-8d66-597cfe4c614b" testId="d9af1d75-68cd-824c-5313-177c87cf728b" testName="test2" computerName="NETBOOK" duration="00:00:00.0025572" startTime="2011-08-07T10:10:18.7811756+02:00" endTime="2011-08-07T10:10:18.8341786+02:00" testType="13cdc9d9-ddb5-4fa4-a97d-d965ccfc6d4b" outcome="Passed" testListId="8c84fa94-04c1-424b-9868-57a2d4851a1d" relativeResultsDirectory="c4d1e560-7e4a-4ed6-8d66-597cfe4c614b">
    </UnitTestResult>
    <UnitTestResult executionId="79fd6d06-1937-42c8-97a6-1c30dd821121" testId="e2a68799-674d-3147-3755-51b0eb77bd1a" testName="some_secure_path_on_production_client_machine_with_some_log_owner" computerName="NETBOOK" duration="00:00:00.0080555" startTime="2011-08-07T10:10:18.8801813+02:00" endTime="2011-08-07T10:10:18.9241838+02:00" testType="13cdc9d9-ddb5-4fa4-a97d-d965ccfc6d4b" outcome="Passed" testListId="8c84fa94-04c1-424b-9868-57a2d4851a1d" relativeResultsDirectory="79fd6d06-1937-42c8-97a6-1c30dd821121">
    </UnitTestResult>
    <UnitTestResult executionId="a2eb0797-31b3-4592-a27c-ef80a04878fc" testId="ea2e3f01-2781-85d2-a937-3707125cbc23" testName="dev_online_server" computerName="NETBOOK" duration="00:00:00.0033117" startTime="2011-08-07T10:10:18.9601859+02:00" endTime="2011-08-07T10:10:19.0071885+02:00" testType="13cdc9d9-ddb5-4fa4-a97d-d965ccfc6d4b" outcome="Passed" testListId="8c84fa94-04c1-424b-9868-57a2d4851a1d" relativeResultsDirectory="a2eb0797-31b3-4592-a27c-ef80a04878fc">
    </UnitTestResult>
    <UnitTestResult executionId="60d69b14-9170-497c-9066-23ee6c62b399" testId="ebac121c-774c-7382-9e07-eec0877ee019" testName="TestXMLConfiguration_load_from_file" computerName="NETBOOK" duration="00:00:00.1059458" startTime="2011-08-07T10:10:19.0531912+02:00" endTime="2011-08-07T10:10:19.2072000+02:00" testType="13cdc9d9-ddb5-4fa4-a97d-d965ccfc6d4b" outcome="Passed" testListId="8c84fa94-04c1-424b-9868-57a2d4851a1d" relativeResultsDirectory="60d69b14-9170-497c-9066-23ee6c62b399">
    </UnitTestResult>
    <UnitTestResult executionId="9c75601c-a014-4077-83a3-a680c065d8c0" testId="feae247b-ce9c-107e-a609-befa56a63221" testName="ServiceContractConfig_for_IProductsService" computerName="NETBOOK" duration="00:00:00.0124427" startTime="2011-08-07T10:10:19.2542027+02:00" endTime="2011-08-07T10:10:19.3162062+02:00" testType="13cdc9d9-ddb5-4fa4-a97d-d965ccfc6d4b" outcome="Passed" testListId="8c84fa94-04c1-424b-9868-57a2d4851a1d" relativeResultsDirectory="9c75601c-a014-4077-83a3-a680c065d8c0">
    </UnitTestResult>
  </Results>
</TestRun>