<?xml version="1.0" encoding="UTF-8"?>
<TestRun id="e52ba9d8-5c00-4607-aa10-14efcc1b0e1f" name="avi@NETBOOK 2011-05-28 20:11:57" runUser="netbook\avi" xmlns="http://microsoft.com/schemas/VisualStudio/TeamTest/2010">
  <TestSettings name="Local" id="8ca21acd-1fe6-4269-b5af-3ea22afc0391">
    <Description>These are default test settings for a local test run.</Description>
    <Deployment enabled="false" runDeploymentRoot="avi_NETBOOK 2011-05-28 20_11_57">
      <DeploymentItem filename="D:\work\NConfig\PlayingAround\NConfig\bin\Debug\NConfig.dll" />
    </Deployment>
    <Execution>
      <TestTypeSpecific />
      <AgentRule name="Execution Agents">
      </AgentRule>
    </Execution>
  </TestSettings>
  <Times creation="2011-05-28T20:11:57.8157147+02:00" queuing="2011-05-28T20:12:01.2199094+02:00" start="2011-05-28T20:12:02.3829760+02:00" finish="2011-05-28T20:12:08.7813419+02:00" />
  <ResultSummary outcome="Error">
    <Counters total="1" executed="1" error="0" failed="0" timeout="0" aborted="1" inconclusive="0" passedButRunAborted="0" notRunnable="0" notExecuted="0" disconnected="0" warning="0" passed="0" completed="0" inProgress="0" pending="0" />
    <RunInfos>
      <RunInfo computerName="NETBOOK" outcome="Error" timestamp="2011-05-28T20:12:08.7773417+02:00">
        <Text>Test host process exited unexpectedly.</Text>
      </RunInfo>
    </RunInfos>
  </ResultSummary>
  <TestDefinitions>
    <UnitTest name="prod_online_server" storage="d:\work\nconfig\playingaround\testproject1\bin\debug\testproject1.dll" id="97ca9c93-9134-7453-4b0e-bfdec1fb6fa4">
      <Execution id="4547d752-088e-4f97-8406-a6e6ffc271f4" />
      <TestMethod codeBase="D:/work/NConfig/PlayingAround/TestProject1/bin/Debug/TestProject1.DLL" adapterTypeName="Microsoft.VisualStudio.TestTools.TestTypes.Unit.UnitTestAdapter, Microsoft.VisualStudio.QualityTools.Tips.UnitTest.Adapter, Version=10.0.0.0, Culture=neutral, PublicKeyToken=b03f5f7f11d50a3a" className="TestProject1.FilterTest, TestProject1, Version=1.0.0.0, Culture=neutral, PublicKeyToken=null" name="prod_online_server" />
    </UnitTest>
  </TestDefinitions>
  <TestLists>
    <TestList name="Results Not in a List" id="8c84fa94-04c1-424b-9868-57a2d4851a1d" />
    <TestList name="All Loaded Results" id="19431567-8539-422a-85d7-44ee4e166bda" />
  </TestLists>
  <TestEntries>
    <TestEntry testId="97ca9c93-9134-7453-4b0e-bfdec1fb6fa4" executionId="4547d752-088e-4f97-8406-a6e6ffc271f4" testListId="8c84fa94-04c1-424b-9868-57a2d4851a1d" />
  </TestEntries>
  <Results>
    <UnitTestResult executionId="4547d752-088e-4f97-8406-a6e6ffc271f4" testId="97ca9c93-9134-7453-4b0e-bfdec1fb6fa4" testName="prod_online_server" computerName="NETBOOK" duration="00:00:06.1423513" startTime="2011-05-28T20:12:02.6379906+02:00" endTime="2011-05-28T20:12:08.7803419+02:00" testType="13cdc9d9-ddb5-4fa4-a97d-d965ccfc6d4b" outcome="Aborted" testListId="8c84fa94-04c1-424b-9868-57a2d4851a1d" relativeResultsDirectory="4547d752-088e-4f97-8406-a6e6ffc271f4">
    </UnitTestResult>
  </Results>
</TestRun>