<?xml version="1.0" encoding="UTF-8"?>
<TestRun id="cb4fd114-9b26-4aae-af08-12538b2b5620" name="avi@NETBOOK 2011-07-26 08:04:07" runUser="netbook\avi" xmlns="http://microsoft.com/schemas/VisualStudio/TeamTest/2010">
  <TestSettings name="Local" id="8ca21acd-1fe6-4269-b5af-3ea22afc0391">
    <Description>These are default test settings for a local test run.</Description>
    <Deployment runDeploymentRoot="avi_NETBOOK 2011-07-26 08_04_07">
      <DeploymentItem filename="bin\Configuration.xml" />
      <DeploymentItem filename="D:\work\NConfig\NConfig\bin\Server.exe" />
      <DeploymentItem filename="NConfigTests\bin\Debug\TestConfiguration.xml" />
      <DeploymentItem filename="D:\work\NConfig\NConfig\NConfig\bin\Debug\NConfig.dll" />
      <DeploymentItem filename="D:\work\NConfig\NConfig\NConfig.XML\bin\Debug\NConfig.XML.dll" />
      <DeploymentItem filename="D:\work\NConfig\NConfig\bin\Common.dll" />
    </Deployment>
    <Execution>
      <TestTypeSpecific>
        <UnitTestRunConfig testTypeId="13cdc9d9-ddb5-4fa4-a97d-d965ccfc6d4b">
          <AssemblyResolution>
            <TestDirectory useLoadContext="true" />
          </AssemblyResolution>
        </UnitTestRunConfig>
        <WebTestRunConfiguration testTypeId="4e7599fa-5ecb-43e9-a887-cd63cf72d207">
          <Browser name="Internet Explorer 7.0">
            <Headers>
              <Header name="User-Agent" value="Mozilla/4.0 (compatible; MSIE 7.0; Windows NT 5.1)" />
              <Header name="Accept" value="*/*" />
              <Header name="Accept-Language" value="{{$IEAcceptLanguage}}" />
              <Header name="Accept-Encoding" value="GZIP" />
            </Headers>
          </Browser>
        </WebTestRunConfiguration>
      </TestTypeSpecific>
      <AgentRule name="LocalMachineDefaultRole">
      </AgentRule>
    </Execution>
  </TestSettings>
  <Times creation="2011-07-26T08:04:07.4118334+02:00" queuing="2011-07-26T08:04:14.0872152+02:00" start="2011-07-26T08:04:16.3763461+02:00" finish="2011-07-26T08:04:38.3326020+02:00" />
  <ResultSummary outcome="Error">
    <Counters total="1" executed="1" error="0" failed="0" timeout="0" aborted="1" inconclusive="0" passedButRunAborted="0" notRunnable="0" notExecuted="0" disconnected="0" warning="0" passed="0" completed="0" inProgress="0" pending="0" />
    <RunInfos>
      <RunInfo computerName="NETBOOK" outcome="Error" timestamp="2011-07-26T08:04:38.3026002+02:00">
        <Text>Test host process exited unexpectedly.</Text>
      </RunInfo>
    </RunInfos>
  </ResultSummary>
  <TestDefinitions>
    <UnitTest name="ProxyFactory" storage="d:\work\nconfig\nconfig\sampletests\bin\debug\sampletests.dll" id="c1e4408b-98d5-3ce5-f3d2-774a3f078a42">
      <Execution id="3cbbc4a7-533d-4f55-a8b4-e5b495706842" />
      <TestMethod codeBase="D:/work/NConfig/NConfig/SampleTests/bin/Debug/SampleTests.DLL" adapterTypeName="Microsoft.VisualStudio.TestTools.TestTypes.Unit.UnitTestAdapter, Microsoft.VisualStudio.QualityTools.Tips.UnitTest.Adapter, Version=10.0.0.0, Culture=neutral, PublicKeyToken=b03f5f7f11d50a3a" className="SampleTests.ConfigurationTest, SampleTests, Version=1.0.0.0, Culture=neutral, PublicKeyToken=null" name="ProxyFactory" />
    </UnitTest>
  </TestDefinitions>
  <TestLists>
    <TestList name="Results Not in a List" id="8c84fa94-04c1-424b-9868-57a2d4851a1d" />
    <TestList name="All Loaded Results" id="19431567-8539-422a-85d7-44ee4e166bda" />
  </TestLists>
  <TestEntries>
    <TestEntry testId="c1e4408b-98d5-3ce5-f3d2-774a3f078a42" executionId="3cbbc4a7-533d-4f55-a8b4-e5b495706842" testListId="8c84fa94-04c1-424b-9868-57a2d4851a1d" />
  </TestEntries>
  <Results>
    <UnitTestResult executionId="3cbbc4a7-533d-4f55-a8b4-e5b495706842" testId="c1e4408b-98d5-3ce5-f3d2-774a3f078a42" testName="ProxyFactory" computerName="NETBOOK" duration="00:00:21.1102075" startTime="2011-07-26T08:04:17.2193943+02:00" endTime="2011-07-26T08:04:38.3296018+02:00" testType="13cdc9d9-ddb5-4fa4-a97d-d965ccfc6d4b" outcome="Aborted" testListId="8c84fa94-04c1-424b-9868-57a2d4851a1d" relativeResultsDirectory="3cbbc4a7-533d-4f55-a8b4-e5b495706842">
    </UnitTestResult>
  </Results>
</TestRun>