<?xml version="1.0" encoding="UTF-8"?>
<TestRun id="a8286ab3-48a6-4262-a9c2-f4c38e40f801" name="avi@NETBOOK 2011-06-27 08:25:21" runUser="netbook\avi" xmlns="http://microsoft.com/schemas/VisualStudio/TeamTest/2010">
  <TestSettings name="Local" id="8ca21acd-1fe6-4269-b5af-3ea22afc0391">
    <Description>These are default test settings for a local test run.</Description>
    <Deployment runDeploymentRoot="avi_NETBOOK 2011-06-27 08_25_21">
      <DeploymentItem filename="D:\work\NConfig\NConfig\NConfig\bin\Debug\NConfig.dll" />
      <DeploymentItem filename="NConfigTests\bin\Debug\Configuration.xml" />
      <DeploymentItem filename="D:\work\NConfig\NConfig\NConfig.XML\bin\Debug\NConfig.XML.dll" />
    </Deployment>
    <Execution>
      <TestTypeSpecific>
        <UnitTestRunConfig testTypeId="13cdc9d9-ddb5-4fa4-a97d-d965ccfc6d4b">
          <AssemblyResolution>
            <TestDirectory useLoadContext="true" />
          </AssemblyResolution>
        </UnitTestRunConfig>
        <WebTestRunConfiguration testTypeId="4e7599fa-5ecb-43e9-a887-cd63cf72d207">
          <Browser name="Internet Explorer 7.0">
            <Headers>
              <Header name="User-Agent" value="Mozilla/4.0 (compatible; MSIE 7.0; Windows NT 5.1)" />
              <Header name="Accept" value="*/*" />
              <Header name="Accept-Language" value="{{$IEAcceptLanguage}}" />
              <Header name="Accept-Encoding" value="GZIP" />
            </Headers>
          </Browser>
        </WebTestRunConfiguration>
      </TestTypeSpecific>
      <AgentRule name="LocalMachineDefaultRole">
      </AgentRule>
    </Execution>
  </TestSettings>
  <Times creation="2011-06-27T08:25:21.5819324+02:00" queuing="2011-06-27T08:25:22.5939903+02:00" start="2011-06-27T08:25:23.0080140+02:00" finish="2011-06-27T08:25:26.5182148+02:00" />
  <ResultSummary outcome="Failed">
    <Counters total="7" executed="7" passed="1" error="0" failed="6" timeout="0" aborted="0" inconclusive="0" passedButRunAborted="0" notRunnable="0" notExecuted="0" disconnected="0" warning="0" completed="0" inProgress="0" pending="0" />
  </ResultSummary>
  <TestDefinitions>
    <UnitTest name="TestObjectModelConfiguration" storage="d:\work\nconfig\nconfig\nconfigtests\bin\debug\nconfigtests.dll" id="2cf1276e-4d69-e068-64a4-97a4cf52a267">
      <Execution id="40dcc22a-158c-46a5-9342-bcbfd3147a4b" />
      <TestMethod codeBase="D:/work/NConfig/NConfig/NConfigTests/bin/Debug/NConfigTests.DLL" adapterTypeName="Microsoft.VisualStudio.TestTools.TestTypes.Unit.UnitTestAdapter, Microsoft.VisualStudio.QualityTools.Tips.UnitTest.Adapter, Version=10.0.0.0, Culture=neutral, PublicKeyToken=b03f5f7f11d50a3a" className="TestProject1.UnitTest1, NConfigTests, Version=1.0.0.0, Culture=neutral, PublicKeyToken=null" name="TestObjectModelConfiguration" />
    </UnitTest>
    <UnitTest name="prod_onlineServer_auditService" storage="d:\work\nconfig\nconfig\nconfigtests\bin\debug\nconfigtests.dll" id="9d4357b5-d7c4-831c-928a-48dd0ce31ffa">
      <Execution id="1c82907e-8ebf-49ff-bd7a-db3310fab45d" />
      <TestMethod codeBase="D:/work/NConfig/NConfig/NConfigTests/bin/Debug/NConfigTests.DLL" adapterTypeName="Microsoft.VisualStudio.TestTools.TestTypes.Unit.UnitTestAdapter, Microsoft.VisualStudio.QualityTools.Tips.UnitTest.Adapter, Version=10.0.0.0, Culture=neutral, PublicKeyToken=b03f5f7f11d50a3a" className="TestProject1.FilterTest, NConfigTests, Version=1.0.0.0, Culture=neutral, PublicKeyToken=null" name="prod_onlineServer_auditService" />
    </UnitTest>
    <UnitTest name="prod_online_server" storage="d:\work\nconfig\nconfig\nconfigtests\bin\debug\nconfigtests.dll" id="97ca9c93-9134-7453-4b0e-bfdec1fb6fa4">
      <Execution id="6b84e700-8a33-4448-846e-3e56ff854045" />
      <TestMethod codeBase="D:/work/NConfig/NConfig/NConfigTests/bin/Debug/NConfigTests.DLL" adapterTypeName="Microsoft.VisualStudio.TestTools.TestTypes.Unit.UnitTestAdapter, Microsoft.VisualStudio.QualityTools.Tips.UnitTest.Adapter, Version=10.0.0.0, Culture=neutral, PublicKeyToken=b03f5f7f11d50a3a" className="TestProject1.FilterTest, NConfigTests, Version=1.0.0.0, Culture=neutral, PublicKeyToken=null" name="prod_online_server" />
    </UnitTest>
    <UnitTest name="dev_online_server" storage="d:\work\nconfig\nconfig\nconfigtests\bin\debug\nconfigtests.dll" id="56475e03-d89f-7a09-279d-5df85c0c2126">
      <Execution id="f457a8ff-80b2-4f23-a59b-c146588effe4" />
      <TestMethod codeBase="D:/work/NConfig/NConfig/NConfigTests/bin/Debug/NConfigTests.DLL" adapterTypeName="Microsoft.VisualStudio.TestTools.TestTypes.Unit.UnitTestAdapter, Microsoft.VisualStudio.QualityTools.Tips.UnitTest.Adapter, Version=10.0.0.0, Culture=neutral, PublicKeyToken=b03f5f7f11d50a3a" className="TestProject1.FilterTest, NConfigTests, Version=1.0.0.0, Culture=neutral, PublicKeyToken=null" name="dev_online_server" />
    </UnitTest>
    <UnitTest name="Dev_online_client" storage="d:\work\nconfig\nconfig\nconfigtests\bin\debug\nconfigtests.dll" id="38612a57-8d91-ea2c-a41c-d4bdf81f68b5">
      <Execution id="e6f9cd16-2be2-484c-b0e7-dd4706b4fb05" />
      <TestMethod codeBase="D:/work/NConfig/NConfig/NConfigTests/bin/Debug/NConfigTests.DLL" adapterTypeName="Microsoft.VisualStudio.TestTools.TestTypes.Unit.UnitTestAdapter, Microsoft.VisualStudio.QualityTools.Tips.UnitTest.Adapter, Version=10.0.0.0, Culture=neutral, PublicKeyToken=b03f5f7f11d50a3a" className="TestProject1.FilterTest, NConfigTests, Version=1.0.0.0, Culture=neutral, PublicKeyToken=null" name="Dev_online_client" />
    </UnitTest>
    <UnitTest name="TestXMLConfiguration" storage="d:\work\nconfig\nconfig\nconfigtests\bin\debug\nconfigtests.dll" id="97621574-0702-18aa-5b36-9e4c3d33fd05">
      <Execution id="437c562c-6ec0-4bc2-a9b7-8c26171d89b6" />
      <TestMethod codeBase="D:/work/NConfig/NConfig/NConfigTests/bin/Debug/NConfigTests.DLL" adapterTypeName="Microsoft.VisualStudio.TestTools.TestTypes.Unit.UnitTestAdapter, Microsoft.VisualStudio.QualityTools.Tips.UnitTest.Adapter, Version=10.0.0.0, Culture=neutral, PublicKeyToken=b03f5f7f11d50a3a" className="TestProject1.UnitTest1, NConfigTests, Version=1.0.0.0, Culture=neutral, PublicKeyToken=null" name="TestXMLConfiguration" />
    </UnitTest>
    <UnitTest name="prod_online_client" storage="d:\work\nconfig\nconfig\nconfigtests\bin\debug\nconfigtests.dll" id="089e4ce5-6edb-51f6-e152-6e7c3c46a941">
      <Execution id="96078e78-87fb-4a10-98ee-74bb33bf0151" />
      <TestMethod codeBase="D:/work/NConfig/NConfig/NConfigTests/bin/Debug/NConfigTests.DLL" adapterTypeName="Microsoft.VisualStudio.TestTools.TestTypes.Unit.UnitTestAdapter, Microsoft.VisualStudio.QualityTools.Tips.UnitTest.Adapter, Version=10.0.0.0, Culture=neutral, PublicKeyToken=b03f5f7f11d50a3a" className="TestProject1.FilterTest, NConfigTests, Version=1.0.0.0, Culture=neutral, PublicKeyToken=null" name="prod_online_client" />
    </UnitTest>
  </TestDefinitions>
  <TestLists>
    <TestList name="Results Not in a List" id="8c84fa94-04c1-424b-9868-57a2d4851a1d" />
    <TestList name="All Loaded Results" id="19431567-8539-422a-85d7-44ee4e166bda" />
  </TestLists>
  <TestEntries>
    <TestEntry testId="089e4ce5-6edb-51f6-e152-6e7c3c46a941" executionId="96078e78-87fb-4a10-98ee-74bb33bf0151" testListId="8c84fa94-04c1-424b-9868-57a2d4851a1d" />
    <TestEntry testId="2cf1276e-4d69-e068-64a4-97a4cf52a267" executionId="40dcc22a-158c-46a5-9342-bcbfd3147a4b" testListId="8c84fa94-04c1-424b-9868-57a2d4851a1d" />
    <TestEntry testId="38612a57-8d91-ea2c-a41c-d4bdf81f68b5" executionId="e6f9cd16-2be2-484c-b0e7-dd4706b4fb05" testListId="8c84fa94-04c1-424b-9868-57a2d4851a1d" />
    <TestEntry testId="56475e03-d89f-7a09-279d-5df85c0c2126" executionId="f457a8ff-80b2-4f23-a59b-c146588effe4" testListId="8c84fa94-04c1-424b-9868-57a2d4851a1d" />
    <TestEntry testId="97621574-0702-18aa-5b36-9e4c3d33fd05" executionId="437c562c-6ec0-4bc2-a9b7-8c26171d89b6" testListId="8c84fa94-04c1-424b-9868-57a2d4851a1d" />
    <TestEntry testId="97ca9c93-9134-7453-4b0e-bfdec1fb6fa4" executionId="6b84e700-8a33-4448-846e-3e56ff854045" testListId="8c84fa94-04c1-424b-9868-57a2d4851a1d" />
    <TestEntry testId="9d4357b5-d7c4-831c-928a-48dd0ce31ffa" executionId="1c82907e-8ebf-49ff-bd7a-db3310fab45d" testListId="8c84fa94-04c1-424b-9868-57a2d4851a1d" />
  </TestEntries>
  <Results>
    <UnitTestResult executionId="96078e78-87fb-4a10-98ee-74bb33bf0151" testId="089e4ce5-6edb-51f6-e152-6e7c3c46a941" testName="prod_online_client" computerName="NETBOOK" duration="00:00:00.3799495" startTime="2011-06-27T08:25:23.1560225+02:00" endTime="2011-06-27T08:25:25.7651717+02:00" testType="13cdc9d9-ddb5-4fa4-a97d-d965ccfc6d4b" outcome="Failed" testListId="8c84fa94-04c1-424b-9868-57a2d4851a1d" relativeResultsDirectory="96078e78-87fb-4a10-98ee-74bb33bf0151">
      <Output>
        <ErrorInfo>
          <Message>Test method TestProject1.FilterTest.prod_online_client threw exception: 
System.InvalidOperationException: Sequence contains no elements</Message>
          <StackTrace>    at System.Linq.Enumerable.Single[TSource](IEnumerable`1 source)
   at TestProject1.FilterTest.FilterItems() in D:\work\NConfig\NConfig\NConfigTests\FilterTest.cs:line 26
   at TestProject1.FilterTest.prod_online_client() in D:\work\NConfig\NConfig\NConfigTests\FilterTest.cs:line 129
</StackTrace>
        </ErrorInfo>
      </Output>
    </UnitTestResult>
    <UnitTestResult executionId="40dcc22a-158c-46a5-9342-bcbfd3147a4b" testId="2cf1276e-4d69-e068-64a4-97a4cf52a267" testName="TestObjectModelConfiguration" computerName="NETBOOK" duration="00:00:00.3105616" startTime="2011-06-27T08:25:25.7701720+02:00" endTime="2011-06-27T08:25:26.1051912+02:00" testType="13cdc9d9-ddb5-4fa4-a97d-d965ccfc6d4b" outcome="Passed" testListId="8c84fa94-04c1-424b-9868-57a2d4851a1d" relativeResultsDirectory="40dcc22a-158c-46a5-9342-bcbfd3147a4b">
      <Output>
        <DebugTrace>start filtering for context: environment:development\appType:onlineServer\ and items: 
1
environment-development
appType-onlineServer

2
environment-production
appType-onlineClient

start using rule: NConfig.Rules.WithSpecificOrALLRerefenceToSubjectRule
start filtering by runtimeContextItem: environment\development
items before: 
1
environment-development
appType-onlineServer

2
environment-production
appType-onlineClient

items after: 
1
environment-development
appType-onlineServer

start filtering by runtimeContextItem: appType\onlineServer
items before: 
1
environment-development
appType-onlineServer

items after: 
1
environment-development
appType-onlineServer

start using rule: NConfig.Rules.BestMatchRule
start filtering by runtimeContextItem: environment\development
items before: 
1
environment-development
appType-onlineServer

items after: 
1
environment-development
appType-onlineServer

start filtering by runtimeContextItem: appType\onlineServer
items before: 
1
environment-development
appType-onlineServer

items after: 
1
environment-development
appType-onlineServer

start filtering for context: environment:development\appType:onlineServer\ and items: 
name 1
environment-development
appType-onlineServer

name 2
environment-production
appType-onlineClient

start using rule: NConfig.Rules.WithSpecificOrALLRerefenceToSubjectRule
start filtering by runtimeContextItem: environment\development
items before: 
name 1
environment-development
appType-onlineServer

name 2
environment-production
appType-onlineClient

items after: 
name 1
environment-development
appType-onlineServer

start filtering by runtimeContextItem: appType\onlineServer
items before: 
name 1
environment-development
appType-onlineServer

items after: 
name 1
environment-development
appType-onlineServer

start using rule: NConfig.Rules.BestMatchRule
start filtering by runtimeContextItem: environment\development
items before: 
name 1
environment-development
appType-onlineServer

items after: 
name 1
environment-development
appType-onlineServer

start filtering by runtimeContextItem: appType\onlineServer
items before: 
name 1
environment-development
appType-onlineServer

items after: 
name 1
environment-development
appType-onlineServer

start filtering for context: environment:development\appType:onlineServer\ and items: 
1
environment-development
appType-onlineServer

2
environment-production
appType-onlineClient

1
environment-development
appType-onlineServer

2
environment-production
appType-onlineClient

start using rule: NConfig.Rules.WithSpecificOrALLRerefenceToSubjectRule
start filtering by runtimeContextItem: environment\development
items before: 
1
environment-development
appType-onlineServer

2
environment-production
appType-onlineClient

1
environment-development
appType-onlineServer

2
environment-production
appType-onlineClient

items after: 
1
environment-development
appType-onlineServer

1
environment-development
appType-onlineServer

start filtering by runtimeContextItem: appType\onlineServer
items before: 
1
environment-development
appType-onlineServer

1
environment-development
appType-onlineServer

items after: 
1
environment-development
appType-onlineServer

1
environment-development
appType-onlineServer

start using rule: NConfig.Rules.BestMatchRule
start filtering by runtimeContextItem: environment\development
items before: 
1
environment-development
appType-onlineServer

1
environment-development
appType-onlineServer

items after: 
1
environment-development
appType-onlineServer

1
environment-development
appType-onlineServer

start filtering by runtimeContextItem: appType\onlineServer
items before: 
1
environment-development
appType-onlineServer

1
environment-development
appType-onlineServer

items after: 
1
environment-development
appType-onlineServer

1
environment-development
appType-onlineServer

start filtering for context: environment:development\appType:onlineServer\ and items: 
1
environment-development
appType-onlineServer

2
environment-production
appType-onlineClient

1
environment-development
appType-onlineServer

2
environment-production
appType-onlineClient

start using rule: NConfig.Rules.WithSpecificOrALLRerefenceToSubjectRule
start filtering by runtimeContextItem: environment\development
items before: 
1
environment-development
appType-onlineServer

2
environment-production
appType-onlineClient

1
environment-development
appType-onlineServer

2
environment-production
appType-onlineClient

items after: 
1
environment-development
appType-onlineServer

1
environment-development
appType-onlineServer

start filtering by runtimeContextItem: appType\onlineServer
items before: 
1
environment-development
appType-onlineServer

1
environment-development
appType-onlineServer

items after: 
1
environment-development
appType-onlineServer

1
environment-development
appType-onlineServer

start using rule: NConfig.Rules.BestMatchRule
start filtering by runtimeContextItem: environment\development
items before: 
1
environment-development
appType-onlineServer

1
environment-development
appType-onlineServer

items after: 
1
environment-development
appType-onlineServer

1
environment-development
appType-onlineServer

start filtering by runtimeContextItem: appType\onlineServer
items before: 
1
environment-development
appType-onlineServer

1
environment-development
appType-onlineServer

items after: 
1
environment-development
appType-onlineServer

1
environment-development
appType-onlineServer

start filtering for context: environment:development\appType:onlineServer\ and items: 
1:one
environment-development
appType-onlineServer

2:two
environment-production
appType-onlineClient

3:three
environment-development
appType-onlineServer

4:four
environment-production
appType-onlineClient

start using rule: NConfig.Rules.WithSpecificOrALLRerefenceToSubjectRule
start filtering by runtimeContextItem: environment\development
items before: 
1:one
environment-development
appType-onlineServer

2:two
environment-production
appType-onlineClient

3:three
environment-development
appType-onlineServer

4:four
environment-production
appType-onlineClient

items after: 
1:one
environment-development
appType-onlineServer

3:three
environment-development
appType-onlineServer

start filtering by runtimeContextItem: appType\onlineServer
items before: 
1:one
environment-development
appType-onlineServer

3:three
environment-development
appType-onlineServer

items after: 
1:one
environment-development
appType-onlineServer

3:three
environment-development
appType-onlineServer

start using rule: NConfig.Rules.BestMatchRule
start filtering by runtimeContextItem: environment\development
items before: 
1:one
environment-development
appType-onlineServer

3:three
environment-development
appType-onlineServer

items after: 
1:one
environment-development
appType-onlineServer

3:three
environment-development
appType-onlineServer

start filtering by runtimeContextItem: appType\onlineServer
items before: 
1:one
environment-development
appType-onlineServer

3:three
environment-development
appType-onlineServer

items after: 
1:one
environment-development
appType-onlineServer

3:three
environment-development
appType-onlineServer

</DebugTrace>
      </Output>
    </UnitTestResult>
    <UnitTestResult executionId="e6f9cd16-2be2-484c-b0e7-dd4706b4fb05" testId="38612a57-8d91-ea2c-a41c-d4bdf81f68b5" testName="Dev_online_client" computerName="NETBOOK" duration="00:00:00.0062034" startTime="2011-06-27T08:25:26.1251923+02:00" endTime="2011-06-27T08:25:26.1581942+02:00" testType="13cdc9d9-ddb5-4fa4-a97d-d965ccfc6d4b" outcome="Failed" testListId="8c84fa94-04c1-424b-9868-57a2d4851a1d" relativeResultsDirectory="e6f9cd16-2be2-484c-b0e7-dd4706b4fb05">
      <Output>
        <ErrorInfo>
          <Message>Test method TestProject1.FilterTest.Dev_online_client threw exception: 
System.InvalidOperationException: Sequence contains no elements</Message>
          <StackTrace>    at System.Linq.Enumerable.Single[TSource](IEnumerable`1 source)
   at TestProject1.FilterTest.FilterItems() in D:\work\NConfig\NConfig\NConfigTests\FilterTest.cs:line 26
   at TestProject1.FilterTest.Dev_online_client() in D:\work\NConfig\NConfig\NConfigTests\FilterTest.cs:line 76
</StackTrace>
        </ErrorInfo>
      </Output>
    </UnitTestResult>
    <UnitTestResult executionId="f457a8ff-80b2-4f23-a59b-c146588effe4" testId="56475e03-d89f-7a09-279d-5df85c0c2126" testName="dev_online_server" computerName="NETBOOK" duration="00:00:00.0261903" startTime="2011-06-27T08:25:26.1611944+02:00" endTime="2011-06-27T08:25:26.2441991+02:00" testType="13cdc9d9-ddb5-4fa4-a97d-d965ccfc6d4b" outcome="Failed" testListId="8c84fa94-04c1-424b-9868-57a2d4851a1d" relativeResultsDirectory="f457a8ff-80b2-4f23-a59b-c146588effe4">
      <Output>
        <ErrorInfo>
          <Message>Test method TestProject1.FilterTest.dev_online_server threw exception: 
System.InvalidOperationException: Sequence contains no elements</Message>
          <StackTrace>    at System.Linq.Enumerable.Single[TSource](IEnumerable`1 source)
   at TestProject1.FilterTest.FilterItems() in D:\work\NConfig\NConfig\NConfigTests\FilterTest.cs:line 26
   at TestProject1.FilterTest.dev_online_server() in D:\work\NConfig\NConfig\NConfigTests\FilterTest.cs:line 93
</StackTrace>
        </ErrorInfo>
      </Output>
    </UnitTestResult>
    <UnitTestResult executionId="437c562c-6ec0-4bc2-a9b7-8c26171d89b6" testId="97621574-0702-18aa-5b36-9e4c3d33fd05" testName="TestXMLConfiguration" computerName="NETBOOK" duration="00:00:00.0333817" startTime="2011-06-27T08:25:26.2491994+02:00" endTime="2011-06-27T08:25:26.3222036+02:00" testType="13cdc9d9-ddb5-4fa4-a97d-d965ccfc6d4b" outcome="Failed" testListId="8c84fa94-04c1-424b-9868-57a2d4851a1d" relativeResultsDirectory="437c562c-6ec0-4bc2-a9b7-8c26171d89b6">
      <Output>
        <ErrorInfo>
          <Message>Test method TestProject1.UnitTest1.TestXMLConfiguration threw exception: 
System.ArgumentException: An item with the same key has already been added.</Message>
          <StackTrace>    at System.ThrowHelper.ThrowArgumentException(ExceptionResource resource)
   at System.Collections.Generic.Dictionary`2.Insert(TKey key, TValue value, Boolean add)
   at System.Collections.Generic.Dictionary`2.Add(TKey key, TValue value)
   at TestProject1.UnitTest1.&lt;TestXMLConfiguration&gt;b__8(IDictionary`2 context) in D:\work\NConfig\NConfig\NConfigTests\UnitTest1.cs:line 157
   at NConfig.BuilderExtensions.SetRuntimeContext(ConfigurationServiceBuilder source, Action`1 setRuntimeContext) in D:\work\NConfig\NConfig\NConfig\Extensions\BuilderExtensions.cs:line 51
   at TestProject1.UnitTest1.TestXMLConfiguration() in D:\work\NConfig\NConfig\NConfigTests\UnitTest1.cs:line 153
</StackTrace>
        </ErrorInfo>
      </Output>
    </UnitTestResult>
    <UnitTestResult executionId="6b84e700-8a33-4448-846e-3e56ff854045" testId="97ca9c93-9134-7453-4b0e-bfdec1fb6fa4" testName="prod_online_server" computerName="NETBOOK" duration="00:00:00.0077635" startTime="2011-06-27T08:25:26.3462049+02:00" endTime="2011-06-27T08:25:26.3762067+02:00" testType="13cdc9d9-ddb5-4fa4-a97d-d965ccfc6d4b" outcome="Failed" testListId="8c84fa94-04c1-424b-9868-57a2d4851a1d" relativeResultsDirectory="6b84e700-8a33-4448-846e-3e56ff854045">
      <Output>
        <ErrorInfo>
          <Message>Test method TestProject1.FilterTest.prod_online_server threw exception: 
System.InvalidOperationException: Sequence contains no elements</Message>
          <StackTrace>    at System.Linq.Enumerable.Single[TSource](IEnumerable`1 source)
   at TestProject1.FilterTest.FilterItems() in D:\work\NConfig\NConfig\NConfigTests\FilterTest.cs:line 26
   at TestProject1.FilterTest.prod_online_server() in D:\work\NConfig\NConfig\NConfigTests\FilterTest.cs:line 111
</StackTrace>
        </ErrorInfo>
      </Output>
    </UnitTestResult>
    <UnitTestResult executionId="1c82907e-8ebf-49ff-bd7a-db3310fab45d" testId="9d4357b5-d7c4-831c-928a-48dd0ce31ffa" testName="prod_onlineServer_auditService" computerName="NETBOOK" duration="00:00:00.0062126" startTime="2011-06-27T08:25:26.3972079+02:00" endTime="2011-06-27T08:25:26.4202092+02:00" testType="13cdc9d9-ddb5-4fa4-a97d-d965ccfc6d4b" outcome="Failed" testListId="8c84fa94-04c1-424b-9868-57a2d4851a1d" relativeResultsDirectory="1c82907e-8ebf-49ff-bd7a-db3310fab45d">
      <Output>
        <ErrorInfo>
          <Message>Test method TestProject1.FilterTest.prod_onlineServer_auditService threw exception: 
System.InvalidOperationException: Sequence contains no elements</Message>
          <StackTrace>    at System.Linq.Enumerable.Single[TSource](IEnumerable`1 source)
   at TestProject1.FilterTest.FilterItems() in D:\work\NConfig\NConfig\NConfigTests\FilterTest.cs:line 26
   at TestProject1.FilterTest.prod_onlineServer_auditService() in D:\work\NConfig\NConfig\NConfigTests\FilterTest.cs:line 147
</StackTrace>
        </ErrorInfo>
      </Output>
    </UnitTestResult>
  </Results>
</TestRun>