<?xml version="1.0" encoding="UTF-8"?>
<TestRun id="1391c678-5279-43cc-b079-eac73872022b" name="avi@NETBOOK 2011-08-08 08:55:36" runUser="netbook\avi" xmlns="http://microsoft.com/schemas/VisualStudio/TeamTest/2010">
  <TestSettings name="Local" id="8ca21acd-1fe6-4269-b5af-3ea22afc0391">
    <Description>These are default test settings for a local test run.</Description>
    <Deployment runDeploymentRoot="avi_NETBOOK 2011-08-08 08_55_36">
      <DeploymentItem filename="D:\work\NConfig\NConfig\bin\Castle.Core.dll" />
      <DeploymentItem filename="D:\work\NConfig\NConfig\NConfig.XML\bin\Debug\NConfig.XML.dll" />
      <DeploymentItem filename="D:\work\NConfig\NConfig\NConfig.Testing\bin\Debug\NConfig.Testing.dll" />
      <DeploymentItem filename="D:\work\NConfig\NConfig\NConfig.Windsor\bin\Debug\NConfig.Windsor.dll" />
      <DeploymentItem filename="D:\work\NConfig\NConfig\NConfig.Windsor\Castle.Core.dll" />
      <DeploymentItem filename="Server\bin\Debug\Configuration.xml" />
      <DeploymentItem filename="NConfigTests\bin\Debug\TestConfiguration.xml" />
      <DeploymentItem filename="D:\work\NConfig\NConfig\bin\Castle.Windsor.dll" />
      <DeploymentItem filename="D:\work\NConfig\NConfig\NConfig.Windsor\Castle.Windsor.dll" />
      <DeploymentItem filename="D:\work\NConfig\NConfig\NConfig\bin\Debug\NConfig.dll" />
      <DeploymentItem filename="D:\work\NConfig\NConfig\Client\bin\Debug\Client.exe" />
      <DeploymentItem filename="D:\work\NConfig\NConfig\Server\bin\Debug\Server.exe" />
      <DeploymentItem filename="D:\work\NConfig\NConfig\Common\bin\Debug\Common.dll" />
    </Deployment>
    <Execution>
      <TestTypeSpecific>
        <UnitTestRunConfig testTypeId="13cdc9d9-ddb5-4fa4-a97d-d965ccfc6d4b">
          <AssemblyResolution>
            <TestDirectory useLoadContext="true" />
          </AssemblyResolution>
        </UnitTestRunConfig>
        <WebTestRunConfiguration testTypeId="4e7599fa-5ecb-43e9-a887-cd63cf72d207">
          <Browser name="Internet Explorer 7.0">
            <Headers>
              <Header name="User-Agent" value="Mozilla/4.0 (compatible; MSIE 7.0; Windows NT 5.1)" />
              <Header name="Accept" value="*/*" />
              <Header name="Accept-Language" value="{{$IEAcceptLanguage}}" />
              <Header name="Accept-Encoding" value="GZIP" />
            </Headers>
          </Browser>
        </WebTestRunConfiguration>
      </TestTypeSpecific>
      <AgentRule name="LocalMachineDefaultRole">
      </AgentRule>
    </Execution>
  </TestSettings>
  <Times creation="2011-08-08T08:55:36.1230507+02:00" queuing="2011-08-08T08:55:42.2494011+02:00" start="2011-08-08T08:55:42.9774428+02:00" finish="2011-08-08T08:55:52.5669913+02:00" />
  <ResultSummary outcome="Completed">
    <Counters total="28" executed="28" passed="28" error="0" failed="0" timeout="0" aborted="0" inconclusive="0" passedButRunAborted="0" notRunnable="0" notExecuted="0" disconnected="0" warning="0" completed="0" inProgress="0" pending="0" />
  </ResultSummary>
  <TestDefinitions>
    <UnitTest name="some_secure_path_on_production_client_machine_with_some_log_owner" storage="d:\work\nconfig\nconfig\sampletests\bin\debug\sampletests.dll" id="e2a68799-674d-3147-3755-51b0eb77bd1a">
      <Execution id="f5b16557-a217-4137-859d-03fec6478902" />
      <TestMethod codeBase="D:/work/NConfig/NConfig/SampleTests/bin/Debug/SampleTests.DLL" adapterTypeName="Microsoft.VisualStudio.TestTools.TestTypes.Unit.UnitTestAdapter, Microsoft.VisualStudio.QualityTools.Tips.UnitTest.Adapter, Version=10.0.0.0, Culture=neutral, PublicKeyToken=b03f5f7f11d50a3a" className="SampleTests.LoggingConfigurationTest, SampleTests, Version=1.0.0.0, Culture=neutral, PublicKeyToken=null" name="some_secure_path_on_production_client_machine_with_some_log_owner" />
    </UnitTest>
    <UnitTest name="prod_onlineServer_auditService" storage="d:\work\nconfig\nconfig\nconfigtests\bin\debug\nconfig.tests.dll" id="357c4318-c11f-93f7-f252-98bfca53e32a">
      <Execution id="0acb21e1-0b1c-4568-a3ff-bdfd225ffa9e" />
      <TestMethod codeBase="D:/work/NConfig/NConfig/NConfigTests/bin/Debug/NConfig.Tests.DLL" adapterTypeName="Microsoft.VisualStudio.TestTools.TestTypes.Unit.UnitTestAdapter, Microsoft.VisualStudio.QualityTools.Tips.UnitTest.Adapter, Version=10.0.0.0, Culture=neutral, PublicKeyToken=b03f5f7f11d50a3a" className="NConfig.Tests.FilterPolicySingleValueTest, NConfig.Tests, Version=1.0.0.0, Culture=neutral, PublicKeyToken=null" name="prod_onlineServer_auditService" />
    </UnitTest>
    <UnitTest name="ProductsService_and_machine2" storage="d:\work\nconfig\nconfig\sampletests\bin\debug\sampletests.dll" id="4fabb609-1d43-0d12-36a0-c6bf0e878713">
      <Execution id="dfabbee7-9aba-418e-9364-eea60477a1b7" />
      <TestMethod codeBase="D:/work/NConfig/NConfig/SampleTests/bin/Debug/SampleTests.DLL" adapterTypeName="Microsoft.VisualStudio.TestTools.TestTypes.Unit.UnitTestAdapter, Microsoft.VisualStudio.QualityTools.Tips.UnitTest.Adapter, Version=10.0.0.0, Culture=neutral, PublicKeyToken=b03f5f7f11d50a3a" className="SampleTests.LoggingConfigurationTest, SampleTests, Version=1.0.0.0, Culture=neutral, PublicKeyToken=null" name="ProductsService_and_machine2" />
    </UnitTest>
    <UnitTest name="Test1" storage="d:\work\nconfig\nconfig\nconfigtests\bin\debug\nconfig.tests.dll" id="68eb0417-dab8-6b25-a0a9-0a7a95c92efe">
      <Execution id="aa0fa826-9d22-4064-883b-06cad7c69402" />
      <TestMethod codeBase="D:/work/NConfig/NConfig/NConfigTests/bin/Debug/NConfig.Tests.DLL" adapterTypeName="Microsoft.VisualStudio.TestTools.TestTypes.Unit.UnitTestAdapter, Microsoft.VisualStudio.QualityTools.Tips.UnitTest.Adapter, Version=10.0.0.0, Culture=neutral, PublicKeyToken=b03f5f7f11d50a3a" className="NConfig.Tests.BestMatchRuleTest, NConfig.Tests, Version=1.0.0.0, Culture=neutral, PublicKeyToken=null" name="Test1" />
    </UnitTest>
    <UnitTest name="auditService_appServer_prod_UpdateCustomer" storage="d:\work\nconfig\nconfig\nconfigtests\bin\debug\nconfig.tests.dll" id="31ad7b39-df69-4841-24c6-23bb75f0e170">
      <Execution id="517b31c6-d94c-440c-a059-64e26d9f5b5e" />
      <TestMethod codeBase="D:/work/NConfig/NConfig/NConfigTests/bin/Debug/NConfig.Tests.DLL" adapterTypeName="Microsoft.VisualStudio.TestTools.TestTypes.Unit.UnitTestAdapter, Microsoft.VisualStudio.QualityTools.Tips.UnitTest.Adapter, Version=10.0.0.0, Culture=neutral, PublicKeyToken=b03f5f7f11d50a3a" className="NConfig.Tests.FilterPolicySingleValueTest, NConfig.Tests, Version=1.0.0.0, Culture=neutral, PublicKeyToken=null" name="auditService_appServer_prod_UpdateCustomer" />
    </UnitTest>
    <UnitTest name="ServicesConfig" storage="d:\work\nconfig\nconfig\sampletests\bin\debug\sampletests.dll" id="2f5ba79d-f4e7-d0ad-8d6e-818d1a1e68ab">
      <Execution id="3f21fb68-aac6-48f6-967b-f4eef1b7ae00" />
      <TestMethod codeBase="D:/work/NConfig/NConfig/SampleTests/bin/Debug/SampleTests.DLL" adapterTypeName="Microsoft.VisualStudio.TestTools.TestTypes.Unit.UnitTestAdapter, Microsoft.VisualStudio.QualityTools.Tips.UnitTest.Adapter, Version=10.0.0.0, Culture=neutral, PublicKeyToken=b03f5f7f11d50a3a" className="SampleTests.ConfigurationTest, SampleTests, Version=1.0.0.0, Culture=neutral, PublicKeyToken=null" name="ServicesConfig" />
    </UnitTest>
    <UnitTest name="login_folder_path_for_login_service_and_applicationServer_check_with_other_references" storage="d:\work\nconfig\nconfig\sampletests\bin\debug\sampletests.dll" id="7f98b5a3-1f27-bd6b-b2c5-006de2bb94f3">
      <Execution id="e5013182-8f29-410e-9b81-f12827441bc7" />
      <TestMethod codeBase="D:/work/NConfig/NConfig/SampleTests/bin/Debug/SampleTests.DLL" adapterTypeName="Microsoft.VisualStudio.TestTools.TestTypes.Unit.UnitTestAdapter, Microsoft.VisualStudio.QualityTools.Tips.UnitTest.Adapter, Version=10.0.0.0, Culture=neutral, PublicKeyToken=b03f5f7f11d50a3a" className="SampleTests.LoggingConfigurationTest, SampleTests, Version=1.0.0.0, Culture=neutral, PublicKeyToken=null" name="login_folder_path_for_login_service_and_applicationServer_check_with_other_references" />
    </UnitTest>
    <UnitTest name="login_folder_path_for_login_service_and_applicationServer" storage="d:\work\nconfig\nconfig\sampletests\bin\debug\sampletests.dll" id="6d5c7ddc-b4bb-3dc0-5b01-f37b1322e78c">
      <Execution id="5601d576-c44c-4300-8ccf-c79afb66d56b" />
      <TestMethod codeBase="D:/work/NConfig/NConfig/SampleTests/bin/Debug/SampleTests.DLL" adapterTypeName="Microsoft.VisualStudio.TestTools.TestTypes.Unit.UnitTestAdapter, Microsoft.VisualStudio.QualityTools.Tips.UnitTest.Adapter, Version=10.0.0.0, Culture=neutral, PublicKeyToken=b03f5f7f11d50a3a" className="SampleTests.LoggingConfigurationTest, SampleTests, Version=1.0.0.0, Culture=neutral, PublicKeyToken=null" name="login_folder_path_for_login_service_and_applicationServer" />
    </UnitTest>
    <UnitTest name="ServiceContractConfig_for_IProductsService" storage="d:\work\nconfig\nconfig\sampletests\bin\debug\sampletests.dll" id="feae247b-ce9c-107e-a609-befa56a63221">
      <Execution id="c08a0766-dd8b-4b46-bb2b-db3c353989ae" />
      <TestMethod codeBase="D:/work/NConfig/NConfig/SampleTests/bin/Debug/SampleTests.DLL" adapterTypeName="Microsoft.VisualStudio.TestTools.TestTypes.Unit.UnitTestAdapter, Microsoft.VisualStudio.QualityTools.Tips.UnitTest.Adapter, Version=10.0.0.0, Culture=neutral, PublicKeyToken=b03f5f7f11d50a3a" className="SampleTests.ConfigurationTest, SampleTests, Version=1.0.0.0, Culture=neutral, PublicKeyToken=null" name="ServiceContractConfig_for_IProductsService" />
    </UnitTest>
    <UnitTest name="auditService_appServer_prod_GetAllCustomers" storage="d:\work\nconfig\nconfig\nconfigtests\bin\debug\nconfig.tests.dll" id="c83e054a-d14a-a089-eb54-fbcccf928366">
      <Execution id="904c39af-2674-449d-bdbb-d3ff69727cd1" />
      <TestMethod codeBase="D:/work/NConfig/NConfig/NConfigTests/bin/Debug/NConfig.Tests.DLL" adapterTypeName="Microsoft.VisualStudio.TestTools.TestTypes.Unit.UnitTestAdapter, Microsoft.VisualStudio.QualityTools.Tips.UnitTest.Adapter, Version=10.0.0.0, Culture=neutral, PublicKeyToken=b03f5f7f11d50a3a" className="NConfig.Tests.FilterPolicySingleValueTest, NConfig.Tests, Version=1.0.0.0, Culture=neutral, PublicKeyToken=null" name="auditService_appServer_prod_GetAllCustomers" />
    </UnitTest>
    <UnitTest name="ProductsServiceAdapter_and_machine2" storage="d:\work\nconfig\nconfig\sampletests\bin\debug\sampletests.dll" id="a04cff4c-6678-8068-6f7f-c45673a4d091">
      <Execution id="fef20fdd-4f66-47ca-92d7-f2f7fbd69c2f" />
      <TestMethod codeBase="D:/work/NConfig/NConfig/SampleTests/bin/Debug/SampleTests.DLL" adapterTypeName="Microsoft.VisualStudio.TestTools.TestTypes.Unit.UnitTestAdapter, Microsoft.VisualStudio.QualityTools.Tips.UnitTest.Adapter, Version=10.0.0.0, Culture=neutral, PublicKeyToken=b03f5f7f11d50a3a" className="SampleTests.LoggingConfigurationTest, SampleTests, Version=1.0.0.0, Culture=neutral, PublicKeyToken=null" name="ProductsServiceAdapter_and_machine2" />
    </UnitTest>
    <UnitTest name="some_secure_path_on_production_client_machine" storage="d:\work\nconfig\nconfig\sampletests\bin\debug\sampletests.dll" id="9e0fd8cb-36e5-5dc7-0091-2c9faa630481">
      <Execution id="674c2dfc-5661-4c71-a355-ee86d1d62e1d" />
      <TestMethod codeBase="D:/work/NConfig/NConfig/SampleTests/bin/Debug/SampleTests.DLL" adapterTypeName="Microsoft.VisualStudio.TestTools.TestTypes.Unit.UnitTestAdapter, Microsoft.VisualStudio.QualityTools.Tips.UnitTest.Adapter, Version=10.0.0.0, Culture=neutral, PublicKeyToken=b03f5f7f11d50a3a" className="SampleTests.LoggingConfigurationTest, SampleTests, Version=1.0.0.0, Culture=neutral, PublicKeyToken=null" name="some_secure_path_on_production_client_machine" />
    </UnitTest>
    <UnitTest name="TestXMLConfiguration_load_from_file" storage="d:\work\nconfig\nconfig\nconfigtests\bin\debug\nconfig.tests.dll" id="ebac121c-774c-7382-9e07-eec0877ee019">
      <Execution id="ed6c2465-891d-4cf1-bad2-977809f67f28" />
      <TestMethod codeBase="D:/work/NConfig/NConfig/NConfigTests/bin/Debug/NConfig.Tests.DLL" adapterTypeName="Microsoft.VisualStudio.TestTools.TestTypes.Unit.UnitTestAdapter, Microsoft.VisualStudio.QualityTools.Tips.UnitTest.Adapter, Version=10.0.0.0, Culture=neutral, PublicKeyToken=b03f5f7f11d50a3a" className="NConfig.Tests.UnitTest1, NConfig.Tests, Version=1.0.0.0, Culture=neutral, PublicKeyToken=null" name="TestXMLConfiguration_load_from_file" />
    </UnitTest>
    <UnitTest name="aaa" storage="d:\work\nconfig\nconfig\nconfigtests\bin\debug\nconfig.tests.dll" id="5aa4e3a8-5df8-954e-6c99-969563df9fc3">
      <Execution id="b853e9f8-7486-45d9-adce-cb9a406a3348" />
      <TestMethod codeBase="D:/work/NConfig/NConfig/NConfigTests/bin/Debug/NConfig.Tests.DLL" adapterTypeName="Microsoft.VisualStudio.TestTools.TestTypes.Unit.UnitTestAdapter, Microsoft.VisualStudio.QualityTools.Tips.UnitTest.Adapter, Version=10.0.0.0, Culture=neutral, PublicKeyToken=b03f5f7f11d50a3a" className="NConfig.Tests.BestMatchRuleTest, NConfig.Tests, Version=1.0.0.0, Culture=neutral, PublicKeyToken=null" name="aaa" />
    </UnitTest>
    <UnitTest name="prod_online_server" storage="d:\work\nconfig\nconfig\nconfigtests\bin\debug\nconfig.tests.dll" id="0cce0639-31ca-e8e3-4d39-75679771d958">
      <Execution id="a5b54a08-9420-4cbc-aaa1-03103df22dce" />
      <TestMethod codeBase="D:/work/NConfig/NConfig/NConfigTests/bin/Debug/NConfig.Tests.DLL" adapterTypeName="Microsoft.VisualStudio.TestTools.TestTypes.Unit.UnitTestAdapter, Microsoft.VisualStudio.QualityTools.Tips.UnitTest.Adapter, Version=10.0.0.0, Culture=neutral, PublicKeyToken=b03f5f7f11d50a3a" className="NConfig.Tests.FilterPolicySingleValueTest, NConfig.Tests, Version=1.0.0.0, Culture=neutral, PublicKeyToken=null" name="prod_online_server" />
    </UnitTest>
    <UnitTest name="aa" storage="d:\work\nconfig\nconfig\nconfigtests\bin\debug\nconfig.tests.dll" id="b6ab9756-cf95-b5eb-7319-df0d1ac2108b">
      <Execution id="b6849345-2167-43da-8760-8beb7ac14a1a" />
      <TestMethod codeBase="D:/work/NConfig/NConfig/NConfigTests/bin/Debug/NConfig.Tests.DLL" adapterTypeName="Microsoft.VisualStudio.TestTools.TestTypes.Unit.UnitTestAdapter, Microsoft.VisualStudio.QualityTools.Tips.UnitTest.Adapter, Version=10.0.0.0, Culture=neutral, PublicKeyToken=b03f5f7f11d50a3a" className="NConfig.Tests.BestMatchRuleTest, NConfig.Tests, Version=1.0.0.0, Culture=neutral, PublicKeyToken=null" name="aa" />
    </UnitTest>
    <UnitTest name="Dev_online_client" storage="d:\work\nconfig\nconfig\nconfigtests\bin\debug\nconfig.tests.dll" id="81612c84-9e67-6bb3-5fdd-f6e1c0aaee54">
      <Execution id="a4f28e6e-5259-4928-b583-b6a0ecd49746" />
      <TestMethod codeBase="D:/work/NConfig/NConfig/NConfigTests/bin/Debug/NConfig.Tests.DLL" adapterTypeName="Microsoft.VisualStudio.TestTools.TestTypes.Unit.UnitTestAdapter, Microsoft.VisualStudio.QualityTools.Tips.UnitTest.Adapter, Version=10.0.0.0, Culture=neutral, PublicKeyToken=b03f5f7f11d50a3a" className="NConfig.Tests.FilterPolicySingleValueTest, NConfig.Tests, Version=1.0.0.0, Culture=neutral, PublicKeyToken=null" name="Dev_online_client" />
    </UnitTest>
    <UnitTest name="prod_online_client" storage="d:\work\nconfig\nconfig\nconfigtests\bin\debug\nconfig.tests.dll" id="88cb2420-bab5-c625-adf5-b51416e15f3c">
      <Execution id="c1f4817d-909e-4f17-83f3-e020514c52a1" />
      <TestMethod codeBase="D:/work/NConfig/NConfig/NConfigTests/bin/Debug/NConfig.Tests.DLL" adapterTypeName="Microsoft.VisualStudio.TestTools.TestTypes.Unit.UnitTestAdapter, Microsoft.VisualStudio.QualityTools.Tips.UnitTest.Adapter, Version=10.0.0.0, Culture=neutral, PublicKeyToken=b03f5f7f11d50a3a" className="NConfig.Tests.FilterPolicySingleValueTest, NConfig.Tests, Version=1.0.0.0, Culture=neutral, PublicKeyToken=null" name="prod_online_client" />
    </UnitTest>
    <UnitTest name="ServiceContractConfig_for_ILoginService" storage="d:\work\nconfig\nconfig\sampletests\bin\debug\sampletests.dll" id="9a9b86ab-6766-3e7f-0f9e-dfd8e201fb5e">
      <Execution id="a2def4ea-86c3-474c-b1ac-b8bdbbde41d3" />
      <TestMethod codeBase="D:/work/NConfig/NConfig/SampleTests/bin/Debug/SampleTests.DLL" adapterTypeName="Microsoft.VisualStudio.TestTools.TestTypes.Unit.UnitTestAdapter, Microsoft.VisualStudio.QualityTools.Tips.UnitTest.Adapter, Version=10.0.0.0, Culture=neutral, PublicKeyToken=b03f5f7f11d50a3a" className="SampleTests.ConfigurationTest, SampleTests, Version=1.0.0.0, Culture=neutral, PublicKeyToken=null" name="ServiceContractConfig_for_ILoginService" />
    </UnitTest>
    <UnitTest name="test2" storage="d:\work\nconfig\nconfig\nconfigtests\bin\debug\nconfig.tests.dll" id="d9af1d75-68cd-824c-5313-177c87cf728b">
      <Execution id="73cdf214-ec80-4b09-860b-d3eb4bd4f75a" />
      <TestMethod codeBase="D:/work/NConfig/NConfig/NConfigTests/bin/Debug/NConfig.Tests.DLL" adapterTypeName="Microsoft.VisualStudio.TestTools.TestTypes.Unit.UnitTestAdapter, Microsoft.VisualStudio.QualityTools.Tips.UnitTest.Adapter, Version=10.0.0.0, Culture=neutral, PublicKeyToken=b03f5f7f11d50a3a" className="NConfig.Tests.BestMatchRuleTest, NConfig.Tests, Version=1.0.0.0, Culture=neutral, PublicKeyToken=null" name="test2" />
    </UnitTest>
    <UnitTest name="auditService_appServer_Dev_updateCustomer" storage="d:\work\nconfig\nconfig\nconfigtests\bin\debug\nconfig.tests.dll" id="1848f59f-dcde-d8ba-f776-0b25437d84b6">
      <Execution id="39c1f656-c12a-49a0-9e85-f452cb87c37c" />
      <TestMethod codeBase="D:/work/NConfig/NConfig/NConfigTests/bin/Debug/NConfig.Tests.DLL" adapterTypeName="Microsoft.VisualStudio.TestTools.TestTypes.Unit.UnitTestAdapter, Microsoft.VisualStudio.QualityTools.Tips.UnitTest.Adapter, Version=10.0.0.0, Culture=neutral, PublicKeyToken=b03f5f7f11d50a3a" className="NConfig.Tests.FilterPolicySingleValueTest, NConfig.Tests, Version=1.0.0.0, Culture=neutral, PublicKeyToken=null" name="auditService_appServer_Dev_updateCustomer" />
    </UnitTest>
    <UnitTest name="TestObjectModelConfiguration" storage="d:\work\nconfig\nconfig\nconfigtests\bin\debug\nconfig.tests.dll" id="5d8e5a36-2169-9cd5-a3e6-85587870e8f6">
      <Execution id="4dbffbf4-d69c-42f4-bc51-66c15405d3c3" />
      <TestMethod codeBase="D:/work/NConfig/NConfig/NConfigTests/bin/Debug/NConfig.Tests.DLL" adapterTypeName="Microsoft.VisualStudio.TestTools.TestTypes.Unit.UnitTestAdapter, Microsoft.VisualStudio.QualityTools.Tips.UnitTest.Adapter, Version=10.0.0.0, Culture=neutral, PublicKeyToken=b03f5f7f11d50a3a" className="NConfig.Tests.UnitTest1, NConfig.Tests, Version=1.0.0.0, Culture=neutral, PublicKeyToken=null" name="TestObjectModelConfiguration" />
    </UnitTest>
    <UnitTest name="auditService_appServer_Dev_GetAllCustomers" storage="d:\work\nconfig\nconfig\nconfigtests\bin\debug\nconfig.tests.dll" id="86988aa3-e245-8763-5002-7aa6b57926c1">
      <Execution id="deadc8cf-c3f5-4f83-a56d-9046668b411d" />
      <TestMethod codeBase="D:/work/NConfig/NConfig/NConfigTests/bin/Debug/NConfig.Tests.DLL" adapterTypeName="Microsoft.VisualStudio.TestTools.TestTypes.Unit.UnitTestAdapter, Microsoft.VisualStudio.QualityTools.Tips.UnitTest.Adapter, Version=10.0.0.0, Culture=neutral, PublicKeyToken=b03f5f7f11d50a3a" className="NConfig.Tests.FilterPolicySingleValueTest, NConfig.Tests, Version=1.0.0.0, Culture=neutral, PublicKeyToken=null" name="auditService_appServer_Dev_GetAllCustomers" />
    </UnitTest>
    <UnitTest name="dev_online_server" storage="d:\work\nconfig\nconfig\nconfigtests\bin\debug\nconfig.tests.dll" id="ea2e3f01-2781-85d2-a937-3707125cbc23">
      <Execution id="263952e1-fd89-492e-bdf7-484a144f57f5" />
      <TestMethod codeBase="D:/work/NConfig/NConfig/NConfigTests/bin/Debug/NConfig.Tests.DLL" adapterTypeName="Microsoft.VisualStudio.TestTools.TestTypes.Unit.UnitTestAdapter, Microsoft.VisualStudio.QualityTools.Tips.UnitTest.Adapter, Version=10.0.0.0, Culture=neutral, PublicKeyToken=b03f5f7f11d50a3a" className="NConfig.Tests.FilterPolicySingleValueTest, NConfig.Tests, Version=1.0.0.0, Culture=neutral, PublicKeyToken=null" name="dev_online_server" />
    </UnitTest>
    <UnitTest name="one_value_with_specific_reference_and_one_with_ALL_reference" storage="d:\work\nconfig\nconfig\nconfigtests\bin\debug\nconfig.tests.dll" id="73586542-bb33-746b-6934-aa3f28ab2f57">
      <Execution id="6f00233c-0516-43b1-818c-64c2d49c6fbf" />
      <TestMethod codeBase="D:/work/NConfig/NConfig/NConfigTests/bin/Debug/NConfig.Tests.DLL" adapterTypeName="Microsoft.VisualStudio.TestTools.TestTypes.Unit.UnitTestAdapter, Microsoft.VisualStudio.QualityTools.Tips.UnitTest.Adapter, Version=10.0.0.0, Culture=neutral, PublicKeyToken=b03f5f7f11d50a3a" className="NConfig.Tests.BestMatchRuleTest, NConfig.Tests, Version=1.0.0.0, Culture=neutral, PublicKeyToken=null" name="one_value_with_specific_reference_and_one_with_ALL_reference" />
    </UnitTest>
    <UnitTest name="all_values_with_specific_references" storage="d:\work\nconfig\nconfig\nconfigtests\bin\debug\nconfig.tests.dll" id="1d783d32-0124-474a-5fb9-3ad630219c07">
      <Execution id="5c8d90ab-de1c-45b1-985c-a366b9f93f51" />
      <TestMethod codeBase="D:/work/NConfig/NConfig/NConfigTests/bin/Debug/NConfig.Tests.DLL" adapterTypeName="Microsoft.VisualStudio.TestTools.TestTypes.Unit.UnitTestAdapter, Microsoft.VisualStudio.QualityTools.Tips.UnitTest.Adapter, Version=10.0.0.0, Culture=neutral, PublicKeyToken=b03f5f7f11d50a3a" className="NConfig.Tests.BestMatchRuleTest, NConfig.Tests, Version=1.0.0.0, Culture=neutral, PublicKeyToken=null" name="all_values_with_specific_references" />
    </UnitTest>
    <UnitTest name="LoginServiceAdapter_and_machine2" storage="d:\work\nconfig\nconfig\sampletests\bin\debug\sampletests.dll" id="a779931e-b905-a2fc-df0c-713209133bd4">
      <Execution id="cc6b5fc4-956c-4c44-abd6-89250c83a760" />
      <TestMethod codeBase="D:/work/NConfig/NConfig/SampleTests/bin/Debug/SampleTests.DLL" adapterTypeName="Microsoft.VisualStudio.TestTools.TestTypes.Unit.UnitTestAdapter, Microsoft.VisualStudio.QualityTools.Tips.UnitTest.Adapter, Version=10.0.0.0, Culture=neutral, PublicKeyToken=b03f5f7f11d50a3a" className="SampleTests.LoggingConfigurationTest, SampleTests, Version=1.0.0.0, Culture=neutral, PublicKeyToken=null" name="LoginServiceAdapter_and_machine2" />
    </UnitTest>
    <UnitTest name="SingleServiceConfig" storage="d:\work\nconfig\nconfig\sampletests\bin\debug\sampletests.dll" id="2e5e4820-7858-87c9-43e3-908fd68e373c">
      <Execution id="32b96664-d810-4aa9-8bb1-c18c40405781" />
      <TestMethod codeBase="D:/work/NConfig/NConfig/SampleTests/bin/Debug/SampleTests.DLL" adapterTypeName="Microsoft.VisualStudio.TestTools.TestTypes.Unit.UnitTestAdapter, Microsoft.VisualStudio.QualityTools.Tips.UnitTest.Adapter, Version=10.0.0.0, Culture=neutral, PublicKeyToken=b03f5f7f11d50a3a" className="SampleTests.ConfigurationTest, SampleTests, Version=1.0.0.0, Culture=neutral, PublicKeyToken=null" name="SingleServiceConfig" />
    </UnitTest>
  </TestDefinitions>
  <TestLists>
    <TestList name="Results Not in a List" id="8c84fa94-04c1-424b-9868-57a2d4851a1d" />
    <TestList name="All Loaded Results" id="19431567-8539-422a-85d7-44ee4e166bda" />
  </TestLists>
  <TestEntries>
    <TestEntry testId="0cce0639-31ca-e8e3-4d39-75679771d958" executionId="a5b54a08-9420-4cbc-aaa1-03103df22dce" testListId="8c84fa94-04c1-424b-9868-57a2d4851a1d" />
    <TestEntry testId="1848f59f-dcde-d8ba-f776-0b25437d84b6" executionId="39c1f656-c12a-49a0-9e85-f452cb87c37c" testListId="8c84fa94-04c1-424b-9868-57a2d4851a1d" />
    <TestEntry testId="1d783d32-0124-474a-5fb9-3ad630219c07" executionId="5c8d90ab-de1c-45b1-985c-a366b9f93f51" testListId="8c84fa94-04c1-424b-9868-57a2d4851a1d" />
    <TestEntry testId="2e5e4820-7858-87c9-43e3-908fd68e373c" executionId="32b96664-d810-4aa9-8bb1-c18c40405781" testListId="8c84fa94-04c1-424b-9868-57a2d4851a1d" />
    <TestEntry testId="2f5ba79d-f4e7-d0ad-8d6e-818d1a1e68ab" executionId="3f21fb68-aac6-48f6-967b-f4eef1b7ae00" testListId="8c84fa94-04c1-424b-9868-57a2d4851a1d" />
    <TestEntry testId="31ad7b39-df69-4841-24c6-23bb75f0e170" executionId="517b31c6-d94c-440c-a059-64e26d9f5b5e" testListId="8c84fa94-04c1-424b-9868-57a2d4851a1d" />
    <TestEntry testId="357c4318-c11f-93f7-f252-98bfca53e32a" executionId="0acb21e1-0b1c-4568-a3ff-bdfd225ffa9e" testListId="8c84fa94-04c1-424b-9868-57a2d4851a1d" />
    <TestEntry testId="4fabb609-1d43-0d12-36a0-c6bf0e878713" executionId="dfabbee7-9aba-418e-9364-eea60477a1b7" testListId="8c84fa94-04c1-424b-9868-57a2d4851a1d" />
    <TestEntry testId="5aa4e3a8-5df8-954e-6c99-969563df9fc3" executionId="b853e9f8-7486-45d9-adce-cb9a406a3348" testListId="8c84fa94-04c1-424b-9868-57a2d4851a1d" />
    <TestEntry testId="5d8e5a36-2169-9cd5-a3e6-85587870e8f6" executionId="4dbffbf4-d69c-42f4-bc51-66c15405d3c3" testListId="8c84fa94-04c1-424b-9868-57a2d4851a1d" />
    <TestEntry testId="68eb0417-dab8-6b25-a0a9-0a7a95c92efe" executionId="aa0fa826-9d22-4064-883b-06cad7c69402" testListId="8c84fa94-04c1-424b-9868-57a2d4851a1d" />
    <TestEntry testId="6d5c7ddc-b4bb-3dc0-5b01-f37b1322e78c" executionId="5601d576-c44c-4300-8ccf-c79afb66d56b" testListId="8c84fa94-04c1-424b-9868-57a2d4851a1d" />
    <TestEntry testId="73586542-bb33-746b-6934-aa3f28ab2f57" executionId="6f00233c-0516-43b1-818c-64c2d49c6fbf" testListId="8c84fa94-04c1-424b-9868-57a2d4851a1d" />
    <TestEntry testId="7f98b5a3-1f27-bd6b-b2c5-006de2bb94f3" executionId="e5013182-8f29-410e-9b81-f12827441bc7" testListId="8c84fa94-04c1-424b-9868-57a2d4851a1d" />
    <TestEntry testId="81612c84-9e67-6bb3-5fdd-f6e1c0aaee54" executionId="a4f28e6e-5259-4928-b583-b6a0ecd49746" testListId="8c84fa94-04c1-424b-9868-57a2d4851a1d" />
    <TestEntry testId="86988aa3-e245-8763-5002-7aa6b57926c1" executionId="deadc8cf-c3f5-4f83-a56d-9046668b411d" testListId="8c84fa94-04c1-424b-9868-57a2d4851a1d" />
    <TestEntry testId="88cb2420-bab5-c625-adf5-b51416e15f3c" executionId="c1f4817d-909e-4f17-83f3-e020514c52a1" testListId="8c84fa94-04c1-424b-9868-57a2d4851a1d" />
    <TestEntry testId="9a9b86ab-6766-3e7f-0f9e-dfd8e201fb5e" executionId="a2def4ea-86c3-474c-b1ac-b8bdbbde41d3" testListId="8c84fa94-04c1-424b-9868-57a2d4851a1d" />
    <TestEntry testId="9e0fd8cb-36e5-5dc7-0091-2c9faa630481" executionId="674c2dfc-5661-4c71-a355-ee86d1d62e1d" testListId="8c84fa94-04c1-424b-9868-57a2d4851a1d" />
    <TestEntry testId="a04cff4c-6678-8068-6f7f-c45673a4d091" executionId="fef20fdd-4f66-47ca-92d7-f2f7fbd69c2f" testListId="8c84fa94-04c1-424b-9868-57a2d4851a1d" />
    <TestEntry testId="a779931e-b905-a2fc-df0c-713209133bd4" executionId="cc6b5fc4-956c-4c44-abd6-89250c83a760" testListId="8c84fa94-04c1-424b-9868-57a2d4851a1d" />
    <TestEntry testId="b6ab9756-cf95-b5eb-7319-df0d1ac2108b" executionId="b6849345-2167-43da-8760-8beb7ac14a1a" testListId="8c84fa94-04c1-424b-9868-57a2d4851a1d" />
    <TestEntry testId="c83e054a-d14a-a089-eb54-fbcccf928366" executionId="904c39af-2674-449d-bdbb-d3ff69727cd1" testListId="8c84fa94-04c1-424b-9868-57a2d4851a1d" />
    <TestEntry testId="d9af1d75-68cd-824c-5313-177c87cf728b" executionId="73cdf214-ec80-4b09-860b-d3eb4bd4f75a" testListId="8c84fa94-04c1-424b-9868-57a2d4851a1d" />
    <TestEntry testId="e2a68799-674d-3147-3755-51b0eb77bd1a" executionId="f5b16557-a217-4137-859d-03fec6478902" testListId="8c84fa94-04c1-424b-9868-57a2d4851a1d" />
    <TestEntry testId="ea2e3f01-2781-85d2-a937-3707125cbc23" executionId="263952e1-fd89-492e-bdf7-484a144f57f5" testListId="8c84fa94-04c1-424b-9868-57a2d4851a1d" />
    <TestEntry testId="ebac121c-774c-7382-9e07-eec0877ee019" executionId="ed6c2465-891d-4cf1-bad2-977809f67f28" testListId="8c84fa94-04c1-424b-9868-57a2d4851a1d" />
    <TestEntry testId="feae247b-ce9c-107e-a609-befa56a63221" executionId="c08a0766-dd8b-4b46-bb2b-db3c353989ae" testListId="8c84fa94-04c1-424b-9868-57a2d4851a1d" />
  </TestEntries>
  <Results>
    <UnitTestResult executionId="a5b54a08-9420-4cbc-aaa1-03103df22dce" testId="0cce0639-31ca-e8e3-4d39-75679771d958" testName="prod_online_server" computerName="NETBOOK" duration="00:00:00.0899837" startTime="2011-08-08T08:55:43.1924551+02:00" endTime="2011-08-08T08:55:45.8736084+02:00" testType="13cdc9d9-ddb5-4fa4-a97d-d965ccfc6d4b" outcome="Passed" testListId="8c84fa94-04c1-424b-9868-57a2d4851a1d" relativeResultsDirectory="a5b54a08-9420-4cbc-aaa1-03103df22dce">
    </UnitTestResult>
    <UnitTestResult executionId="39c1f656-c12a-49a0-9e85-f452cb87c37c" testId="1848f59f-dcde-d8ba-f776-0b25437d84b6" testName="auditService_appServer_Dev_updateCustomer" computerName="NETBOOK" duration="00:00:00.0025585" startTime="2011-08-08T08:55:45.9336119+02:00" endTime="2011-08-08T08:55:45.9956154+02:00" testType="13cdc9d9-ddb5-4fa4-a97d-d965ccfc6d4b" outcome="Passed" testListId="8c84fa94-04c1-424b-9868-57a2d4851a1d" relativeResultsDirectory="39c1f656-c12a-49a0-9e85-f452cb87c37c">
    </UnitTestResult>
    <UnitTestResult executionId="5c8d90ab-de1c-45b1-985c-a366b9f93f51" testId="1d783d32-0124-474a-5fb9-3ad630219c07" testName="all_values_with_specific_references" computerName="NETBOOK" duration="00:00:00.0105882" startTime="2011-08-08T08:55:46.0256171+02:00" endTime="2011-08-08T08:55:46.0726198+02:00" testType="13cdc9d9-ddb5-4fa4-a97d-d965ccfc6d4b" outcome="Passed" testListId="8c84fa94-04c1-424b-9868-57a2d4851a1d" relativeResultsDirectory="5c8d90ab-de1c-45b1-985c-a366b9f93f51">
    </UnitTestResult>
    <UnitTestResult executionId="32b96664-d810-4aa9-8bb1-c18c40405781" testId="2e5e4820-7858-87c9-43e3-908fd68e373c" testName="SingleServiceConfig" computerName="NETBOOK" duration="00:00:01.2146486" startTime="2011-08-08T08:55:46.1096219+02:00" endTime="2011-08-08T08:55:49.0457899+02:00" testType="13cdc9d9-ddb5-4fa4-a97d-d965ccfc6d4b" outcome="Passed" testListId="8c84fa94-04c1-424b-9868-57a2d4851a1d" relativeResultsDirectory="32b96664-d810-4aa9-8bb1-c18c40405781">
    </UnitTestResult>
    <UnitTestResult executionId="3f21fb68-aac6-48f6-967b-f4eef1b7ae00" testId="2f5ba79d-f4e7-d0ad-8d6e-818d1a1e68ab" testName="ServicesConfig" computerName="NETBOOK" duration="00:00:00.0143410" startTime="2011-08-08T08:55:49.0907924+02:00" endTime="2011-08-08T08:55:49.1447955+02:00" testType="13cdc9d9-ddb5-4fa4-a97d-d965ccfc6d4b" outcome="Passed" testListId="8c84fa94-04c1-424b-9868-57a2d4851a1d" relativeResultsDirectory="3f21fb68-aac6-48f6-967b-f4eef1b7ae00">
    </UnitTestResult>
    <UnitTestResult executionId="517b31c6-d94c-440c-a059-64e26d9f5b5e" testId="31ad7b39-df69-4841-24c6-23bb75f0e170" testName="auditService_appServer_prod_UpdateCustomer" computerName="NETBOOK" duration="00:00:00.0023497" startTime="2011-08-08T08:55:49.1837978+02:00" endTime="2011-08-08T08:55:49.2278003+02:00" testType="13cdc9d9-ddb5-4fa4-a97d-d965ccfc6d4b" outcome="Passed" testListId="8c84fa94-04c1-424b-9868-57a2d4851a1d" relativeResultsDirectory="517b31c6-d94c-440c-a059-64e26d9f5b5e">
    </UnitTestResult>
    <UnitTestResult executionId="0acb21e1-0b1c-4568-a3ff-bdfd225ffa9e" testId="357c4318-c11f-93f7-f252-98bfca53e32a" testName="prod_onlineServer_auditService" computerName="NETBOOK" duration="00:00:00.0029545" startTime="2011-08-08T08:55:49.2708027+02:00" endTime="2011-08-08T08:55:49.3088049+02:00" testType="13cdc9d9-ddb5-4fa4-a97d-d965ccfc6d4b" outcome="Passed" testListId="8c84fa94-04c1-424b-9868-57a2d4851a1d" relativeResultsDirectory="0acb21e1-0b1c-4568-a3ff-bdfd225ffa9e">
    </UnitTestResult>
    <UnitTestResult executionId="dfabbee7-9aba-418e-9364-eea60477a1b7" testId="4fabb609-1d43-0d12-36a0-c6bf0e878713" testName="ProductsService_and_machine2" computerName="NETBOOK" duration="00:00:00.0200142" startTime="2011-08-08T08:55:49.3468071+02:00" endTime="2011-08-08T08:55:49.4148110+02:00" testType="13cdc9d9-ddb5-4fa4-a97d-d965ccfc6d4b" outcome="Passed" testListId="8c84fa94-04c1-424b-9868-57a2d4851a1d" relativeResultsDirectory="dfabbee7-9aba-418e-9364-eea60477a1b7">
    </UnitTestResult>
    <UnitTestResult executionId="b853e9f8-7486-45d9-adce-cb9a406a3348" testId="5aa4e3a8-5df8-954e-6c99-969563df9fc3" testName="aaa" computerName="NETBOOK" duration="00:00:00.0015872" startTime="2011-08-08T08:55:49.4418125+02:00" endTime="2011-08-08T08:55:49.4778146+02:00" testType="13cdc9d9-ddb5-4fa4-a97d-d965ccfc6d4b" outcome="Passed" testListId="8c84fa94-04c1-424b-9868-57a2d4851a1d" relativeResultsDirectory="b853e9f8-7486-45d9-adce-cb9a406a3348">
    </UnitTestResult>
    <UnitTestResult executionId="4dbffbf4-d69c-42f4-bc51-66c15405d3c3" testId="5d8e5a36-2169-9cd5-a3e6-85587870e8f6" testName="TestObjectModelConfiguration" computerName="NETBOOK" duration="00:00:00.7210261" startTime="2011-08-08T08:55:49.5218171+02:00" endTime="2011-08-08T08:55:50.2748602+02:00" testType="13cdc9d9-ddb5-4fa4-a97d-d965ccfc6d4b" outcome="Passed" testListId="8c84fa94-04c1-424b-9868-57a2d4851a1d" relativeResultsDirectory="4dbffbf4-d69c-42f4-bc51-66c15405d3c3">
    </UnitTestResult>
    <UnitTestResult executionId="aa0fa826-9d22-4064-883b-06cad7c69402" testId="68eb0417-dab8-6b25-a0a9-0a7a95c92efe" testName="Test1" computerName="NETBOOK" duration="00:00:00.0019851" startTime="2011-08-08T08:55:50.3078621+02:00" endTime="2011-08-08T08:55:50.3668654+02:00" testType="13cdc9d9-ddb5-4fa4-a97d-d965ccfc6d4b" outcome="Passed" testListId="8c84fa94-04c1-424b-9868-57a2d4851a1d" relativeResultsDirectory="aa0fa826-9d22-4064-883b-06cad7c69402">
    </UnitTestResult>
    <UnitTestResult executionId="5601d576-c44c-4300-8ccf-c79afb66d56b" testId="6d5c7ddc-b4bb-3dc0-5b01-f37b1322e78c" testName="login_folder_path_for_login_service_and_applicationServer" computerName="NETBOOK" duration="00:00:00.0107483" startTime="2011-08-08T08:55:50.4018674+02:00" endTime="2011-08-08T08:55:50.4518703+02:00" testType="13cdc9d9-ddb5-4fa4-a97d-d965ccfc6d4b" outcome="Passed" testListId="8c84fa94-04c1-424b-9868-57a2d4851a1d" relativeResultsDirectory="5601d576-c44c-4300-8ccf-c79afb66d56b">
    </UnitTestResult>
    <UnitTestResult executionId="6f00233c-0516-43b1-818c-64c2d49c6fbf" testId="73586542-bb33-746b-6934-aa3f28ab2f57" testName="one_value_with_specific_reference_and_one_with_ALL_reference" computerName="NETBOOK" duration="00:00:00.0016617" startTime="2011-08-08T08:55:50.4848722+02:00" endTime="2011-08-08T08:55:50.5218743+02:00" testType="13cdc9d9-ddb5-4fa4-a97d-d965ccfc6d4b" outcome="Passed" testListId="8c84fa94-04c1-424b-9868-57a2d4851a1d" relativeResultsDirectory="6f00233c-0516-43b1-818c-64c2d49c6fbf">
    </UnitTestResult>
    <UnitTestResult executionId="e5013182-8f29-410e-9b81-f12827441bc7" testId="7f98b5a3-1f27-bd6b-b2c5-006de2bb94f3" testName="login_folder_path_for_login_service_and_applicationServer_check_with_other_references" computerName="NETBOOK" duration="00:00:00.0106282" startTime="2011-08-08T08:55:50.5658768+02:00" endTime="2011-08-08T08:55:50.6178798+02:00" testType="13cdc9d9-ddb5-4fa4-a97d-d965ccfc6d4b" outcome="Passed" testListId="8c84fa94-04c1-424b-9868-57a2d4851a1d" relativeResultsDirectory="e5013182-8f29-410e-9b81-f12827441bc7">
    </UnitTestResult>
    <UnitTestResult executionId="a4f28e6e-5259-4928-b583-b6a0ecd49746" testId="81612c84-9e67-6bb3-5fdd-f6e1c0aaee54" testName="Dev_online_client" computerName="NETBOOK" duration="00:00:00.0021704" startTime="2011-08-08T08:55:50.6578821+02:00" endTime="2011-08-08T08:55:50.6988844+02:00" testType="13cdc9d9-ddb5-4fa4-a97d-d965ccfc6d4b" outcome="Passed" testListId="8c84fa94-04c1-424b-9868-57a2d4851a1d" relativeResultsDirectory="a4f28e6e-5259-4928-b583-b6a0ecd49746">
    </UnitTestResult>
    <UnitTestResult executionId="deadc8cf-c3f5-4f83-a56d-9046668b411d" testId="86988aa3-e245-8763-5002-7aa6b57926c1" testName="auditService_appServer_Dev_GetAllCustomers" computerName="NETBOOK" duration="00:00:00.0023565" startTime="2011-08-08T08:55:50.7348865+02:00" endTime="2011-08-08T08:55:50.7778889+02:00" testType="13cdc9d9-ddb5-4fa4-a97d-d965ccfc6d4b" outcome="Passed" testListId="8c84fa94-04c1-424b-9868-57a2d4851a1d" relativeResultsDirectory="deadc8cf-c3f5-4f83-a56d-9046668b411d">
    </UnitTestResult>
    <UnitTestResult executionId="c1f4817d-909e-4f17-83f3-e020514c52a1" testId="88cb2420-bab5-c625-adf5-b51416e15f3c" testName="prod_online_client" computerName="NETBOOK" duration="00:00:00.0022099" startTime="2011-08-08T08:55:50.8158911+02:00" endTime="2011-08-08T08:55:50.8528932+02:00" testType="13cdc9d9-ddb5-4fa4-a97d-d965ccfc6d4b" outcome="Passed" testListId="8c84fa94-04c1-424b-9868-57a2d4851a1d" relativeResultsDirectory="c1f4817d-909e-4f17-83f3-e020514c52a1">
    </UnitTestResult>
    <UnitTestResult executionId="a2def4ea-86c3-474c-b1ac-b8bdbbde41d3" testId="9a9b86ab-6766-3e7f-0f9e-dfd8e201fb5e" testName="ServiceContractConfig_for_ILoginService" computerName="NETBOOK" duration="00:00:00.1419413" startTime="2011-08-08T08:55:50.8828949+02:00" endTime="2011-08-08T08:55:51.0829064+02:00" testType="13cdc9d9-ddb5-4fa4-a97d-d965ccfc6d4b" outcome="Passed" testListId="8c84fa94-04c1-424b-9868-57a2d4851a1d" relativeResultsDirectory="a2def4ea-86c3-474c-b1ac-b8bdbbde41d3">
    </UnitTestResult>
    <UnitTestResult executionId="674c2dfc-5661-4c71-a355-ee86d1d62e1d" testId="9e0fd8cb-36e5-5dc7-0091-2c9faa630481" testName="some_secure_path_on_production_client_machine" computerName="NETBOOK" duration="00:00:00.0114794" startTime="2011-08-08T08:55:51.1239087+02:00" endTime="2011-08-08T08:55:51.1789119+02:00" testType="13cdc9d9-ddb5-4fa4-a97d-d965ccfc6d4b" outcome="Passed" testListId="8c84fa94-04c1-424b-9868-57a2d4851a1d" relativeResultsDirectory="674c2dfc-5661-4c71-a355-ee86d1d62e1d">
    </UnitTestResult>
    <UnitTestResult executionId="fef20fdd-4f66-47ca-92d7-f2f7fbd69c2f" testId="a04cff4c-6678-8068-6f7f-c45673a4d091" testName="ProductsServiceAdapter_and_machine2" computerName="NETBOOK" duration="00:00:00.0103615" startTime="2011-08-08T08:55:51.2209143+02:00" endTime="2011-08-08T08:55:51.2779175+02:00" testType="13cdc9d9-ddb5-4fa4-a97d-d965ccfc6d4b" outcome="Passed" testListId="8c84fa94-04c1-424b-9868-57a2d4851a1d" relativeResultsDirectory="fef20fdd-4f66-47ca-92d7-f2f7fbd69c2f">
    </UnitTestResult>
    <UnitTestResult executionId="cc6b5fc4-956c-4c44-abd6-89250c83a760" testId="a779931e-b905-a2fc-df0c-713209133bd4" testName="LoginServiceAdapter_and_machine2" computerName="NETBOOK" duration="00:00:00.0099329" startTime="2011-08-08T08:55:51.3019189+02:00" endTime="2011-08-08T08:55:51.3499217+02:00" testType="13cdc9d9-ddb5-4fa4-a97d-d965ccfc6d4b" outcome="Passed" testListId="8c84fa94-04c1-424b-9868-57a2d4851a1d" relativeResultsDirectory="cc6b5fc4-956c-4c44-abd6-89250c83a760">
    </UnitTestResult>
    <UnitTestResult executionId="b6849345-2167-43da-8760-8beb7ac14a1a" testId="b6ab9756-cf95-b5eb-7319-df0d1ac2108b" testName="aa" computerName="NETBOOK" duration="00:00:00.0018933" startTime="2011-08-08T08:55:51.3809234+02:00" endTime="2011-08-08T08:55:51.4309263+02:00" testType="13cdc9d9-ddb5-4fa4-a97d-d965ccfc6d4b" outcome="Passed" testListId="8c84fa94-04c1-424b-9868-57a2d4851a1d" relativeResultsDirectory="b6849345-2167-43da-8760-8beb7ac14a1a">
    </UnitTestResult>
    <UnitTestResult executionId="904c39af-2674-449d-bdbb-d3ff69727cd1" testId="c83e054a-d14a-a089-eb54-fbcccf928366" testName="auditService_appServer_prod_GetAllCustomers" computerName="NETBOOK" duration="00:00:00.0021446" startTime="2011-08-08T08:55:51.4719286+02:00" endTime="2011-08-08T08:55:51.5099308+02:00" testType="13cdc9d9-ddb5-4fa4-a97d-d965ccfc6d4b" outcome="Passed" testListId="8c84fa94-04c1-424b-9868-57a2d4851a1d" relativeResultsDirectory="904c39af-2674-449d-bdbb-d3ff69727cd1">
    </UnitTestResult>
    <UnitTestResult executionId="73cdf214-ec80-4b09-860b-d3eb4bd4f75a" testId="d9af1d75-68cd-824c-5313-177c87cf728b" testName="test2" computerName="NETBOOK" duration="00:00:00.0016931" startTime="2011-08-08T08:55:51.5399325+02:00" endTime="2011-08-08T08:55:51.5809349+02:00" testType="13cdc9d9-ddb5-4fa4-a97d-d965ccfc6d4b" outcome="Passed" testListId="8c84fa94-04c1-424b-9868-57a2d4851a1d" relativeResultsDirectory="73cdf214-ec80-4b09-860b-d3eb4bd4f75a">
    </UnitTestResult>
    <UnitTestResult executionId="f5b16557-a217-4137-859d-03fec6478902" testId="e2a68799-674d-3147-3755-51b0eb77bd1a" testName="some_secure_path_on_production_client_machine_with_some_log_owner" computerName="NETBOOK" duration="00:00:00.0095578" startTime="2011-08-08T08:55:51.6149368+02:00" endTime="2011-08-08T08:55:51.6679399+02:00" testType="13cdc9d9-ddb5-4fa4-a97d-d965ccfc6d4b" outcome="Passed" testListId="8c84fa94-04c1-424b-9868-57a2d4851a1d" relativeResultsDirectory="f5b16557-a217-4137-859d-03fec6478902">
    </UnitTestResult>
    <UnitTestResult executionId="263952e1-fd89-492e-bdf7-484a144f57f5" testId="ea2e3f01-2781-85d2-a937-3707125cbc23" testName="dev_online_server" computerName="NETBOOK" duration="00:00:00.0023343" startTime="2011-08-08T08:55:51.7059420+02:00" endTime="2011-08-08T08:55:51.7609452+02:00" testType="13cdc9d9-ddb5-4fa4-a97d-d965ccfc6d4b" outcome="Passed" testListId="8c84fa94-04c1-424b-9868-57a2d4851a1d" relativeResultsDirectory="263952e1-fd89-492e-bdf7-484a144f57f5">
    </UnitTestResult>
    <UnitTestResult executionId="ed6c2465-891d-4cf1-bad2-977809f67f28" testId="ebac121c-774c-7382-9e07-eec0877ee019" testName="TestXMLConfiguration_load_from_file" computerName="NETBOOK" duration="00:00:00.0869380" startTime="2011-08-08T08:55:51.7979473+02:00" endTime="2011-08-08T08:55:51.9189542+02:00" testType="13cdc9d9-ddb5-4fa4-a97d-d965ccfc6d4b" outcome="Passed" testListId="8c84fa94-04c1-424b-9868-57a2d4851a1d" relativeResultsDirectory="ed6c2465-891d-4cf1-bad2-977809f67f28">
    </UnitTestResult>
    <UnitTestResult executionId="c08a0766-dd8b-4b46-bb2b-db3c353989ae" testId="feae247b-ce9c-107e-a609-befa56a63221" testName="ServiceContractConfig_for_IProductsService" computerName="NETBOOK" duration="00:00:00.0121015" startTime="2011-08-08T08:55:51.9499560+02:00" endTime="2011-08-08T08:55:52.0039591+02:00" testType="13cdc9d9-ddb5-4fa4-a97d-d965ccfc6d4b" outcome="Passed" testListId="8c84fa94-04c1-424b-9868-57a2d4851a1d" relativeResultsDirectory="c08a0766-dd8b-4b46-bb2b-db3c353989ae">
    </UnitTestResult>
  </Results>
</TestRun>