<?xml version="1.0" encoding="UTF-8"?>
<TestRun id="925aea87-ae86-4933-9a12-3c8f178d0842" name="avi@NETBOOK 2011-05-28 20:05:05" runUser="netbook\avi" xmlns="http://microsoft.com/schemas/VisualStudio/TeamTest/2010">
  <TestSettings name="Local" id="8ca21acd-1fe6-4269-b5af-3ea22afc0391">
    <Description>These are default test settings for a local test run.</Description>
    <Deployment enabled="false" runDeploymentRoot="avi_NETBOOK 2011-05-28 20_05_05">
      <DeploymentItem filename="D:\work\NConfig\PlayingAround\NConfig\bin\Debug\NConfig.dll" />
    </Deployment>
    <Execution>
      <TestTypeSpecific />
      <AgentRule name="Execution Agents">
      </AgentRule>
    </Execution>
  </TestSettings>
  <Times creation="2011-05-28T20:05:05.5731358+02:00" queuing="2011-05-28T20:05:10.0773934+02:00" start="2011-05-28T20:05:10.9064409+02:00" finish="2011-05-28T20:05:20.6099959+02:00" />
  <ResultSummary outcome="Completed">
    <Counters total="1" executed="1" passed="1" error="0" failed="0" timeout="0" aborted="0" inconclusive="0" passedButRunAborted="0" notRunnable="0" notExecuted="0" disconnected="0" warning="0" completed="0" inProgress="0" pending="0" />
  </ResultSummary>
  <TestDefinitions>
    <UnitTest name="prod_online_client" storage="d:\work\nconfig\playingaround\testproject1\bin\debug\testproject1.dll" id="089e4ce5-6edb-51f6-e152-6e7c3c46a941">
      <Execution id="0013ec1e-86e8-416d-b240-759a50485488" />
      <TestMethod codeBase="D:/work/NConfig/PlayingAround/TestProject1/bin/Debug/TestProject1.DLL" adapterTypeName="Microsoft.VisualStudio.TestTools.TestTypes.Unit.UnitTestAdapter, Microsoft.VisualStudio.QualityTools.Tips.UnitTest.Adapter, Version=10.0.0.0, Culture=neutral, PublicKeyToken=b03f5f7f11d50a3a" className="TestProject1.FilterTest, TestProject1, Version=1.0.0.0, Culture=neutral, PublicKeyToken=null" name="prod_online_client" />
    </UnitTest>
  </TestDefinitions>
  <TestLists>
    <TestList name="Results Not in a List" id="8c84fa94-04c1-424b-9868-57a2d4851a1d" />
    <TestList name="All Loaded Results" id="19431567-8539-422a-85d7-44ee4e166bda" />
  </TestLists>
  <TestEntries>
    <TestEntry testId="089e4ce5-6edb-51f6-e152-6e7c3c46a941" executionId="0013ec1e-86e8-416d-b240-759a50485488" testListId="8c84fa94-04c1-424b-9868-57a2d4851a1d" />
  </TestEntries>
  <Results>
    <UnitTestResult executionId="0013ec1e-86e8-416d-b240-759a50485488" testId="089e4ce5-6edb-51f6-e152-6e7c3c46a941" testName="prod_online_client" computerName="NETBOOK" duration="00:00:06.1687775" startTime="2011-05-28T20:05:11.6304823+02:00" endTime="2011-05-28T20:05:20.2979780+02:00" testType="13cdc9d9-ddb5-4fa4-a97d-d965ccfc6d4b" outcome="Passed" testListId="8c84fa94-04c1-424b-9868-57a2d4851a1d" relativeResultsDirectory="0013ec1e-86e8-416d-b240-759a50485488">
      <Output>
        <DebugTrace>start filtering for context: env:prod\appType:onlineClient\ and items: 
.\logs
env-ALL
appType-ALL
services-ALL

c:\logs\
env-prod
appType-applicationServer
services-ALL

c:\UserData\ApplicationName\logs\
env-prod
appType-onlineClient

\someNetworDrive\integrationLogs\

\\someNetworkDrive\enterpriseAuditData\
appType-ALL
env-prod
services-AuditService

start using rule: NConfig.Rules.WithSpecificOrALLRerefenceToSubjectRule
start filtering by runtimeContextItem: env\prod
items before: 
.\logs
env-ALL
appType-ALL
services-ALL

c:\logs\
env-prod
appType-applicationServer
services-ALL

c:\UserData\ApplicationName\logs\
env-prod
appType-onlineClient

\someNetworDrive\integrationLogs\

\\someNetworkDrive\enterpriseAuditData\
appType-ALL
env-prod
services-AuditService

items after: 
.\logs
env-ALL
appType-ALL
services-ALL

c:\logs\
env-prod
appType-applicationServer
services-ALL

c:\UserData\ApplicationName\logs\
env-prod
appType-onlineClient

\\someNetworkDrive\enterpriseAuditData\
appType-ALL
env-prod
services-AuditService

start filtering by runtimeContextItem: appType\onlineClient
items before: 
.\logs
env-ALL
appType-ALL
services-ALL

c:\logs\
env-prod
appType-applicationServer
services-ALL

c:\UserData\ApplicationName\logs\
env-prod
appType-onlineClient

\\someNetworkDrive\enterpriseAuditData\
appType-ALL
env-prod
services-AuditService

items after: 
.\logs
env-ALL
appType-ALL
services-ALL

c:\UserData\ApplicationName\logs\
env-prod
appType-onlineClient

\\someNetworkDrive\enterpriseAuditData\
appType-ALL
env-prod
services-AuditService

start using rule: NConfig.Rules.BestMatchRule
start filtering by runtimeContextItem: env\prod
items before: 
.\logs
env-ALL
appType-ALL
services-ALL

c:\UserData\ApplicationName\logs\
env-prod
appType-onlineClient

\\someNetworkDrive\enterpriseAuditData\
appType-ALL
env-prod
services-AuditService

items after: 
c:\UserData\ApplicationName\logs\
env-prod
appType-onlineClient

\\someNetworkDrive\enterpriseAuditData\
appType-ALL
env-prod
services-AuditService

start filtering by runtimeContextItem: appType\onlineClient
items before: 
c:\UserData\ApplicationName\logs\
env-prod
appType-onlineClient

\\someNetworkDrive\enterpriseAuditData\
appType-ALL
env-prod
services-AuditService

items after: 
c:\UserData\ApplicationName\logs\
env-prod
appType-onlineClient

</DebugTrace>
      </Output>
    </UnitTestResult>
  </Results>
</TestRun>