<?xml version="1.0" encoding="UTF-8"?>
<TestRun id="e34b746e-cf8b-42b1-88ff-6d399dcaf7e6" name="avi@NETBOOK 2011-07-10 08:20:43" runUser="netbook\avi" xmlns="http://microsoft.com/schemas/VisualStudio/TeamTest/2010">
  <TestSettings name="Local" id="8ca21acd-1fe6-4269-b5af-3ea22afc0391">
    <Description>These are default test settings for a local test run.</Description>
    <Deployment runDeploymentRoot="avi_NETBOOK 2011-07-10 08_20_43">
      <DeploymentItem filename="D:\work\NConfig\NConfig\NConfig\bin\Debug\NConfig.dll" />
      <DeploymentItem filename="NConfigTests\bin\Debug\Configuration.xml" />
      <DeploymentItem filename="D:\work\NConfig\NConfig\NConfig.XML\bin\Debug\NConfig.XML.dll" />
    </Deployment>
    <Execution>
      <TestTypeSpecific>
        <UnitTestRunConfig testTypeId="13cdc9d9-ddb5-4fa4-a97d-d965ccfc6d4b">
          <AssemblyResolution>
            <TestDirectory useLoadContext="true" />
          </AssemblyResolution>
        </UnitTestRunConfig>
        <WebTestRunConfiguration testTypeId="4e7599fa-5ecb-43e9-a887-cd63cf72d207">
          <Browser name="Internet Explorer 7.0">
            <Headers>
              <Header name="User-Agent" value="Mozilla/4.0 (compatible; MSIE 7.0; Windows NT 5.1)" />
              <Header name="Accept" value="*/*" />
              <Header name="Accept-Language" value="{{$IEAcceptLanguage}}" />
              <Header name="Accept-Encoding" value="GZIP" />
            </Headers>
          </Browser>
        </WebTestRunConfiguration>
      </TestTypeSpecific>
      <AgentRule name="LocalMachineDefaultRole">
      </AgentRule>
    </Execution>
  </TestSettings>
  <Times creation="2011-07-10T08:20:43.0585316+02:00" queuing="2011-07-10T08:20:48.1298217+02:00" start="2011-07-10T08:20:48.9918710+02:00" finish="2011-07-10T08:21:14.5443325+02:00" />
  <ResultSummary outcome="Completed">
    <Counters total="17" executed="17" passed="17" error="0" failed="0" timeout="0" aborted="0" inconclusive="0" passedButRunAborted="0" notRunnable="0" notExecuted="0" disconnected="0" warning="0" completed="0" inProgress="0" pending="0" />
  </ResultSummary>
  <TestDefinitions>
    <UnitTest name="prod_online_client" storage="d:\work\nconfig\nconfig\nconfigtests\bin\debug\nconfig.tests.dll" id="88cb2420-bab5-c625-adf5-b51416e15f3c">
      <Execution id="a6dfccb7-cb0d-4175-9e79-25e820a0da91" />
      <TestMethod codeBase="D:/work/NConfig/NConfig/NConfigTests/bin/Debug/NConfig.Tests.DLL" adapterTypeName="Microsoft.VisualStudio.TestTools.TestTypes.Unit.UnitTestAdapter, Microsoft.VisualStudio.QualityTools.Tips.UnitTest.Adapter, Version=10.0.0.0, Culture=neutral, PublicKeyToken=b03f5f7f11d50a3a" className="NConfig.Tests.FilterPolicySingleValueTest, NConfig.Tests, Version=1.0.0.0, Culture=neutral, PublicKeyToken=null" name="prod_online_client" />
    </UnitTest>
    <UnitTest name="aaa" storage="d:\work\nconfig\nconfig\nconfigtests\bin\debug\nconfig.tests.dll" id="5aa4e3a8-5df8-954e-6c99-969563df9fc3">
      <Execution id="aba513fb-be34-439c-96ff-1e19f0f03da2" />
      <TestMethod codeBase="D:/work/NConfig/NConfig/NConfigTests/bin/Debug/NConfig.Tests.DLL" adapterTypeName="Microsoft.VisualStudio.TestTools.TestTypes.Unit.UnitTestAdapter, Microsoft.VisualStudio.QualityTools.Tips.UnitTest.Adapter, Version=10.0.0.0, Culture=neutral, PublicKeyToken=b03f5f7f11d50a3a" className="NConfig.Tests.BestMatchRuleTest, NConfig.Tests, Version=1.0.0.0, Culture=neutral, PublicKeyToken=null" name="aaa" />
    </UnitTest>
    <UnitTest name="auditService_appServer_Dev_GetAllCustomers" storage="d:\work\nconfig\nconfig\nconfigtests\bin\debug\nconfig.tests.dll" id="86988aa3-e245-8763-5002-7aa6b57926c1">
      <Execution id="605b2d47-ac4d-4ee5-b0fb-b18844349191" />
      <TestMethod codeBase="D:/work/NConfig/NConfig/NConfigTests/bin/Debug/NConfig.Tests.DLL" adapterTypeName="Microsoft.VisualStudio.TestTools.TestTypes.Unit.UnitTestAdapter, Microsoft.VisualStudio.QualityTools.Tips.UnitTest.Adapter, Version=10.0.0.0, Culture=neutral, PublicKeyToken=b03f5f7f11d50a3a" className="NConfig.Tests.FilterPolicySingleValueTest, NConfig.Tests, Version=1.0.0.0, Culture=neutral, PublicKeyToken=null" name="auditService_appServer_Dev_GetAllCustomers" />
    </UnitTest>
    <UnitTest name="auditService_appServer_prod_GetAllCustomers" storage="d:\work\nconfig\nconfig\nconfigtests\bin\debug\nconfig.tests.dll" id="c83e054a-d14a-a089-eb54-fbcccf928366">
      <Execution id="ba66828f-a215-4ad1-9853-a893d35a0ec2" />
      <TestMethod codeBase="D:/work/NConfig/NConfig/NConfigTests/bin/Debug/NConfig.Tests.DLL" adapterTypeName="Microsoft.VisualStudio.TestTools.TestTypes.Unit.UnitTestAdapter, Microsoft.VisualStudio.QualityTools.Tips.UnitTest.Adapter, Version=10.0.0.0, Culture=neutral, PublicKeyToken=b03f5f7f11d50a3a" className="NConfig.Tests.FilterPolicySingleValueTest, NConfig.Tests, Version=1.0.0.0, Culture=neutral, PublicKeyToken=null" name="auditService_appServer_prod_GetAllCustomers" />
    </UnitTest>
    <UnitTest name="Dev_online_client" storage="d:\work\nconfig\nconfig\nconfigtests\bin\debug\nconfig.tests.dll" id="81612c84-9e67-6bb3-5fdd-f6e1c0aaee54">
      <Execution id="6764ce03-45bb-4f57-8823-98be6195d1d2" />
      <TestMethod codeBase="D:/work/NConfig/NConfig/NConfigTests/bin/Debug/NConfig.Tests.DLL" adapterTypeName="Microsoft.VisualStudio.TestTools.TestTypes.Unit.UnitTestAdapter, Microsoft.VisualStudio.QualityTools.Tips.UnitTest.Adapter, Version=10.0.0.0, Culture=neutral, PublicKeyToken=b03f5f7f11d50a3a" className="NConfig.Tests.FilterPolicySingleValueTest, NConfig.Tests, Version=1.0.0.0, Culture=neutral, PublicKeyToken=null" name="Dev_online_client" />
    </UnitTest>
    <UnitTest name="prod_onlineServer_auditService" storage="d:\work\nconfig\nconfig\nconfigtests\bin\debug\nconfig.tests.dll" id="357c4318-c11f-93f7-f252-98bfca53e32a">
      <Execution id="c0b79edd-9f09-40fd-9afa-9e4629a97e6c" />
      <TestMethod codeBase="D:/work/NConfig/NConfig/NConfigTests/bin/Debug/NConfig.Tests.DLL" adapterTypeName="Microsoft.VisualStudio.TestTools.TestTypes.Unit.UnitTestAdapter, Microsoft.VisualStudio.QualityTools.Tips.UnitTest.Adapter, Version=10.0.0.0, Culture=neutral, PublicKeyToken=b03f5f7f11d50a3a" className="NConfig.Tests.FilterPolicySingleValueTest, NConfig.Tests, Version=1.0.0.0, Culture=neutral, PublicKeyToken=null" name="prod_onlineServer_auditService" />
    </UnitTest>
    <UnitTest name="prod_online_server" storage="d:\work\nconfig\nconfig\nconfigtests\bin\debug\nconfig.tests.dll" id="0cce0639-31ca-e8e3-4d39-75679771d958">
      <Execution id="e8adb3e9-928f-47c2-86a5-32fe93a6a3c6" />
      <TestMethod codeBase="D:/work/NConfig/NConfig/NConfigTests/bin/Debug/NConfig.Tests.DLL" adapterTypeName="Microsoft.VisualStudio.TestTools.TestTypes.Unit.UnitTestAdapter, Microsoft.VisualStudio.QualityTools.Tips.UnitTest.Adapter, Version=10.0.0.0, Culture=neutral, PublicKeyToken=b03f5f7f11d50a3a" className="NConfig.Tests.FilterPolicySingleValueTest, NConfig.Tests, Version=1.0.0.0, Culture=neutral, PublicKeyToken=null" name="prod_online_server" />
    </UnitTest>
    <UnitTest name="dev_online_server" storage="d:\work\nconfig\nconfig\nconfigtests\bin\debug\nconfig.tests.dll" id="ea2e3f01-2781-85d2-a937-3707125cbc23">
      <Execution id="20668222-9c8e-4fad-b2e2-4a2c731cc705" />
      <TestMethod codeBase="D:/work/NConfig/NConfig/NConfigTests/bin/Debug/NConfig.Tests.DLL" adapterTypeName="Microsoft.VisualStudio.TestTools.TestTypes.Unit.UnitTestAdapter, Microsoft.VisualStudio.QualityTools.Tips.UnitTest.Adapter, Version=10.0.0.0, Culture=neutral, PublicKeyToken=b03f5f7f11d50a3a" className="NConfig.Tests.FilterPolicySingleValueTest, NConfig.Tests, Version=1.0.0.0, Culture=neutral, PublicKeyToken=null" name="dev_online_server" />
    </UnitTest>
    <UnitTest name="Test1" storage="d:\work\nconfig\nconfig\nconfigtests\bin\debug\nconfig.tests.dll" id="68eb0417-dab8-6b25-a0a9-0a7a95c92efe">
      <Execution id="ba2a3df1-a39f-481b-8f70-b94a600da482" />
      <TestMethod codeBase="D:/work/NConfig/NConfig/NConfigTests/bin/Debug/NConfig.Tests.DLL" adapterTypeName="Microsoft.VisualStudio.TestTools.TestTypes.Unit.UnitTestAdapter, Microsoft.VisualStudio.QualityTools.Tips.UnitTest.Adapter, Version=10.0.0.0, Culture=neutral, PublicKeyToken=b03f5f7f11d50a3a" className="NConfig.Tests.BestMatchRuleTest, NConfig.Tests, Version=1.0.0.0, Culture=neutral, PublicKeyToken=null" name="Test1" />
    </UnitTest>
    <UnitTest name="auditService_appServer_prod_UpdateCustomer" storage="d:\work\nconfig\nconfig\nconfigtests\bin\debug\nconfig.tests.dll" id="31ad7b39-df69-4841-24c6-23bb75f0e170">
      <Execution id="c2310b25-62bd-45a9-833b-6d78fe755ee6" />
      <TestMethod codeBase="D:/work/NConfig/NConfig/NConfigTests/bin/Debug/NConfig.Tests.DLL" adapterTypeName="Microsoft.VisualStudio.TestTools.TestTypes.Unit.UnitTestAdapter, Microsoft.VisualStudio.QualityTools.Tips.UnitTest.Adapter, Version=10.0.0.0, Culture=neutral, PublicKeyToken=b03f5f7f11d50a3a" className="NConfig.Tests.FilterPolicySingleValueTest, NConfig.Tests, Version=1.0.0.0, Culture=neutral, PublicKeyToken=null" name="auditService_appServer_prod_UpdateCustomer" />
    </UnitTest>
    <UnitTest name="one_value_with_specific_reference_and_one_with_ALL_reference" storage="d:\work\nconfig\nconfig\nconfigtests\bin\debug\nconfig.tests.dll" id="73586542-bb33-746b-6934-aa3f28ab2f57">
      <Execution id="aadb6a12-4986-4018-997c-799555ea5898" />
      <TestMethod codeBase="D:/work/NConfig/NConfig/NConfigTests/bin/Debug/NConfig.Tests.DLL" adapterTypeName="Microsoft.VisualStudio.TestTools.TestTypes.Unit.UnitTestAdapter, Microsoft.VisualStudio.QualityTools.Tips.UnitTest.Adapter, Version=10.0.0.0, Culture=neutral, PublicKeyToken=b03f5f7f11d50a3a" className="NConfig.Tests.BestMatchRuleTest, NConfig.Tests, Version=1.0.0.0, Culture=neutral, PublicKeyToken=null" name="one_value_with_specific_reference_and_one_with_ALL_reference" />
    </UnitTest>
    <UnitTest name="TestObjectModelConfiguration" storage="d:\work\nconfig\nconfig\nconfigtests\bin\debug\nconfig.tests.dll" id="5d8e5a36-2169-9cd5-a3e6-85587870e8f6">
      <Execution id="d3abe2cf-7475-40dc-83f4-abb0fe2f6205" />
      <TestMethod codeBase="D:/work/NConfig/NConfig/NConfigTests/bin/Debug/NConfig.Tests.DLL" adapterTypeName="Microsoft.VisualStudio.TestTools.TestTypes.Unit.UnitTestAdapter, Microsoft.VisualStudio.QualityTools.Tips.UnitTest.Adapter, Version=10.0.0.0, Culture=neutral, PublicKeyToken=b03f5f7f11d50a3a" className="NConfig.Tests.UnitTest1, NConfig.Tests, Version=1.0.0.0, Culture=neutral, PublicKeyToken=null" name="TestObjectModelConfiguration" />
    </UnitTest>
    <UnitTest name="all_values_with_specific_references" storage="d:\work\nconfig\nconfig\nconfigtests\bin\debug\nconfig.tests.dll" id="1d783d32-0124-474a-5fb9-3ad630219c07">
      <Execution id="29693c47-dc90-4071-8eb9-d952f8d34e68" />
      <TestMethod codeBase="D:/work/NConfig/NConfig/NConfigTests/bin/Debug/NConfig.Tests.DLL" adapterTypeName="Microsoft.VisualStudio.TestTools.TestTypes.Unit.UnitTestAdapter, Microsoft.VisualStudio.QualityTools.Tips.UnitTest.Adapter, Version=10.0.0.0, Culture=neutral, PublicKeyToken=b03f5f7f11d50a3a" className="NConfig.Tests.BestMatchRuleTest, NConfig.Tests, Version=1.0.0.0, Culture=neutral, PublicKeyToken=null" name="all_values_with_specific_references" />
    </UnitTest>
    <UnitTest name="auditService_appServer_Dev_updateCustomer" storage="d:\work\nconfig\nconfig\nconfigtests\bin\debug\nconfig.tests.dll" id="1848f59f-dcde-d8ba-f776-0b25437d84b6">
      <Execution id="311eb485-e185-4499-92db-d7aec18215c1" />
      <TestMethod codeBase="D:/work/NConfig/NConfig/NConfigTests/bin/Debug/NConfig.Tests.DLL" adapterTypeName="Microsoft.VisualStudio.TestTools.TestTypes.Unit.UnitTestAdapter, Microsoft.VisualStudio.QualityTools.Tips.UnitTest.Adapter, Version=10.0.0.0, Culture=neutral, PublicKeyToken=b03f5f7f11d50a3a" className="NConfig.Tests.FilterPolicySingleValueTest, NConfig.Tests, Version=1.0.0.0, Culture=neutral, PublicKeyToken=null" name="auditService_appServer_Dev_updateCustomer" />
    </UnitTest>
    <UnitTest name="TestXMLConfiguration_load_from_file" storage="d:\work\nconfig\nconfig\nconfigtests\bin\debug\nconfig.tests.dll" id="ebac121c-774c-7382-9e07-eec0877ee019">
      <Execution id="dfc41320-d84e-4ce8-a2fd-0f89bc51bcda" />
      <TestMethod codeBase="D:/work/NConfig/NConfig/NConfigTests/bin/Debug/NConfig.Tests.DLL" adapterTypeName="Microsoft.VisualStudio.TestTools.TestTypes.Unit.UnitTestAdapter, Microsoft.VisualStudio.QualityTools.Tips.UnitTest.Adapter, Version=10.0.0.0, Culture=neutral, PublicKeyToken=b03f5f7f11d50a3a" className="NConfig.Tests.UnitTest1, NConfig.Tests, Version=1.0.0.0, Culture=neutral, PublicKeyToken=null" name="TestXMLConfiguration_load_from_file" />
    </UnitTest>
    <UnitTest name="aa" storage="d:\work\nconfig\nconfig\nconfigtests\bin\debug\nconfig.tests.dll" id="b6ab9756-cf95-b5eb-7319-df0d1ac2108b">
      <Execution id="002adaa5-0285-4552-af9e-777ecd8b7b1c" />
      <TestMethod codeBase="D:/work/NConfig/NConfig/NConfigTests/bin/Debug/NConfig.Tests.DLL" adapterTypeName="Microsoft.VisualStudio.TestTools.TestTypes.Unit.UnitTestAdapter, Microsoft.VisualStudio.QualityTools.Tips.UnitTest.Adapter, Version=10.0.0.0, Culture=neutral, PublicKeyToken=b03f5f7f11d50a3a" className="NConfig.Tests.BestMatchRuleTest, NConfig.Tests, Version=1.0.0.0, Culture=neutral, PublicKeyToken=null" name="aa" />
    </UnitTest>
    <UnitTest name="test2" storage="d:\work\nconfig\nconfig\nconfigtests\bin\debug\nconfig.tests.dll" id="d9af1d75-68cd-824c-5313-177c87cf728b">
      <Execution id="62968b47-35a3-4905-8cf0-7913408e1cf6" />
      <TestMethod codeBase="D:/work/NConfig/NConfig/NConfigTests/bin/Debug/NConfig.Tests.DLL" adapterTypeName="Microsoft.VisualStudio.TestTools.TestTypes.Unit.UnitTestAdapter, Microsoft.VisualStudio.QualityTools.Tips.UnitTest.Adapter, Version=10.0.0.0, Culture=neutral, PublicKeyToken=b03f5f7f11d50a3a" className="NConfig.Tests.BestMatchRuleTest, NConfig.Tests, Version=1.0.0.0, Culture=neutral, PublicKeyToken=null" name="test2" />
    </UnitTest>
  </TestDefinitions>
  <TestLists>
    <TestList name="Results Not in a List" id="8c84fa94-04c1-424b-9868-57a2d4851a1d" />
    <TestList name="All Loaded Results" id="19431567-8539-422a-85d7-44ee4e166bda" />
  </TestLists>
  <TestEntries>
    <TestEntry testId="0cce0639-31ca-e8e3-4d39-75679771d958" executionId="e8adb3e9-928f-47c2-86a5-32fe93a6a3c6" testListId="8c84fa94-04c1-424b-9868-57a2d4851a1d" />
    <TestEntry testId="1848f59f-dcde-d8ba-f776-0b25437d84b6" executionId="311eb485-e185-4499-92db-d7aec18215c1" testListId="8c84fa94-04c1-424b-9868-57a2d4851a1d" />
    <TestEntry testId="1d783d32-0124-474a-5fb9-3ad630219c07" executionId="29693c47-dc90-4071-8eb9-d952f8d34e68" testListId="8c84fa94-04c1-424b-9868-57a2d4851a1d" />
    <TestEntry testId="31ad7b39-df69-4841-24c6-23bb75f0e170" executionId="c2310b25-62bd-45a9-833b-6d78fe755ee6" testListId="8c84fa94-04c1-424b-9868-57a2d4851a1d" />
    <TestEntry testId="357c4318-c11f-93f7-f252-98bfca53e32a" executionId="c0b79edd-9f09-40fd-9afa-9e4629a97e6c" testListId="8c84fa94-04c1-424b-9868-57a2d4851a1d" />
    <TestEntry testId="5aa4e3a8-5df8-954e-6c99-969563df9fc3" executionId="aba513fb-be34-439c-96ff-1e19f0f03da2" testListId="8c84fa94-04c1-424b-9868-57a2d4851a1d" />
    <TestEntry testId="5d8e5a36-2169-9cd5-a3e6-85587870e8f6" executionId="d3abe2cf-7475-40dc-83f4-abb0fe2f6205" testListId="8c84fa94-04c1-424b-9868-57a2d4851a1d" />
    <TestEntry testId="68eb0417-dab8-6b25-a0a9-0a7a95c92efe" executionId="ba2a3df1-a39f-481b-8f70-b94a600da482" testListId="8c84fa94-04c1-424b-9868-57a2d4851a1d" />
    <TestEntry testId="73586542-bb33-746b-6934-aa3f28ab2f57" executionId="aadb6a12-4986-4018-997c-799555ea5898" testListId="8c84fa94-04c1-424b-9868-57a2d4851a1d" />
    <TestEntry testId="81612c84-9e67-6bb3-5fdd-f6e1c0aaee54" executionId="6764ce03-45bb-4f57-8823-98be6195d1d2" testListId="8c84fa94-04c1-424b-9868-57a2d4851a1d" />
    <TestEntry testId="86988aa3-e245-8763-5002-7aa6b57926c1" executionId="605b2d47-ac4d-4ee5-b0fb-b18844349191" testListId="8c84fa94-04c1-424b-9868-57a2d4851a1d" />
    <TestEntry testId="88cb2420-bab5-c625-adf5-b51416e15f3c" executionId="a6dfccb7-cb0d-4175-9e79-25e820a0da91" testListId="8c84fa94-04c1-424b-9868-57a2d4851a1d" />
    <TestEntry testId="b6ab9756-cf95-b5eb-7319-df0d1ac2108b" executionId="002adaa5-0285-4552-af9e-777ecd8b7b1c" testListId="8c84fa94-04c1-424b-9868-57a2d4851a1d" />
    <TestEntry testId="c83e054a-d14a-a089-eb54-fbcccf928366" executionId="ba66828f-a215-4ad1-9853-a893d35a0ec2" testListId="8c84fa94-04c1-424b-9868-57a2d4851a1d" />
    <TestEntry testId="d9af1d75-68cd-824c-5313-177c87cf728b" executionId="62968b47-35a3-4905-8cf0-7913408e1cf6" testListId="8c84fa94-04c1-424b-9868-57a2d4851a1d" />
    <TestEntry testId="ea2e3f01-2781-85d2-a937-3707125cbc23" executionId="20668222-9c8e-4fad-b2e2-4a2c731cc705" testListId="8c84fa94-04c1-424b-9868-57a2d4851a1d" />
    <TestEntry testId="ebac121c-774c-7382-9e07-eec0877ee019" executionId="dfc41320-d84e-4ce8-a2fd-0f89bc51bcda" testListId="8c84fa94-04c1-424b-9868-57a2d4851a1d" />
  </TestEntries>
  <Results>
    <UnitTestResult executionId="e8adb3e9-928f-47c2-86a5-32fe93a6a3c6" testId="0cce0639-31ca-e8e3-4d39-75679771d958" testName="prod_online_server" computerName="NETBOOK" duration="00:00:00.1066768" startTime="2011-07-10T08:20:49.4878993+02:00" endTime="2011-07-10T08:20:52.6760817+02:00" testType="13cdc9d9-ddb5-4fa4-a97d-d965ccfc6d4b" outcome="Passed" testListId="8c84fa94-04c1-424b-9868-57a2d4851a1d" relativeResultsDirectory="e8adb3e9-928f-47c2-86a5-32fe93a6a3c6">
    </UnitTestResult>
    <UnitTestResult executionId="311eb485-e185-4499-92db-d7aec18215c1" testId="1848f59f-dcde-d8ba-f776-0b25437d84b6" testName="auditService_appServer_Dev_updateCustomer" computerName="NETBOOK" duration="00:00:00.0027100" startTime="2011-07-10T08:20:52.7220843+02:00" endTime="2011-07-10T08:20:52.7910883+02:00" testType="13cdc9d9-ddb5-4fa4-a97d-d965ccfc6d4b" outcome="Passed" testListId="8c84fa94-04c1-424b-9868-57a2d4851a1d" relativeResultsDirectory="311eb485-e185-4499-92db-d7aec18215c1">
    </UnitTestResult>
    <UnitTestResult executionId="29693c47-dc90-4071-8eb9-d952f8d34e68" testId="1d783d32-0124-474a-5fb9-3ad630219c07" testName="all_values_with_specific_references" computerName="NETBOOK" duration="00:00:00.0166683" startTime="2011-07-10T08:20:52.8350908+02:00" endTime="2011-07-10T08:20:52.8950942+02:00" testType="13cdc9d9-ddb5-4fa4-a97d-d965ccfc6d4b" outcome="Passed" testListId="8c84fa94-04c1-424b-9868-57a2d4851a1d" relativeResultsDirectory="29693c47-dc90-4071-8eb9-d952f8d34e68">
    </UnitTestResult>
    <UnitTestResult executionId="c2310b25-62bd-45a9-833b-6d78fe755ee6" testId="31ad7b39-df69-4841-24c6-23bb75f0e170" testName="auditService_appServer_prod_UpdateCustomer" computerName="NETBOOK" duration="00:00:00.0032587" startTime="2011-07-10T08:20:52.9250959+02:00" endTime="2011-07-10T08:20:53.0081007+02:00" testType="13cdc9d9-ddb5-4fa4-a97d-d965ccfc6d4b" outcome="Passed" testListId="8c84fa94-04c1-424b-9868-57a2d4851a1d" relativeResultsDirectory="c2310b25-62bd-45a9-833b-6d78fe755ee6">
    </UnitTestResult>
    <UnitTestResult executionId="c0b79edd-9f09-40fd-9afa-9e4629a97e6c" testId="357c4318-c11f-93f7-f252-98bfca53e32a" testName="prod_onlineServer_auditService" computerName="NETBOOK" duration="00:00:00.0031084" startTime="2011-07-10T08:20:53.0661040+02:00" endTime="2011-07-10T08:20:53.1081064+02:00" testType="13cdc9d9-ddb5-4fa4-a97d-d965ccfc6d4b" outcome="Passed" testListId="8c84fa94-04c1-424b-9868-57a2d4851a1d" relativeResultsDirectory="c0b79edd-9f09-40fd-9afa-9e4629a97e6c">
    </UnitTestResult>
    <UnitTestResult executionId="aba513fb-be34-439c-96ff-1e19f0f03da2" testId="5aa4e3a8-5df8-954e-6c99-969563df9fc3" testName="aaa" computerName="NETBOOK" duration="00:00:00.0014319" startTime="2011-07-10T08:20:53.1411083+02:00" endTime="2011-07-10T08:20:53.1811106+02:00" testType="13cdc9d9-ddb5-4fa4-a97d-d965ccfc6d4b" outcome="Passed" testListId="8c84fa94-04c1-424b-9868-57a2d4851a1d" relativeResultsDirectory="aba513fb-be34-439c-96ff-1e19f0f03da2">
    </UnitTestResult>
    <UnitTestResult executionId="d3abe2cf-7475-40dc-83f4-abb0fe2f6205" testId="5d8e5a36-2169-9cd5-a3e6-85587870e8f6" testName="TestObjectModelConfiguration" computerName="NETBOOK" duration="00:00:16.6823602" startTime="2011-07-10T08:20:53.2281133+02:00" endTime="2011-07-10T08:21:09.9680707+02:00" testType="13cdc9d9-ddb5-4fa4-a97d-d965ccfc6d4b" outcome="Passed" testListId="8c84fa94-04c1-424b-9868-57a2d4851a1d" relativeResultsDirectory="d3abe2cf-7475-40dc-83f4-abb0fe2f6205">
    </UnitTestResult>
    <UnitTestResult executionId="ba2a3df1-a39f-481b-8f70-b94a600da482" testId="68eb0417-dab8-6b25-a0a9-0a7a95c92efe" testName="Test1" computerName="NETBOOK" duration="00:00:00.0030432" startTime="2011-07-10T08:21:10.0840774+02:00" endTime="2011-07-10T08:21:10.1250797+02:00" testType="13cdc9d9-ddb5-4fa4-a97d-d965ccfc6d4b" outcome="Passed" testListId="8c84fa94-04c1-424b-9868-57a2d4851a1d" relativeResultsDirectory="ba2a3df1-a39f-481b-8f70-b94a600da482">
    </UnitTestResult>
    <UnitTestResult executionId="aadb6a12-4986-4018-997c-799555ea5898" testId="73586542-bb33-746b-6934-aa3f28ab2f57" testName="one_value_with_specific_reference_and_one_with_ALL_reference" computerName="NETBOOK" duration="00:00:00.0015588" startTime="2011-07-10T08:21:10.1510812+02:00" endTime="2011-07-10T08:21:10.2260855+02:00" testType="13cdc9d9-ddb5-4fa4-a97d-d965ccfc6d4b" outcome="Passed" testListId="8c84fa94-04c1-424b-9868-57a2d4851a1d" relativeResultsDirectory="aadb6a12-4986-4018-997c-799555ea5898">
    </UnitTestResult>
    <UnitTestResult executionId="6764ce03-45bb-4f57-8823-98be6195d1d2" testId="81612c84-9e67-6bb3-5fdd-f6e1c0aaee54" testName="Dev_online_client" computerName="NETBOOK" duration="00:00:00.0020984" startTime="2011-07-10T08:21:10.2750883+02:00" endTime="2011-07-10T08:21:10.3520927+02:00" testType="13cdc9d9-ddb5-4fa4-a97d-d965ccfc6d4b" outcome="Passed" testListId="8c84fa94-04c1-424b-9868-57a2d4851a1d" relativeResultsDirectory="6764ce03-45bb-4f57-8823-98be6195d1d2">
    </UnitTestResult>
    <UnitTestResult executionId="605b2d47-ac4d-4ee5-b0fb-b18844349191" testId="86988aa3-e245-8763-5002-7aa6b57926c1" testName="auditService_appServer_Dev_GetAllCustomers" computerName="NETBOOK" duration="00:00:00.0023712" startTime="2011-07-10T08:21:10.4060958+02:00" endTime="2011-07-10T08:21:10.4520984+02:00" testType="13cdc9d9-ddb5-4fa4-a97d-d965ccfc6d4b" outcome="Passed" testListId="8c84fa94-04c1-424b-9868-57a2d4851a1d" relativeResultsDirectory="605b2d47-ac4d-4ee5-b0fb-b18844349191">
    </UnitTestResult>
    <UnitTestResult executionId="a6dfccb7-cb0d-4175-9e79-25e820a0da91" testId="88cb2420-bab5-c625-adf5-b51416e15f3c" testName="prod_online_client" computerName="NETBOOK" duration="00:00:00.0032187" startTime="2011-07-10T08:21:10.5021013+02:00" endTime="2011-07-10T08:21:10.6561101+02:00" testType="13cdc9d9-ddb5-4fa4-a97d-d965ccfc6d4b" outcome="Passed" testListId="8c84fa94-04c1-424b-9868-57a2d4851a1d" relativeResultsDirectory="a6dfccb7-cb0d-4175-9e79-25e820a0da91">
    </UnitTestResult>
    <UnitTestResult executionId="002adaa5-0285-4552-af9e-777ecd8b7b1c" testId="b6ab9756-cf95-b5eb-7319-df0d1ac2108b" testName="aa" computerName="NETBOOK" duration="00:00:00.0033856" startTime="2011-07-10T08:21:10.7101132+02:00" endTime="2011-07-10T08:21:10.8381205+02:00" testType="13cdc9d9-ddb5-4fa4-a97d-d965ccfc6d4b" outcome="Passed" testListId="8c84fa94-04c1-424b-9868-57a2d4851a1d" relativeResultsDirectory="002adaa5-0285-4552-af9e-777ecd8b7b1c">
    </UnitTestResult>
    <UnitTestResult executionId="ba66828f-a215-4ad1-9853-a893d35a0ec2" testId="c83e054a-d14a-a089-eb54-fbcccf928366" testName="auditService_appServer_prod_GetAllCustomers" computerName="NETBOOK" duration="00:00:00.0040582" startTime="2011-07-10T08:21:11.4281542+02:00" endTime="2011-07-10T08:21:11.5971639+02:00" testType="13cdc9d9-ddb5-4fa4-a97d-d965ccfc6d4b" outcome="Passed" testListId="8c84fa94-04c1-424b-9868-57a2d4851a1d" relativeResultsDirectory="ba66828f-a215-4ad1-9853-a893d35a0ec2">
    </UnitTestResult>
    <UnitTestResult executionId="62968b47-35a3-4905-8cf0-7913408e1cf6" testId="d9af1d75-68cd-824c-5313-177c87cf728b" testName="test2" computerName="NETBOOK" duration="00:00:00.0027937" startTime="2011-07-10T08:21:11.8521785+02:00" endTime="2011-07-10T08:21:12.3672080+02:00" testType="13cdc9d9-ddb5-4fa4-a97d-d965ccfc6d4b" outcome="Passed" testListId="8c84fa94-04c1-424b-9868-57a2d4851a1d" relativeResultsDirectory="62968b47-35a3-4905-8cf0-7913408e1cf6">
    </UnitTestResult>
    <UnitTestResult executionId="20668222-9c8e-4fad-b2e2-4a2c731cc705" testId="ea2e3f01-2781-85d2-a937-3707125cbc23" testName="dev_online_server" computerName="NETBOOK" duration="00:00:00.0083344" startTime="2011-07-10T08:21:12.5272171+02:00" endTime="2011-07-10T08:21:12.5952210+02:00" testType="13cdc9d9-ddb5-4fa4-a97d-d965ccfc6d4b" outcome="Passed" testListId="8c84fa94-04c1-424b-9868-57a2d4851a1d" relativeResultsDirectory="20668222-9c8e-4fad-b2e2-4a2c731cc705">
    </UnitTestResult>
    <UnitTestResult executionId="dfc41320-d84e-4ce8-a2fd-0f89bc51bcda" testId="ebac121c-774c-7382-9e07-eec0877ee019" testName="TestXMLConfiguration_load_from_file" computerName="NETBOOK" duration="00:00:00.2214099" startTime="2011-07-10T08:21:12.6592247+02:00" endTime="2011-07-10T08:21:13.4592704+02:00" testType="13cdc9d9-ddb5-4fa4-a97d-d965ccfc6d4b" outcome="Passed" testListId="8c84fa94-04c1-424b-9868-57a2d4851a1d" relativeResultsDirectory="dfc41320-d84e-4ce8-a2fd-0f89bc51bcda">
    </UnitTestResult>
  </Results>
</TestRun>