<?xml version="1.0" encoding="UTF-8"?>
<TestRun id="009c5018-99fa-49a0-8b4c-8cc7e56ae708" name="avi@NETBOOK 2011-06-21 07:26:23" runUser="netbook\avi" xmlns="http://microsoft.com/schemas/VisualStudio/TeamTest/2010">
  <TestSettings name="Local" id="8ca21acd-1fe6-4269-b5af-3ea22afc0391">
    <Description>These are default test settings for a local test run.</Description>
    <Deployment enabled="false" runDeploymentRoot="avi_NETBOOK 2011-06-21 07_26_23">
      <DeploymentItem filename="D:\work\NConfig\NConfig\NConfig.XML\bin\Debug\NConfig.XML.dll" />
      <DeploymentItem filename="D:\work\NConfig\NConfig\NConfig\bin\Debug\NConfig.dll" />
    </Deployment>
    <Execution>
      <TestTypeSpecific />
      <AgentRule name="Execution Agents">
      </AgentRule>
    </Execution>
  </TestSettings>
  <Times creation="2011-06-21T07:26:23.3033486+02:00" queuing="2011-06-21T07:26:31.3028061+02:00" start="2011-06-21T07:26:32.2568607+02:00" finish="2011-06-21T07:27:03.5576510+02:00" />
  <ResultSummary outcome="Error">
    <Counters total="1" executed="1" error="0" failed="0" timeout="0" aborted="1" inconclusive="0" passedButRunAborted="0" notRunnable="0" notExecuted="0" disconnected="0" warning="0" passed="0" completed="0" inProgress="0" pending="0" />
    <RunInfos>
      <RunInfo computerName="NETBOOK" outcome="Error" timestamp="2011-06-21T07:27:03.5486505+02:00">
        <Text>Test host process exited unexpectedly.</Text>
      </RunInfo>
    </RunInfos>
  </ResultSummary>
  <TestDefinitions>
    <UnitTest name="TestXMLConfiguration" storage="d:\work\nconfig\nconfig\nconfigtests\bin\debug\nconfigtests.dll" id="97621574-0702-18aa-5b36-9e4c3d33fd05">
      <Execution id="b7f5490d-71c6-42a6-9283-d1c238037413" />
      <TestMethod codeBase="D:/work/NConfig/NConfig/NConfigTests/bin/Debug/NConfigTests.DLL" adapterTypeName="Microsoft.VisualStudio.TestTools.TestTypes.Unit.UnitTestAdapter, Microsoft.VisualStudio.QualityTools.Tips.UnitTest.Adapter, Version=10.0.0.0, Culture=neutral, PublicKeyToken=b03f5f7f11d50a3a" className="TestProject1.UnitTest1, NConfigTests, Version=1.0.0.0, Culture=neutral, PublicKeyToken=null" name="TestXMLConfiguration" />
    </UnitTest>
  </TestDefinitions>
  <TestLists>
    <TestList name="Results Not in a List" id="8c84fa94-04c1-424b-9868-57a2d4851a1d" />
    <TestList name="All Loaded Results" id="19431567-8539-422a-85d7-44ee4e166bda" />
  </TestLists>
  <TestEntries>
    <TestEntry testId="97621574-0702-18aa-5b36-9e4c3d33fd05" executionId="b7f5490d-71c6-42a6-9283-d1c238037413" testListId="8c84fa94-04c1-424b-9868-57a2d4851a1d" />
  </TestEntries>
  <Results>
    <UnitTestResult executionId="b7f5490d-71c6-42a6-9283-d1c238037413" testId="97621574-0702-18aa-5b36-9e4c3d33fd05" testName="TestXMLConfiguration" computerName="NETBOOK" duration="00:00:30.5077450" startTime="2011-06-21T07:26:33.0499060+02:00" endTime="2011-06-21T07:27:03.5576510+02:00" testType="13cdc9d9-ddb5-4fa4-a97d-d965ccfc6d4b" outcome="Aborted" testListId="8c84fa94-04c1-424b-9868-57a2d4851a1d" relativeResultsDirectory="b7f5490d-71c6-42a6-9283-d1c238037413">
    </UnitTestResult>
  </Results>
</TestRun>