<?xml version="1.0" encoding="UTF-8"?>
<TestRun id="41e26179-552d-481f-8cfe-5dfeb39394cd" name="avi@NETBOOK 2011-07-26 08:44:34" runUser="netbook\avi" xmlns="http://microsoft.com/schemas/VisualStudio/TeamTest/2010">
  <TestSettings name="Local" id="8ca21acd-1fe6-4269-b5af-3ea22afc0391">
    <Description>These are default test settings for a local test run.</Description>
    <Deployment runDeploymentRoot="avi_NETBOOK 2011-07-26 08_44_34">
      <DeploymentItem filename="D:\work\NConfig\NConfig\NConfig.Windsor\bin\Debug\NConfig.Windsor.dll" />
      <DeploymentItem filename="D:\work\NConfig\NConfig\bin\Common.dll" />
      <DeploymentItem filename="D:\work\NConfig\NConfig\NConfig\bin\Debug\NConfig.dll" />
      <DeploymentItem filename="bin\Configuration.xml" />
      <DeploymentItem filename="D:\work\NConfig\NConfig\bin\Client.exe" />
      <DeploymentItem filename="D:\work\NConfig\NConfig\NConfig.Windsor\Castle.Windsor.dll" />
      <DeploymentItem filename="D:\work\NConfig\NConfig\NConfig.Windsor\Castle.Core.dll" />
      <DeploymentItem filename="NConfigTests\bin\Debug\TestConfiguration.xml" />
      <DeploymentItem filename="D:\work\NConfig\NConfig\bin\Server.exe" />
      <DeploymentItem filename="D:\work\NConfig\NConfig\NConfig.XML\bin\Debug\NConfig.XML.dll" />
    </Deployment>
    <Execution>
      <TestTypeSpecific>
        <UnitTestRunConfig testTypeId="13cdc9d9-ddb5-4fa4-a97d-d965ccfc6d4b">
          <AssemblyResolution>
            <TestDirectory useLoadContext="true" />
          </AssemblyResolution>
        </UnitTestRunConfig>
        <WebTestRunConfiguration testTypeId="4e7599fa-5ecb-43e9-a887-cd63cf72d207">
          <Browser name="Internet Explorer 7.0">
            <Headers>
              <Header name="User-Agent" value="Mozilla/4.0 (compatible; MSIE 7.0; Windows NT 5.1)" />
              <Header name="Accept" value="*/*" />
              <Header name="Accept-Language" value="{{$IEAcceptLanguage}}" />
              <Header name="Accept-Encoding" value="GZIP" />
            </Headers>
          </Browser>
        </WebTestRunConfiguration>
      </TestTypeSpecific>
      <AgentRule name="LocalMachineDefaultRole">
      </AgentRule>
    </Execution>
  </TestSettings>
  <Times creation="2011-07-26T08:44:34.1686359+02:00" queuing="2011-07-26T08:44:43.5851745+02:00" start="2011-07-26T08:44:44.8812487+02:00" finish="2011-07-26T08:45:00.2491277+02:00" />
  <ResultSummary outcome="Completed">
    <Counters total="24" executed="24" passed="24" error="0" failed="0" timeout="0" aborted="0" inconclusive="0" passedButRunAborted="0" notRunnable="0" notExecuted="0" disconnected="0" warning="0" completed="0" inProgress="0" pending="0" />
  </ResultSummary>
  <TestDefinitions>
    <UnitTest name="prod_online_client" storage="d:\work\nconfig\nconfig\nconfigtests\bin\debug\nconfig.tests.dll" id="88cb2420-bab5-c625-adf5-b51416e15f3c">
      <Execution id="0daa72b3-adf6-4472-bcea-6caf6fcc7ddc" />
      <TestMethod codeBase="D:/work/NConfig/NConfig/NConfigTests/bin/Debug/NConfig.Tests.DLL" adapterTypeName="Microsoft.VisualStudio.TestTools.TestTypes.Unit.UnitTestAdapter, Microsoft.VisualStudio.QualityTools.Tips.UnitTest.Adapter, Version=10.0.0.0, Culture=neutral, PublicKeyToken=b03f5f7f11d50a3a" className="NConfig.Tests.FilterPolicySingleValueTest, NConfig.Tests, Version=1.0.0.0, Culture=neutral, PublicKeyToken=null" name="prod_online_client" />
    </UnitTest>
    <UnitTest name="LoggingConfiguration_for_ProductsService_and_machine2" storage="d:\work\nconfig\nconfig\sampletests\bin\debug\sampletests.dll" id="7e2b318d-529d-4205-a91a-4b96bf257536">
      <Execution id="a81fae52-80d9-4685-97dd-60e97df21792" />
      <TestMethod codeBase="D:/work/NConfig/NConfig/SampleTests/bin/Debug/SampleTests.DLL" adapterTypeName="Microsoft.VisualStudio.TestTools.TestTypes.Unit.UnitTestAdapter, Microsoft.VisualStudio.QualityTools.Tips.UnitTest.Adapter, Version=10.0.0.0, Culture=neutral, PublicKeyToken=b03f5f7f11d50a3a" className="SampleTests.ConfigurationTest, SampleTests, Version=1.0.0.0, Culture=neutral, PublicKeyToken=null" name="LoggingConfiguration_for_ProductsService_and_machine2" />
    </UnitTest>
    <UnitTest name="auditService_appServer_Dev_GetAllCustomers" storage="d:\work\nconfig\nconfig\nconfigtests\bin\debug\nconfig.tests.dll" id="86988aa3-e245-8763-5002-7aa6b57926c1">
      <Execution id="bc2e0926-121f-47d4-b7f4-44d82214aef2" />
      <TestMethod codeBase="D:/work/NConfig/NConfig/NConfigTests/bin/Debug/NConfig.Tests.DLL" adapterTypeName="Microsoft.VisualStudio.TestTools.TestTypes.Unit.UnitTestAdapter, Microsoft.VisualStudio.QualityTools.Tips.UnitTest.Adapter, Version=10.0.0.0, Culture=neutral, PublicKeyToken=b03f5f7f11d50a3a" className="NConfig.Tests.FilterPolicySingleValueTest, NConfig.Tests, Version=1.0.0.0, Culture=neutral, PublicKeyToken=null" name="auditService_appServer_Dev_GetAllCustomers" />
    </UnitTest>
    <UnitTest name="Test1" storage="d:\work\nconfig\nconfig\nconfigtests\bin\debug\nconfig.tests.dll" id="68eb0417-dab8-6b25-a0a9-0a7a95c92efe">
      <Execution id="a9084d07-2343-4196-8e5a-2b83784a1959" />
      <TestMethod codeBase="D:/work/NConfig/NConfig/NConfigTests/bin/Debug/NConfig.Tests.DLL" adapterTypeName="Microsoft.VisualStudio.TestTools.TestTypes.Unit.UnitTestAdapter, Microsoft.VisualStudio.QualityTools.Tips.UnitTest.Adapter, Version=10.0.0.0, Culture=neutral, PublicKeyToken=b03f5f7f11d50a3a" className="NConfig.Tests.BestMatchRuleTest, NConfig.Tests, Version=1.0.0.0, Culture=neutral, PublicKeyToken=null" name="Test1" />
    </UnitTest>
    <UnitTest name="auditService_appServer_prod_GetAllCustomers" storage="d:\work\nconfig\nconfig\nconfigtests\bin\debug\nconfig.tests.dll" id="c83e054a-d14a-a089-eb54-fbcccf928366">
      <Execution id="7ad2d4a0-7b8e-4d43-bd58-8b072b2f9dfa" />
      <TestMethod codeBase="D:/work/NConfig/NConfig/NConfigTests/bin/Debug/NConfig.Tests.DLL" adapterTypeName="Microsoft.VisualStudio.TestTools.TestTypes.Unit.UnitTestAdapter, Microsoft.VisualStudio.QualityTools.Tips.UnitTest.Adapter, Version=10.0.0.0, Culture=neutral, PublicKeyToken=b03f5f7f11d50a3a" className="NConfig.Tests.FilterPolicySingleValueTest, NConfig.Tests, Version=1.0.0.0, Culture=neutral, PublicKeyToken=null" name="auditService_appServer_prod_GetAllCustomers" />
    </UnitTest>
    <UnitTest name="Dev_online_client" storage="d:\work\nconfig\nconfig\nconfigtests\bin\debug\nconfig.tests.dll" id="81612c84-9e67-6bb3-5fdd-f6e1c0aaee54">
      <Execution id="c76267a1-7ef7-468d-a69c-053b61497069" />
      <TestMethod codeBase="D:/work/NConfig/NConfig/NConfigTests/bin/Debug/NConfig.Tests.DLL" adapterTypeName="Microsoft.VisualStudio.TestTools.TestTypes.Unit.UnitTestAdapter, Microsoft.VisualStudio.QualityTools.Tips.UnitTest.Adapter, Version=10.0.0.0, Culture=neutral, PublicKeyToken=b03f5f7f11d50a3a" className="NConfig.Tests.FilterPolicySingleValueTest, NConfig.Tests, Version=1.0.0.0, Culture=neutral, PublicKeyToken=null" name="Dev_online_client" />
    </UnitTest>
    <UnitTest name="prod_onlineServer_auditService" storage="d:\work\nconfig\nconfig\nconfigtests\bin\debug\nconfig.tests.dll" id="357c4318-c11f-93f7-f252-98bfca53e32a">
      <Execution id="ed324ed2-0849-446d-a685-d43f69b93d27" />
      <TestMethod codeBase="D:/work/NConfig/NConfig/NConfigTests/bin/Debug/NConfig.Tests.DLL" adapterTypeName="Microsoft.VisualStudio.TestTools.TestTypes.Unit.UnitTestAdapter, Microsoft.VisualStudio.QualityTools.Tips.UnitTest.Adapter, Version=10.0.0.0, Culture=neutral, PublicKeyToken=b03f5f7f11d50a3a" className="NConfig.Tests.FilterPolicySingleValueTest, NConfig.Tests, Version=1.0.0.0, Culture=neutral, PublicKeyToken=null" name="prod_onlineServer_auditService" />
    </UnitTest>
    <UnitTest name="prod_online_server" storage="d:\work\nconfig\nconfig\nconfigtests\bin\debug\nconfig.tests.dll" id="0cce0639-31ca-e8e3-4d39-75679771d958">
      <Execution id="3783ab71-a594-4df4-8d3a-addb222c112a" />
      <TestMethod codeBase="D:/work/NConfig/NConfig/NConfigTests/bin/Debug/NConfig.Tests.DLL" adapterTypeName="Microsoft.VisualStudio.TestTools.TestTypes.Unit.UnitTestAdapter, Microsoft.VisualStudio.QualityTools.Tips.UnitTest.Adapter, Version=10.0.0.0, Culture=neutral, PublicKeyToken=b03f5f7f11d50a3a" className="NConfig.Tests.FilterPolicySingleValueTest, NConfig.Tests, Version=1.0.0.0, Culture=neutral, PublicKeyToken=null" name="prod_online_server" />
    </UnitTest>
    <UnitTest name="LoggingConfiguration_for_ProductsServiceAdapter_and_machine2" storage="d:\work\nconfig\nconfig\sampletests\bin\debug\sampletests.dll" id="e688a743-96de-823a-8078-4db12634f7fb">
      <Execution id="18c36d7a-fa27-453f-adf0-ff77c99d64c0" />
      <TestMethod codeBase="D:/work/NConfig/NConfig/SampleTests/bin/Debug/SampleTests.DLL" adapterTypeName="Microsoft.VisualStudio.TestTools.TestTypes.Unit.UnitTestAdapter, Microsoft.VisualStudio.QualityTools.Tips.UnitTest.Adapter, Version=10.0.0.0, Culture=neutral, PublicKeyToken=b03f5f7f11d50a3a" className="SampleTests.ConfigurationTest, SampleTests, Version=1.0.0.0, Culture=neutral, PublicKeyToken=null" name="LoggingConfiguration_for_ProductsServiceAdapter_and_machine2" />
    </UnitTest>
    <UnitTest name="auditService_appServer_prod_UpdateCustomer" storage="d:\work\nconfig\nconfig\nconfigtests\bin\debug\nconfig.tests.dll" id="31ad7b39-df69-4841-24c6-23bb75f0e170">
      <Execution id="16aa4daa-5887-4a0c-a272-ab0577b70349" />
      <TestMethod codeBase="D:/work/NConfig/NConfig/NConfigTests/bin/Debug/NConfig.Tests.DLL" adapterTypeName="Microsoft.VisualStudio.TestTools.TestTypes.Unit.UnitTestAdapter, Microsoft.VisualStudio.QualityTools.Tips.UnitTest.Adapter, Version=10.0.0.0, Culture=neutral, PublicKeyToken=b03f5f7f11d50a3a" className="NConfig.Tests.FilterPolicySingleValueTest, NConfig.Tests, Version=1.0.0.0, Culture=neutral, PublicKeyToken=null" name="auditService_appServer_prod_UpdateCustomer" />
    </UnitTest>
    <UnitTest name="one_value_with_specific_reference_and_one_with_ALL_reference" storage="d:\work\nconfig\nconfig\nconfigtests\bin\debug\nconfig.tests.dll" id="73586542-bb33-746b-6934-aa3f28ab2f57">
      <Execution id="29735a79-736a-4848-bb27-eafff9a739dc" />
      <TestMethod codeBase="D:/work/NConfig/NConfig/NConfigTests/bin/Debug/NConfig.Tests.DLL" adapterTypeName="Microsoft.VisualStudio.TestTools.TestTypes.Unit.UnitTestAdapter, Microsoft.VisualStudio.QualityTools.Tips.UnitTest.Adapter, Version=10.0.0.0, Culture=neutral, PublicKeyToken=b03f5f7f11d50a3a" className="NConfig.Tests.BestMatchRuleTest, NConfig.Tests, Version=1.0.0.0, Culture=neutral, PublicKeyToken=null" name="one_value_with_specific_reference_and_one_with_ALL_reference" />
    </UnitTest>
    <UnitTest name="dev_online_server" storage="d:\work\nconfig\nconfig\nconfigtests\bin\debug\nconfig.tests.dll" id="ea2e3f01-2781-85d2-a937-3707125cbc23">
      <Execution id="9edf2f92-7131-43ad-ad9c-80bf8d68ecca" />
      <TestMethod codeBase="D:/work/NConfig/NConfig/NConfigTests/bin/Debug/NConfig.Tests.DLL" adapterTypeName="Microsoft.VisualStudio.TestTools.TestTypes.Unit.UnitTestAdapter, Microsoft.VisualStudio.QualityTools.Tips.UnitTest.Adapter, Version=10.0.0.0, Culture=neutral, PublicKeyToken=b03f5f7f11d50a3a" className="NConfig.Tests.FilterPolicySingleValueTest, NConfig.Tests, Version=1.0.0.0, Culture=neutral, PublicKeyToken=null" name="dev_online_server" />
    </UnitTest>
    <UnitTest name="LoggingConfiguration_for_LoginServiceAdapter_and_machine2" storage="d:\work\nconfig\nconfig\sampletests\bin\debug\sampletests.dll" id="dbf5cc02-1f3a-43bc-34f0-4a69e955333c">
      <Execution id="a697f025-e72e-48b0-8b71-5707d3264228" />
      <TestMethod codeBase="D:/work/NConfig/NConfig/SampleTests/bin/Debug/SampleTests.DLL" adapterTypeName="Microsoft.VisualStudio.TestTools.TestTypes.Unit.UnitTestAdapter, Microsoft.VisualStudio.QualityTools.Tips.UnitTest.Adapter, Version=10.0.0.0, Culture=neutral, PublicKeyToken=b03f5f7f11d50a3a" className="SampleTests.ConfigurationTest, SampleTests, Version=1.0.0.0, Culture=neutral, PublicKeyToken=null" name="LoggingConfiguration_for_LoginServiceAdapter_and_machine2" />
    </UnitTest>
    <UnitTest name="aaa" storage="d:\work\nconfig\nconfig\nconfigtests\bin\debug\nconfig.tests.dll" id="5aa4e3a8-5df8-954e-6c99-969563df9fc3">
      <Execution id="f8627a20-e89b-41a7-b650-bb4b74e9952f" />
      <TestMethod codeBase="D:/work/NConfig/NConfig/NConfigTests/bin/Debug/NConfig.Tests.DLL" adapterTypeName="Microsoft.VisualStudio.TestTools.TestTypes.Unit.UnitTestAdapter, Microsoft.VisualStudio.QualityTools.Tips.UnitTest.Adapter, Version=10.0.0.0, Culture=neutral, PublicKeyToken=b03f5f7f11d50a3a" className="NConfig.Tests.BestMatchRuleTest, NConfig.Tests, Version=1.0.0.0, Culture=neutral, PublicKeyToken=null" name="aaa" />
    </UnitTest>
    <UnitTest name="TestObjectModelConfiguration" storage="d:\work\nconfig\nconfig\nconfigtests\bin\debug\nconfig.tests.dll" id="5d8e5a36-2169-9cd5-a3e6-85587870e8f6">
      <Execution id="0cd87b7a-c4de-4f03-98f3-5ff6a6bc9225" />
      <TestMethod codeBase="D:/work/NConfig/NConfig/NConfigTests/bin/Debug/NConfig.Tests.DLL" adapterTypeName="Microsoft.VisualStudio.TestTools.TestTypes.Unit.UnitTestAdapter, Microsoft.VisualStudio.QualityTools.Tips.UnitTest.Adapter, Version=10.0.0.0, Culture=neutral, PublicKeyToken=b03f5f7f11d50a3a" className="NConfig.Tests.UnitTest1, NConfig.Tests, Version=1.0.0.0, Culture=neutral, PublicKeyToken=null" name="TestObjectModelConfiguration" />
    </UnitTest>
    <UnitTest name="LoginServiceAdapter_for_IProductsService" storage="d:\work\nconfig\nconfig\sampletests\bin\debug\sampletests.dll" id="f3b666dd-717a-4ecc-c8ac-826267d0249c">
      <Execution id="a9e7f35e-b13e-462a-a561-230ddde73d82" />
      <TestMethod codeBase="D:/work/NConfig/NConfig/SampleTests/bin/Debug/SampleTests.DLL" adapterTypeName="Microsoft.VisualStudio.TestTools.TestTypes.Unit.UnitTestAdapter, Microsoft.VisualStudio.QualityTools.Tips.UnitTest.Adapter, Version=10.0.0.0, Culture=neutral, PublicKeyToken=b03f5f7f11d50a3a" className="SampleTests.ConfigurationTest, SampleTests, Version=1.0.0.0, Culture=neutral, PublicKeyToken=null" name="LoginServiceAdapter_for_IProductsService" />
    </UnitTest>
    <UnitTest name="LoggingConfiguration_for_LoginService_and_machine2" storage="d:\work\nconfig\nconfig\sampletests\bin\debug\sampletests.dll" id="242e4608-8105-8dc6-15d4-a3478d96811c">
      <Execution id="eb5434c4-dad7-4d2d-b185-136f3bff0364" />
      <TestMethod codeBase="D:/work/NConfig/NConfig/SampleTests/bin/Debug/SampleTests.DLL" adapterTypeName="Microsoft.VisualStudio.TestTools.TestTypes.Unit.UnitTestAdapter, Microsoft.VisualStudio.QualityTools.Tips.UnitTest.Adapter, Version=10.0.0.0, Culture=neutral, PublicKeyToken=b03f5f7f11d50a3a" className="SampleTests.ConfigurationTest, SampleTests, Version=1.0.0.0, Culture=neutral, PublicKeyToken=null" name="LoggingConfiguration_for_LoginService_and_machine2" />
    </UnitTest>
    <UnitTest name="LoginServiceAdapter_for_ILoginService" storage="d:\work\nconfig\nconfig\sampletests\bin\debug\sampletests.dll" id="9416a6ef-9f6c-8747-5d06-ff6f00bf9639">
      <Execution id="551cff4c-861d-4ea7-9dfb-816bc54e5a51" />
      <TestMethod codeBase="D:/work/NConfig/NConfig/SampleTests/bin/Debug/SampleTests.DLL" adapterTypeName="Microsoft.VisualStudio.TestTools.TestTypes.Unit.UnitTestAdapter, Microsoft.VisualStudio.QualityTools.Tips.UnitTest.Adapter, Version=10.0.0.0, Culture=neutral, PublicKeyToken=b03f5f7f11d50a3a" className="SampleTests.ConfigurationTest, SampleTests, Version=1.0.0.0, Culture=neutral, PublicKeyToken=null" name="LoginServiceAdapter_for_ILoginService" />
    </UnitTest>
    <UnitTest name="all_values_with_specific_references" storage="d:\work\nconfig\nconfig\nconfigtests\bin\debug\nconfig.tests.dll" id="1d783d32-0124-474a-5fb9-3ad630219c07">
      <Execution id="f71ce4f5-1c49-4147-b4c1-a367d8a4cfa5" />
      <TestMethod codeBase="D:/work/NConfig/NConfig/NConfigTests/bin/Debug/NConfig.Tests.DLL" adapterTypeName="Microsoft.VisualStudio.TestTools.TestTypes.Unit.UnitTestAdapter, Microsoft.VisualStudio.QualityTools.Tips.UnitTest.Adapter, Version=10.0.0.0, Culture=neutral, PublicKeyToken=b03f5f7f11d50a3a" className="NConfig.Tests.BestMatchRuleTest, NConfig.Tests, Version=1.0.0.0, Culture=neutral, PublicKeyToken=null" name="all_values_with_specific_references" />
    </UnitTest>
    <UnitTest name="auditService_appServer_Dev_updateCustomer" storage="d:\work\nconfig\nconfig\nconfigtests\bin\debug\nconfig.tests.dll" id="1848f59f-dcde-d8ba-f776-0b25437d84b6">
      <Execution id="563a9457-6a26-45b5-ac94-a0f2ebd0341c" />
      <TestMethod codeBase="D:/work/NConfig/NConfig/NConfigTests/bin/Debug/NConfig.Tests.DLL" adapterTypeName="Microsoft.VisualStudio.TestTools.TestTypes.Unit.UnitTestAdapter, Microsoft.VisualStudio.QualityTools.Tips.UnitTest.Adapter, Version=10.0.0.0, Culture=neutral, PublicKeyToken=b03f5f7f11d50a3a" className="NConfig.Tests.FilterPolicySingleValueTest, NConfig.Tests, Version=1.0.0.0, Culture=neutral, PublicKeyToken=null" name="auditService_appServer_Dev_updateCustomer" />
    </UnitTest>
    <UnitTest name="TestXMLConfiguration_load_from_file" storage="d:\work\nconfig\nconfig\nconfigtests\bin\debug\nconfig.tests.dll" id="ebac121c-774c-7382-9e07-eec0877ee019">
      <Execution id="84eb7ada-c397-4589-989a-d6c1a632baf2" />
      <TestMethod codeBase="D:/work/NConfig/NConfig/NConfigTests/bin/Debug/NConfig.Tests.DLL" adapterTypeName="Microsoft.VisualStudio.TestTools.TestTypes.Unit.UnitTestAdapter, Microsoft.VisualStudio.QualityTools.Tips.UnitTest.Adapter, Version=10.0.0.0, Culture=neutral, PublicKeyToken=b03f5f7f11d50a3a" className="NConfig.Tests.UnitTest1, NConfig.Tests, Version=1.0.0.0, Culture=neutral, PublicKeyToken=null" name="TestXMLConfiguration_load_from_file" />
    </UnitTest>
    <UnitTest name="aa" storage="d:\work\nconfig\nconfig\nconfigtests\bin\debug\nconfig.tests.dll" id="b6ab9756-cf95-b5eb-7319-df0d1ac2108b">
      <Execution id="a196586d-90c7-4455-ab78-1a4a98e3a03e" />
      <TestMethod codeBase="D:/work/NConfig/NConfig/NConfigTests/bin/Debug/NConfig.Tests.DLL" adapterTypeName="Microsoft.VisualStudio.TestTools.TestTypes.Unit.UnitTestAdapter, Microsoft.VisualStudio.QualityTools.Tips.UnitTest.Adapter, Version=10.0.0.0, Culture=neutral, PublicKeyToken=b03f5f7f11d50a3a" className="NConfig.Tests.BestMatchRuleTest, NConfig.Tests, Version=1.0.0.0, Culture=neutral, PublicKeyToken=null" name="aa" />
    </UnitTest>
    <UnitTest name="test2" storage="d:\work\nconfig\nconfig\nconfigtests\bin\debug\nconfig.tests.dll" id="d9af1d75-68cd-824c-5313-177c87cf728b">
      <Execution id="bce8a8c1-7807-47cf-8346-ae63ac356123" />
      <TestMethod codeBase="D:/work/NConfig/NConfig/NConfigTests/bin/Debug/NConfig.Tests.DLL" adapterTypeName="Microsoft.VisualStudio.TestTools.TestTypes.Unit.UnitTestAdapter, Microsoft.VisualStudio.QualityTools.Tips.UnitTest.Adapter, Version=10.0.0.0, Culture=neutral, PublicKeyToken=b03f5f7f11d50a3a" className="NConfig.Tests.BestMatchRuleTest, NConfig.Tests, Version=1.0.0.0, Culture=neutral, PublicKeyToken=null" name="test2" />
    </UnitTest>
    <UnitTest name="LoggingConfiguration_for_LoginService_and_machine1" storage="d:\work\nconfig\nconfig\sampletests\bin\debug\sampletests.dll" id="4338a7f3-d1d3-0bec-7a5a-f4c2dca36a83">
      <Execution id="24e210f1-7379-4759-8660-c8dcbbc3f062" />
      <TestMethod codeBase="D:/work/NConfig/NConfig/SampleTests/bin/Debug/SampleTests.DLL" adapterTypeName="Microsoft.VisualStudio.TestTools.TestTypes.Unit.UnitTestAdapter, Microsoft.VisualStudio.QualityTools.Tips.UnitTest.Adapter, Version=10.0.0.0, Culture=neutral, PublicKeyToken=b03f5f7f11d50a3a" className="SampleTests.ConfigurationTest, SampleTests, Version=1.0.0.0, Culture=neutral, PublicKeyToken=null" name="LoggingConfiguration_for_LoginService_and_machine1" />
    </UnitTest>
  </TestDefinitions>
  <TestLists>
    <TestList name="Results Not in a List" id="8c84fa94-04c1-424b-9868-57a2d4851a1d" />
    <TestList name="All Loaded Results" id="19431567-8539-422a-85d7-44ee4e166bda" />
  </TestLists>
  <TestEntries>
    <TestEntry testId="0cce0639-31ca-e8e3-4d39-75679771d958" executionId="3783ab71-a594-4df4-8d3a-addb222c112a" testListId="8c84fa94-04c1-424b-9868-57a2d4851a1d" />
    <TestEntry testId="1848f59f-dcde-d8ba-f776-0b25437d84b6" executionId="563a9457-6a26-45b5-ac94-a0f2ebd0341c" testListId="8c84fa94-04c1-424b-9868-57a2d4851a1d" />
    <TestEntry testId="1d783d32-0124-474a-5fb9-3ad630219c07" executionId="f71ce4f5-1c49-4147-b4c1-a367d8a4cfa5" testListId="8c84fa94-04c1-424b-9868-57a2d4851a1d" />
    <TestEntry testId="242e4608-8105-8dc6-15d4-a3478d96811c" executionId="eb5434c4-dad7-4d2d-b185-136f3bff0364" testListId="8c84fa94-04c1-424b-9868-57a2d4851a1d" />
    <TestEntry testId="31ad7b39-df69-4841-24c6-23bb75f0e170" executionId="16aa4daa-5887-4a0c-a272-ab0577b70349" testListId="8c84fa94-04c1-424b-9868-57a2d4851a1d" />
    <TestEntry testId="357c4318-c11f-93f7-f252-98bfca53e32a" executionId="ed324ed2-0849-446d-a685-d43f69b93d27" testListId="8c84fa94-04c1-424b-9868-57a2d4851a1d" />
    <TestEntry testId="4338a7f3-d1d3-0bec-7a5a-f4c2dca36a83" executionId="24e210f1-7379-4759-8660-c8dcbbc3f062" testListId="8c84fa94-04c1-424b-9868-57a2d4851a1d" />
    <TestEntry testId="5aa4e3a8-5df8-954e-6c99-969563df9fc3" executionId="f8627a20-e89b-41a7-b650-bb4b74e9952f" testListId="8c84fa94-04c1-424b-9868-57a2d4851a1d" />
    <TestEntry testId="5d8e5a36-2169-9cd5-a3e6-85587870e8f6" executionId="0cd87b7a-c4de-4f03-98f3-5ff6a6bc9225" testListId="8c84fa94-04c1-424b-9868-57a2d4851a1d" />
    <TestEntry testId="68eb0417-dab8-6b25-a0a9-0a7a95c92efe" executionId="a9084d07-2343-4196-8e5a-2b83784a1959" testListId="8c84fa94-04c1-424b-9868-57a2d4851a1d" />
    <TestEntry testId="73586542-bb33-746b-6934-aa3f28ab2f57" executionId="29735a79-736a-4848-bb27-eafff9a739dc" testListId="8c84fa94-04c1-424b-9868-57a2d4851a1d" />
    <TestEntry testId="7e2b318d-529d-4205-a91a-4b96bf257536" executionId="a81fae52-80d9-4685-97dd-60e97df21792" testListId="8c84fa94-04c1-424b-9868-57a2d4851a1d" />
    <TestEntry testId="81612c84-9e67-6bb3-5fdd-f6e1c0aaee54" executionId="c76267a1-7ef7-468d-a69c-053b61497069" testListId="8c84fa94-04c1-424b-9868-57a2d4851a1d" />
    <TestEntry testId="86988aa3-e245-8763-5002-7aa6b57926c1" executionId="bc2e0926-121f-47d4-b7f4-44d82214aef2" testListId="8c84fa94-04c1-424b-9868-57a2d4851a1d" />
    <TestEntry testId="88cb2420-bab5-c625-adf5-b51416e15f3c" executionId="0daa72b3-adf6-4472-bcea-6caf6fcc7ddc" testListId="8c84fa94-04c1-424b-9868-57a2d4851a1d" />
    <TestEntry testId="9416a6ef-9f6c-8747-5d06-ff6f00bf9639" executionId="551cff4c-861d-4ea7-9dfb-816bc54e5a51" testListId="8c84fa94-04c1-424b-9868-57a2d4851a1d" />
    <TestEntry testId="b6ab9756-cf95-b5eb-7319-df0d1ac2108b" executionId="a196586d-90c7-4455-ab78-1a4a98e3a03e" testListId="8c84fa94-04c1-424b-9868-57a2d4851a1d" />
    <TestEntry testId="c83e054a-d14a-a089-eb54-fbcccf928366" executionId="7ad2d4a0-7b8e-4d43-bd58-8b072b2f9dfa" testListId="8c84fa94-04c1-424b-9868-57a2d4851a1d" />
    <TestEntry testId="d9af1d75-68cd-824c-5313-177c87cf728b" executionId="bce8a8c1-7807-47cf-8346-ae63ac356123" testListId="8c84fa94-04c1-424b-9868-57a2d4851a1d" />
    <TestEntry testId="dbf5cc02-1f3a-43bc-34f0-4a69e955333c" executionId="a697f025-e72e-48b0-8b71-5707d3264228" testListId="8c84fa94-04c1-424b-9868-57a2d4851a1d" />
    <TestEntry testId="e688a743-96de-823a-8078-4db12634f7fb" executionId="18c36d7a-fa27-453f-adf0-ff77c99d64c0" testListId="8c84fa94-04c1-424b-9868-57a2d4851a1d" />
    <TestEntry testId="ea2e3f01-2781-85d2-a937-3707125cbc23" executionId="9edf2f92-7131-43ad-ad9c-80bf8d68ecca" testListId="8c84fa94-04c1-424b-9868-57a2d4851a1d" />
    <TestEntry testId="ebac121c-774c-7382-9e07-eec0877ee019" executionId="84eb7ada-c397-4589-989a-d6c1a632baf2" testListId="8c84fa94-04c1-424b-9868-57a2d4851a1d" />
    <TestEntry testId="f3b666dd-717a-4ecc-c8ac-826267d0249c" executionId="a9e7f35e-b13e-462a-a561-230ddde73d82" testListId="8c84fa94-04c1-424b-9868-57a2d4851a1d" />
  </TestEntries>
  <Results>
    <UnitTestResult executionId="3783ab71-a594-4df4-8d3a-addb222c112a" testId="0cce0639-31ca-e8e3-4d39-75679771d958" testName="prod_online_server" computerName="NETBOOK" duration="00:00:00.3621817" startTime="2011-07-26T08:44:45.8443037+02:00" endTime="2011-07-26T08:44:49.9985414+02:00" testType="13cdc9d9-ddb5-4fa4-a97d-d965ccfc6d4b" outcome="Passed" testListId="8c84fa94-04c1-424b-9868-57a2d4851a1d" relativeResultsDirectory="3783ab71-a594-4df4-8d3a-addb222c112a">
    </UnitTestResult>
    <UnitTestResult executionId="563a9457-6a26-45b5-ac94-a0f2ebd0341c" testId="1848f59f-dcde-d8ba-f776-0b25437d84b6" testName="auditService_appServer_Dev_updateCustomer" computerName="NETBOOK" duration="00:00:00.0060778" startTime="2011-07-26T08:44:50.1515501+02:00" endTime="2011-07-26T08:44:50.2545560+02:00" testType="13cdc9d9-ddb5-4fa4-a97d-d965ccfc6d4b" outcome="Passed" testListId="8c84fa94-04c1-424b-9868-57a2d4851a1d" relativeResultsDirectory="563a9457-6a26-45b5-ac94-a0f2ebd0341c">
    </UnitTestResult>
    <UnitTestResult executionId="f71ce4f5-1c49-4147-b4c1-a367d8a4cfa5" testId="1d783d32-0124-474a-5fb9-3ad630219c07" testName="all_values_with_specific_references" computerName="NETBOOK" duration="00:00:00.0151871" startTime="2011-07-26T08:44:50.2915581+02:00" endTime="2011-07-26T08:44:50.4215656+02:00" testType="13cdc9d9-ddb5-4fa4-a97d-d965ccfc6d4b" outcome="Passed" testListId="8c84fa94-04c1-424b-9868-57a2d4851a1d" relativeResultsDirectory="f71ce4f5-1c49-4147-b4c1-a367d8a4cfa5">
    </UnitTestResult>
    <UnitTestResult executionId="eb5434c4-dad7-4d2d-b185-136f3bff0364" testId="242e4608-8105-8dc6-15d4-a3478d96811c" testName="LoggingConfiguration_for_LoginService_and_machine2" computerName="NETBOOK" duration="00:00:00.9224852" startTime="2011-07-26T08:44:50.4765687+02:00" endTime="2011-07-26T08:44:54.1817806+02:00" testType="13cdc9d9-ddb5-4fa4-a97d-d965ccfc6d4b" outcome="Passed" testListId="8c84fa94-04c1-424b-9868-57a2d4851a1d" relativeResultsDirectory="eb5434c4-dad7-4d2d-b185-136f3bff0364">
    </UnitTestResult>
    <UnitTestResult executionId="16aa4daa-5887-4a0c-a272-ab0577b70349" testId="31ad7b39-df69-4841-24c6-23bb75f0e170" testName="auditService_appServer_prod_UpdateCustomer" computerName="NETBOOK" duration="00:00:00.0028264" startTime="2011-07-26T08:44:54.2917869+02:00" endTime="2011-07-26T08:44:54.3317892+02:00" testType="13cdc9d9-ddb5-4fa4-a97d-d965ccfc6d4b" outcome="Passed" testListId="8c84fa94-04c1-424b-9868-57a2d4851a1d" relativeResultsDirectory="16aa4daa-5887-4a0c-a272-ab0577b70349">
    </UnitTestResult>
    <UnitTestResult executionId="ed324ed2-0849-446d-a685-d43f69b93d27" testId="357c4318-c11f-93f7-f252-98bfca53e32a" testName="prod_onlineServer_auditService" computerName="NETBOOK" duration="00:00:00.0023718" startTime="2011-07-26T08:44:54.3777918+02:00" endTime="2011-07-26T08:44:54.4197942+02:00" testType="13cdc9d9-ddb5-4fa4-a97d-d965ccfc6d4b" outcome="Passed" testListId="8c84fa94-04c1-424b-9868-57a2d4851a1d" relativeResultsDirectory="ed324ed2-0849-446d-a685-d43f69b93d27">
    </UnitTestResult>
    <UnitTestResult executionId="24e210f1-7379-4759-8660-c8dcbbc3f062" testId="4338a7f3-d1d3-0bec-7a5a-f4c2dca36a83" testName="LoggingConfiguration_for_LoginService_and_machine1" computerName="NETBOOK" duration="00:00:00.0151526" startTime="2011-07-26T08:44:54.4467958+02:00" endTime="2011-07-26T08:44:54.5588022+02:00" testType="13cdc9d9-ddb5-4fa4-a97d-d965ccfc6d4b" outcome="Passed" testListId="8c84fa94-04c1-424b-9868-57a2d4851a1d" relativeResultsDirectory="24e210f1-7379-4759-8660-c8dcbbc3f062">
    </UnitTestResult>
    <UnitTestResult executionId="f8627a20-e89b-41a7-b650-bb4b74e9952f" testId="5aa4e3a8-5df8-954e-6c99-969563df9fc3" testName="aaa" computerName="NETBOOK" duration="00:00:00.0027254" startTime="2011-07-26T08:44:54.6328064+02:00" endTime="2011-07-26T08:44:54.8988216+02:00" testType="13cdc9d9-ddb5-4fa4-a97d-d965ccfc6d4b" outcome="Passed" testListId="8c84fa94-04c1-424b-9868-57a2d4851a1d" relativeResultsDirectory="f8627a20-e89b-41a7-b650-bb4b74e9952f">
    </UnitTestResult>
    <UnitTestResult executionId="0cd87b7a-c4de-4f03-98f3-5ff6a6bc9225" testId="5d8e5a36-2169-9cd5-a3e6-85587870e8f6" testName="TestObjectModelConfiguration" computerName="NETBOOK" duration="00:00:01.9792044" startTime="2011-07-26T08:44:55.1008332+02:00" endTime="2011-07-26T08:44:57.4599681+02:00" testType="13cdc9d9-ddb5-4fa4-a97d-d965ccfc6d4b" outcome="Passed" testListId="8c84fa94-04c1-424b-9868-57a2d4851a1d" relativeResultsDirectory="0cd87b7a-c4de-4f03-98f3-5ff6a6bc9225">
    </UnitTestResult>
    <UnitTestResult executionId="a9084d07-2343-4196-8e5a-2b83784a1959" testId="68eb0417-dab8-6b25-a0a9-0a7a95c92efe" testName="Test1" computerName="NETBOOK" duration="00:00:00.0021045" startTime="2011-07-26T08:44:57.5519734+02:00" endTime="2011-07-26T08:44:57.6039764+02:00" testType="13cdc9d9-ddb5-4fa4-a97d-d965ccfc6d4b" outcome="Passed" testListId="8c84fa94-04c1-424b-9868-57a2d4851a1d" relativeResultsDirectory="a9084d07-2343-4196-8e5a-2b83784a1959">
    </UnitTestResult>
    <UnitTestResult executionId="29735a79-736a-4848-bb27-eafff9a739dc" testId="73586542-bb33-746b-6934-aa3f28ab2f57" testName="one_value_with_specific_reference_and_one_with_ALL_reference" computerName="NETBOOK" duration="00:00:00.0015939" startTime="2011-07-26T08:44:57.6349781+02:00" endTime="2011-07-26T08:44:57.6859811+02:00" testType="13cdc9d9-ddb5-4fa4-a97d-d965ccfc6d4b" outcome="Passed" testListId="8c84fa94-04c1-424b-9868-57a2d4851a1d" relativeResultsDirectory="29735a79-736a-4848-bb27-eafff9a739dc">
    </UnitTestResult>
    <UnitTestResult executionId="a81fae52-80d9-4685-97dd-60e97df21792" testId="7e2b318d-529d-4205-a91a-4b96bf257536" testName="LoggingConfiguration_for_ProductsService_and_machine2" computerName="NETBOOK" duration="00:00:00.0065304" startTime="2011-07-26T08:44:57.7229832+02:00" endTime="2011-07-26T08:44:57.7689858+02:00" testType="13cdc9d9-ddb5-4fa4-a97d-d965ccfc6d4b" outcome="Passed" testListId="8c84fa94-04c1-424b-9868-57a2d4851a1d" relativeResultsDirectory="a81fae52-80d9-4685-97dd-60e97df21792">
    </UnitTestResult>
    <UnitTestResult executionId="c76267a1-7ef7-468d-a69c-053b61497069" testId="81612c84-9e67-6bb3-5fdd-f6e1c0aaee54" testName="Dev_online_client" computerName="NETBOOK" duration="00:00:00.0034152" startTime="2011-07-26T08:44:57.8159885+02:00" endTime="2011-07-26T08:44:57.8749919+02:00" testType="13cdc9d9-ddb5-4fa4-a97d-d965ccfc6d4b" outcome="Passed" testListId="8c84fa94-04c1-424b-9868-57a2d4851a1d" relativeResultsDirectory="c76267a1-7ef7-468d-a69c-053b61497069">
    </UnitTestResult>
    <UnitTestResult executionId="bc2e0926-121f-47d4-b7f4-44d82214aef2" testId="86988aa3-e245-8763-5002-7aa6b57926c1" testName="auditService_appServer_Dev_GetAllCustomers" computerName="NETBOOK" duration="00:00:00.0023355" startTime="2011-07-26T08:44:57.9219946+02:00" endTime="2011-07-26T08:44:57.9649970+02:00" testType="13cdc9d9-ddb5-4fa4-a97d-d965ccfc6d4b" outcome="Passed" testListId="8c84fa94-04c1-424b-9868-57a2d4851a1d" relativeResultsDirectory="bc2e0926-121f-47d4-b7f4-44d82214aef2">
    </UnitTestResult>
    <UnitTestResult executionId="0daa72b3-adf6-4472-bcea-6caf6fcc7ddc" testId="88cb2420-bab5-c625-adf5-b51416e15f3c" testName="prod_online_client" computerName="NETBOOK" duration="00:00:00.0031780" startTime="2011-07-26T08:44:58.0019991+02:00" endTime="2011-07-26T08:44:58.0530020+02:00" testType="13cdc9d9-ddb5-4fa4-a97d-d965ccfc6d4b" outcome="Passed" testListId="8c84fa94-04c1-424b-9868-57a2d4851a1d" relativeResultsDirectory="0daa72b3-adf6-4472-bcea-6caf6fcc7ddc">
    </UnitTestResult>
    <UnitTestResult executionId="551cff4c-861d-4ea7-9dfb-816bc54e5a51" testId="9416a6ef-9f6c-8747-5d06-ff6f00bf9639" testName="LoginServiceAdapter_for_ILoginService" computerName="NETBOOK" duration="00:00:00.2487563" startTime="2011-07-26T08:44:58.2610139+02:00" endTime="2011-07-26T08:44:58.6060337+02:00" testType="13cdc9d9-ddb5-4fa4-a97d-d965ccfc6d4b" outcome="Passed" testListId="8c84fa94-04c1-424b-9868-57a2d4851a1d" relativeResultsDirectory="551cff4c-861d-4ea7-9dfb-816bc54e5a51">
    </UnitTestResult>
    <UnitTestResult executionId="a196586d-90c7-4455-ab78-1a4a98e3a03e" testId="b6ab9756-cf95-b5eb-7319-df0d1ac2108b" testName="aa" computerName="NETBOOK" duration="00:00:00.0027845" startTime="2011-07-26T08:44:58.6730375+02:00" endTime="2011-07-26T08:44:58.7560423+02:00" testType="13cdc9d9-ddb5-4fa4-a97d-d965ccfc6d4b" outcome="Passed" testListId="8c84fa94-04c1-424b-9868-57a2d4851a1d" relativeResultsDirectory="a196586d-90c7-4455-ab78-1a4a98e3a03e">
    </UnitTestResult>
    <UnitTestResult executionId="7ad2d4a0-7b8e-4d43-bd58-8b072b2f9dfa" testId="c83e054a-d14a-a089-eb54-fbcccf928366" testName="auditService_appServer_prod_GetAllCustomers" computerName="NETBOOK" duration="00:00:00.0037200" startTime="2011-07-26T08:44:58.8490476+02:00" endTime="2011-07-26T08:44:58.9290522+02:00" testType="13cdc9d9-ddb5-4fa4-a97d-d965ccfc6d4b" outcome="Passed" testListId="8c84fa94-04c1-424b-9868-57a2d4851a1d" relativeResultsDirectory="7ad2d4a0-7b8e-4d43-bd58-8b072b2f9dfa">
    </UnitTestResult>
    <UnitTestResult executionId="bce8a8c1-7807-47cf-8346-ae63ac356123" testId="d9af1d75-68cd-824c-5313-177c87cf728b" testName="test2" computerName="NETBOOK" duration="00:00:00.0024876" startTime="2011-07-26T08:44:58.9920558+02:00" endTime="2011-07-26T08:44:59.0370583+02:00" testType="13cdc9d9-ddb5-4fa4-a97d-d965ccfc6d4b" outcome="Passed" testListId="8c84fa94-04c1-424b-9868-57a2d4851a1d" relativeResultsDirectory="bce8a8c1-7807-47cf-8346-ae63ac356123">
    </UnitTestResult>
    <UnitTestResult executionId="a697f025-e72e-48b0-8b71-5707d3264228" testId="dbf5cc02-1f3a-43bc-34f0-4a69e955333c" testName="LoggingConfiguration_for_LoginServiceAdapter_and_machine2" computerName="NETBOOK" duration="00:00:00.0735113" startTime="2011-07-26T08:44:59.0740604+02:00" endTime="2011-07-26T08:44:59.1950674+02:00" testType="13cdc9d9-ddb5-4fa4-a97d-d965ccfc6d4b" outcome="Passed" testListId="8c84fa94-04c1-424b-9868-57a2d4851a1d" relativeResultsDirectory="a697f025-e72e-48b0-8b71-5707d3264228">
    </UnitTestResult>
    <UnitTestResult executionId="18c36d7a-fa27-453f-adf0-ff77c99d64c0" testId="e688a743-96de-823a-8078-4db12634f7fb" testName="LoggingConfiguration_for_ProductsServiceAdapter_and_machine2" computerName="NETBOOK" duration="00:00:00.0061892" startTime="2011-07-26T08:44:59.2380698+02:00" endTime="2011-07-26T08:44:59.2930730+02:00" testType="13cdc9d9-ddb5-4fa4-a97d-d965ccfc6d4b" outcome="Passed" testListId="8c84fa94-04c1-424b-9868-57a2d4851a1d" relativeResultsDirectory="18c36d7a-fa27-453f-adf0-ff77c99d64c0">
    </UnitTestResult>
    <UnitTestResult executionId="9edf2f92-7131-43ad-ad9c-80bf8d68ecca" testId="ea2e3f01-2781-85d2-a937-3707125cbc23" testName="dev_online_server" computerName="NETBOOK" duration="00:00:00.0025307" startTime="2011-07-26T08:44:59.3320752+02:00" endTime="2011-07-26T08:44:59.3840782+02:00" testType="13cdc9d9-ddb5-4fa4-a97d-d965ccfc6d4b" outcome="Passed" testListId="8c84fa94-04c1-424b-9868-57a2d4851a1d" relativeResultsDirectory="9edf2f92-7131-43ad-ad9c-80bf8d68ecca">
    </UnitTestResult>
    <UnitTestResult executionId="84eb7ada-c397-4589-989a-d6c1a632baf2" testId="ebac121c-774c-7382-9e07-eec0877ee019" testName="TestXMLConfiguration_load_from_file" computerName="NETBOOK" duration="00:00:00.0901107" startTime="2011-07-26T08:44:59.4160800+02:00" endTime="2011-07-26T08:44:59.5500877+02:00" testType="13cdc9d9-ddb5-4fa4-a97d-d965ccfc6d4b" outcome="Passed" testListId="8c84fa94-04c1-424b-9868-57a2d4851a1d" relativeResultsDirectory="84eb7ada-c397-4589-989a-d6c1a632baf2">
    </UnitTestResult>
    <UnitTestResult executionId="a9e7f35e-b13e-462a-a561-230ddde73d82" testId="f3b666dd-717a-4ecc-c8ac-826267d0249c" testName="LoginServiceAdapter_for_IProductsService" computerName="NETBOOK" duration="00:00:00.0148766" startTime="2011-07-26T08:44:59.6080910+02:00" endTime="2011-07-26T08:44:59.7180973+02:00" testType="13cdc9d9-ddb5-4fa4-a97d-d965ccfc6d4b" outcome="Passed" testListId="8c84fa94-04c1-424b-9868-57a2d4851a1d" relativeResultsDirectory="a9e7f35e-b13e-462a-a561-230ddde73d82">
    </UnitTestResult>
  </Results>
</TestRun>