<?xml version="1.0" encoding="UTF-8"?>
<TestRun id="d31926a6-a5d3-42be-822e-2149f30be60b" name="avi@NETBOOK 2011-05-28 19:49:38" runUser="netbook\avi" xmlns="http://microsoft.com/schemas/VisualStudio/TeamTest/2010">
  <TestSettings name="Local" id="8ca21acd-1fe6-4269-b5af-3ea22afc0391">
    <Description>These are default test settings for a local test run.</Description>
    <Deployment enabled="false" runDeploymentRoot="avi_NETBOOK 2011-05-28 19_49_38">
      <DeploymentItem filename="D:\work\NConfig\PlayingAround\NConfig\bin\Debug\NConfig.dll" />
    </Deployment>
    <Execution>
      <TestTypeSpecific />
      <AgentRule name="Execution Agents">
      </AgentRule>
    </Execution>
  </TestSettings>
  <Times creation="2011-05-28T19:49:38.8371295+02:00" queuing="2011-05-28T19:49:43.1803780+02:00" start="2011-05-28T19:49:44.5004535+02:00" finish="2011-05-28T19:49:55.3940765+02:00" />
  <ResultSummary outcome="Completed">
    <Counters total="1" executed="1" passed="1" error="0" failed="0" timeout="0" aborted="0" inconclusive="0" passedButRunAborted="0" notRunnable="0" notExecuted="0" disconnected="0" warning="0" completed="0" inProgress="0" pending="0" />
  </ResultSummary>
  <TestDefinitions>
    <UnitTest name="dev_online_server" storage="d:\work\nconfig\playingaround\testproject1\bin\debug\testproject1.dll" id="56475e03-d89f-7a09-279d-5df85c0c2126">
      <Execution id="e4626d33-9ad0-4218-967b-92a717d0922b" />
      <TestMethod codeBase="D:/work/NConfig/PlayingAround/TestProject1/bin/Debug/TestProject1.DLL" adapterTypeName="Microsoft.VisualStudio.TestTools.TestTypes.Unit.UnitTestAdapter, Microsoft.VisualStudio.QualityTools.Tips.UnitTest.Adapter, Version=10.0.0.0, Culture=neutral, PublicKeyToken=b03f5f7f11d50a3a" className="TestProject1.FilterTest, TestProject1, Version=1.0.0.0, Culture=neutral, PublicKeyToken=null" name="dev_online_server" />
    </UnitTest>
  </TestDefinitions>
  <TestLists>
    <TestList name="Results Not in a List" id="8c84fa94-04c1-424b-9868-57a2d4851a1d" />
    <TestList name="All Loaded Results" id="19431567-8539-422a-85d7-44ee4e166bda" />
  </TestLists>
  <TestEntries>
    <TestEntry testId="56475e03-d89f-7a09-279d-5df85c0c2126" executionId="e4626d33-9ad0-4218-967b-92a717d0922b" testListId="8c84fa94-04c1-424b-9868-57a2d4851a1d" />
  </TestEntries>
  <Results>
    <UnitTestResult executionId="e4626d33-9ad0-4218-967b-92a717d0922b" testId="56475e03-d89f-7a09-279d-5df85c0c2126" testName="dev_online_server" computerName="NETBOOK" duration="00:00:05.6432541" startTime="2011-05-28T19:49:45.8545309+02:00" endTime="2011-05-28T19:49:55.0580573+02:00" testType="13cdc9d9-ddb5-4fa4-a97d-d965ccfc6d4b" outcome="Passed" testListId="8c84fa94-04c1-424b-9868-57a2d4851a1d" relativeResultsDirectory="e4626d33-9ad0-4218-967b-92a717d0922b">
      <Output>
        <DebugTrace>start filtering for context: env:dev\appType:applicationServer\services:SomeService\ and items: 
.\logs
env-ALL
appType-ALL
services-ALL

c:\logs\
env-prod
appType-applicationServer

\someNetworDrive\integrationLogs\

\\someNetworkDrive\enterpriseAuditData\
appType-ALL

start using rule: NConfig.Rules.WithSpecificOrALLRerefenceToSubjectRule
start filtering by runtimeContextItem: env\dev
items before: 
.\logs
env-ALL
appType-ALL
services-ALL

c:\logs\
env-prod
appType-applicationServer

\someNetworDrive\integrationLogs\

\\someNetworkDrive\enterpriseAuditData\
appType-ALL

items after: 
.\logs
env-ALL
appType-ALL
services-ALL

start filtering by runtimeContextItem: appType\applicationServer
items before: 
.\logs
env-ALL
appType-ALL
services-ALL

items after: 
.\logs
env-ALL
appType-ALL
services-ALL

start filtering by runtimeContextItem: services\SomeService
items before: 
.\logs
env-ALL
appType-ALL
services-ALL

items after: 
.\logs
env-ALL
appType-ALL
services-ALL

start using rule: NConfig.Rules.BestMatchRule
start filtering by runtimeContextItem: env\dev
items before: 
.\logs
env-ALL
appType-ALL
services-ALL

items after: 
.\logs
env-ALL
appType-ALL
services-ALL

start filtering by runtimeContextItem: appType\applicationServer
items before: 
.\logs
env-ALL
appType-ALL
services-ALL

items after: 
.\logs
env-ALL
appType-ALL
services-ALL

start filtering by runtimeContextItem: services\SomeService
items before: 
.\logs
env-ALL
appType-ALL
services-ALL

items after: 
.\logs
env-ALL
appType-ALL
services-ALL

</DebugTrace>
      </Output>
    </UnitTestResult>
  </Results>
</TestRun>