<?xml version="1.0" encoding="UTF-8"?>
<TestRun id="11ccebc9-d1d5-425b-897d-dd6ab3e232b9" name="avi@NETBOOK 2011-05-28 19:35:46" runUser="netbook\avi" xmlns="http://microsoft.com/schemas/VisualStudio/TeamTest/2010">
  <TestSettings name="Local" id="8ca21acd-1fe6-4269-b5af-3ea22afc0391">
    <Description>These are default test settings for a local test run.</Description>
    <Deployment enabled="false" runDeploymentRoot="avi_NETBOOK 2011-05-28 19_35_46">
      <DeploymentItem filename="D:\work\NConfig\PlayingAround\NConfig\bin\Debug\NConfig.dll" />
    </Deployment>
    <Execution>
      <TestTypeSpecific />
      <AgentRule name="Execution Agents">
      </AgentRule>
    </Execution>
  </TestSettings>
  <Times creation="2011-05-28T19:35:46.2205066+02:00" queuing="2011-05-28T19:35:53.3559147+02:00" start="2011-05-28T19:35:54.0049518+02:00" finish="2011-05-28T19:39:15.9375017+02:00" />
  <ResultSummary outcome="Error">
    <Counters total="5" executed="1" error="0" failed="0" timeout="0" aborted="1" inconclusive="0" passedButRunAborted="0" notRunnable="0" notExecuted="4" disconnected="0" warning="0" passed="0" completed="0" inProgress="0" pending="0" />
    <RunInfos>
      <RunInfo computerName="NETBOOK" outcome="Error" timestamp="2011-05-28T19:39:15.8844987+02:00">
        <Text>Test host process exited unexpectedly.</Text>
      </RunInfo>
    </RunInfos>
  </ResultSummary>
  <TestDefinitions>
    <UnitTest name="prod_onlineServer_auditService" storage="d:\work\nconfig\playingaround\testproject1\bin\debug\testproject1.dll" id="9d4357b5-d7c4-831c-928a-48dd0ce31ffa">
      <Execution id="6c6b02e6-1d49-43cc-8bd7-6d5878fdf990" />
      <TestMethod codeBase="D:/work/NConfig/PlayingAround/TestProject1/bin/Debug/TestProject1.DLL" adapterTypeName="Microsoft.VisualStudio.TestTools.TestTypes.Unit.UnitTestAdapter, Microsoft.VisualStudio.QualityTools.Tips.UnitTest.Adapter, Version=10.0.0.0, Culture=neutral, PublicKeyToken=b03f5f7f11d50a3a" className="TestProject1.FilterTest, TestProject1, Version=1.0.0.0, Culture=neutral, PublicKeyToken=null" name="prod_onlineServer_auditService" />
    </UnitTest>
    <UnitTest name="Dev_online_client" storage="d:\work\nconfig\playingaround\testproject1\bin\debug\testproject1.dll" id="38612a57-8d91-ea2c-a41c-d4bdf81f68b5">
      <Execution id="d12529f1-4eeb-435f-8915-38dbc1bcc715" />
      <TestMethod codeBase="D:/work/NConfig/PlayingAround/TestProject1/bin/Debug/TestProject1.DLL" adapterTypeName="Microsoft.VisualStudio.TestTools.TestTypes.Unit.UnitTestAdapter, Microsoft.VisualStudio.QualityTools.Tips.UnitTest.Adapter, Version=10.0.0.0, Culture=neutral, PublicKeyToken=b03f5f7f11d50a3a" className="TestProject1.FilterTest, TestProject1, Version=1.0.0.0, Culture=neutral, PublicKeyToken=null" name="Dev_online_client" />
    </UnitTest>
    <UnitTest name="dev_online_server" storage="d:\work\nconfig\playingaround\testproject1\bin\debug\testproject1.dll" id="56475e03-d89f-7a09-279d-5df85c0c2126">
      <Execution id="86f81582-6693-4dc1-88b2-b33e62ac11b9" />
      <TestMethod codeBase="D:/work/NConfig/PlayingAround/TestProject1/bin/Debug/TestProject1.DLL" adapterTypeName="Microsoft.VisualStudio.TestTools.TestTypes.Unit.UnitTestAdapter, Microsoft.VisualStudio.QualityTools.Tips.UnitTest.Adapter, Version=10.0.0.0, Culture=neutral, PublicKeyToken=b03f5f7f11d50a3a" className="TestProject1.FilterTest, TestProject1, Version=1.0.0.0, Culture=neutral, PublicKeyToken=null" name="dev_online_server" />
    </UnitTest>
    <UnitTest name="prod_online_server" storage="d:\work\nconfig\playingaround\testproject1\bin\debug\testproject1.dll" id="97ca9c93-9134-7453-4b0e-bfdec1fb6fa4">
      <Execution id="fb32f469-8a0f-4693-ba19-33b32433e72d" />
      <TestMethod codeBase="D:/work/NConfig/PlayingAround/TestProject1/bin/Debug/TestProject1.DLL" adapterTypeName="Microsoft.VisualStudio.TestTools.TestTypes.Unit.UnitTestAdapter, Microsoft.VisualStudio.QualityTools.Tips.UnitTest.Adapter, Version=10.0.0.0, Culture=neutral, PublicKeyToken=b03f5f7f11d50a3a" className="TestProject1.FilterTest, TestProject1, Version=1.0.0.0, Culture=neutral, PublicKeyToken=null" name="prod_online_server" />
    </UnitTest>
    <UnitTest name="prod_online_client" storage="d:\work\nconfig\playingaround\testproject1\bin\debug\testproject1.dll" id="089e4ce5-6edb-51f6-e152-6e7c3c46a941">
      <Execution id="fe6b3c61-ed78-4faa-8aba-2500ea9b2003" />
      <TestMethod codeBase="D:/work/NConfig/PlayingAround/TestProject1/bin/Debug/TestProject1.DLL" adapterTypeName="Microsoft.VisualStudio.TestTools.TestTypes.Unit.UnitTestAdapter, Microsoft.VisualStudio.QualityTools.Tips.UnitTest.Adapter, Version=10.0.0.0, Culture=neutral, PublicKeyToken=b03f5f7f11d50a3a" className="TestProject1.FilterTest, TestProject1, Version=1.0.0.0, Culture=neutral, PublicKeyToken=null" name="prod_online_client" />
    </UnitTest>
  </TestDefinitions>
  <TestLists>
    <TestList name="Results Not in a List" id="8c84fa94-04c1-424b-9868-57a2d4851a1d" />
    <TestList name="All Loaded Results" id="19431567-8539-422a-85d7-44ee4e166bda" />
  </TestLists>
  <TestEntries>
    <TestEntry testId="089e4ce5-6edb-51f6-e152-6e7c3c46a941" executionId="fe6b3c61-ed78-4faa-8aba-2500ea9b2003" testListId="8c84fa94-04c1-424b-9868-57a2d4851a1d" />
    <TestEntry testId="38612a57-8d91-ea2c-a41c-d4bdf81f68b5" executionId="d12529f1-4eeb-435f-8915-38dbc1bcc715" testListId="8c84fa94-04c1-424b-9868-57a2d4851a1d" />
    <TestEntry testId="56475e03-d89f-7a09-279d-5df85c0c2126" executionId="86f81582-6693-4dc1-88b2-b33e62ac11b9" testListId="8c84fa94-04c1-424b-9868-57a2d4851a1d" />
    <TestEntry testId="97ca9c93-9134-7453-4b0e-bfdec1fb6fa4" executionId="fb32f469-8a0f-4693-ba19-33b32433e72d" testListId="8c84fa94-04c1-424b-9868-57a2d4851a1d" />
    <TestEntry testId="9d4357b5-d7c4-831c-928a-48dd0ce31ffa" executionId="6c6b02e6-1d49-43cc-8bd7-6d5878fdf990" testListId="8c84fa94-04c1-424b-9868-57a2d4851a1d" />
  </TestEntries>
  <Results>
    <UnitTestResult executionId="fe6b3c61-ed78-4faa-8aba-2500ea9b2003" testId="089e4ce5-6edb-51f6-e152-6e7c3c46a941" testName="prod_online_client" computerName="NETBOOK" duration="00:03:21.3925189" startTime="2011-05-28T19:35:54.4999802+02:00" endTime="2011-05-28T19:39:15.8924991+02:00" testType="13cdc9d9-ddb5-4fa4-a97d-d965ccfc6d4b" outcome="Aborted" testListId="8c84fa94-04c1-424b-9868-57a2d4851a1d" relativeResultsDirectory="fe6b3c61-ed78-4faa-8aba-2500ea9b2003">
    </UnitTestResult>
    <UnitTestResult executionId="d12529f1-4eeb-435f-8915-38dbc1bcc715" testId="38612a57-8d91-ea2c-a41c-d4bdf81f68b5" testName="Dev_online_client" computerName="NETBOOK" testType="13cdc9d9-ddb5-4fa4-a97d-d965ccfc6d4b" outcome="NotExecuted" testListId="8c84fa94-04c1-424b-9868-57a2d4851a1d" relativeResultsDirectory="d12529f1-4eeb-435f-8915-38dbc1bcc715">
    </UnitTestResult>
    <UnitTestResult executionId="86f81582-6693-4dc1-88b2-b33e62ac11b9" testId="56475e03-d89f-7a09-279d-5df85c0c2126" testName="dev_online_server" computerName="NETBOOK" testType="13cdc9d9-ddb5-4fa4-a97d-d965ccfc6d4b" outcome="NotExecuted" testListId="8c84fa94-04c1-424b-9868-57a2d4851a1d" relativeResultsDirectory="86f81582-6693-4dc1-88b2-b33e62ac11b9">
    </UnitTestResult>
    <UnitTestResult executionId="fb32f469-8a0f-4693-ba19-33b32433e72d" testId="97ca9c93-9134-7453-4b0e-bfdec1fb6fa4" testName="prod_online_server" computerName="NETBOOK" testType="13cdc9d9-ddb5-4fa4-a97d-d965ccfc6d4b" outcome="NotExecuted" testListId="8c84fa94-04c1-424b-9868-57a2d4851a1d" relativeResultsDirectory="fb32f469-8a0f-4693-ba19-33b32433e72d">
    </UnitTestResult>
    <UnitTestResult executionId="6c6b02e6-1d49-43cc-8bd7-6d5878fdf990" testId="9d4357b5-d7c4-831c-928a-48dd0ce31ffa" testName="prod_onlineServer_auditService" computerName="NETBOOK" testType="13cdc9d9-ddb5-4fa4-a97d-d965ccfc6d4b" outcome="NotExecuted" testListId="8c84fa94-04c1-424b-9868-57a2d4851a1d" relativeResultsDirectory="6c6b02e6-1d49-43cc-8bd7-6d5878fdf990">
    </UnitTestResult>
  </Results>
</TestRun>