<?xml version="1.0" encoding="UTF-8"?>
<TestRun id="c114f617-bc39-4945-80e0-90a822d31994" name="avi@NETBOOK 2011-07-26 08:05:12" runUser="netbook\avi" xmlns="http://microsoft.com/schemas/VisualStudio/TeamTest/2010">
  <TestSettings name="Local" id="8ca21acd-1fe6-4269-b5af-3ea22afc0391">
    <Description>These are default test settings for a local test run.</Description>
    <Deployment runDeploymentRoot="avi_NETBOOK 2011-07-26 08_05_12">
      <DeploymentItem filename="bin\Configuration.xml" />
      <DeploymentItem filename="D:\work\NConfig\NConfig\bin\Server.exe" />
      <DeploymentItem filename="NConfigTests\bin\Debug\TestConfiguration.xml" />
      <DeploymentItem filename="D:\work\NConfig\NConfig\NConfig\bin\Debug\NConfig.dll" />
      <DeploymentItem filename="D:\work\NConfig\NConfig\NConfig.XML\bin\Debug\NConfig.XML.dll" />
      <DeploymentItem filename="D:\work\NConfig\NConfig\bin\Common.dll" />
    </Deployment>
    <Execution>
      <TestTypeSpecific>
        <UnitTestRunConfig testTypeId="13cdc9d9-ddb5-4fa4-a97d-d965ccfc6d4b">
          <AssemblyResolution>
            <TestDirectory useLoadContext="true" />
          </AssemblyResolution>
        </UnitTestRunConfig>
        <WebTestRunConfiguration testTypeId="4e7599fa-5ecb-43e9-a887-cd63cf72d207">
          <Browser name="Internet Explorer 7.0">
            <Headers>
              <Header name="User-Agent" value="Mozilla/4.0 (compatible; MSIE 7.0; Windows NT 5.1)" />
              <Header name="Accept" value="*/*" />
              <Header name="Accept-Language" value="{{$IEAcceptLanguage}}" />
              <Header name="Accept-Encoding" value="GZIP" />
            </Headers>
          </Browser>
        </WebTestRunConfiguration>
      </TestTypeSpecific>
      <AgentRule name="LocalMachineDefaultRole">
      </AgentRule>
    </Execution>
  </TestSettings>
  <Times creation="2011-07-26T08:05:12.3995505+02:00" queuing="2011-07-26T08:05:20.9230380+02:00" start="2011-07-26T08:05:22.2631146+02:00" finish="2011-07-26T08:05:29.3465198+02:00" />
  <ResultSummary outcome="Completed">
    <Counters total="1" executed="1" passed="1" error="0" failed="0" timeout="0" aborted="0" inconclusive="0" passedButRunAborted="0" notRunnable="0" notExecuted="0" disconnected="0" warning="0" completed="0" inProgress="0" pending="0" />
  </ResultSummary>
  <TestDefinitions>
    <UnitTest name="ProxyFactory" storage="d:\work\nconfig\nconfig\sampletests\bin\debug\sampletests.dll" id="c1e4408b-98d5-3ce5-f3d2-774a3f078a42">
      <Execution id="26c492f4-504e-4bb2-af9b-7a07d995de61" />
      <TestMethod codeBase="D:/work/NConfig/NConfig/SampleTests/bin/Debug/SampleTests.DLL" adapterTypeName="Microsoft.VisualStudio.TestTools.TestTypes.Unit.UnitTestAdapter, Microsoft.VisualStudio.QualityTools.Tips.UnitTest.Adapter, Version=10.0.0.0, Culture=neutral, PublicKeyToken=b03f5f7f11d50a3a" className="SampleTests.ConfigurationTest, SampleTests, Version=1.0.0.0, Culture=neutral, PublicKeyToken=null" name="ProxyFactory" />
    </UnitTest>
  </TestDefinitions>
  <TestLists>
    <TestList name="Results Not in a List" id="8c84fa94-04c1-424b-9868-57a2d4851a1d" />
    <TestList name="All Loaded Results" id="19431567-8539-422a-85d7-44ee4e166bda" />
  </TestLists>
  <TestEntries>
    <TestEntry testId="c1e4408b-98d5-3ce5-f3d2-774a3f078a42" executionId="26c492f4-504e-4bb2-af9b-7a07d995de61" testListId="8c84fa94-04c1-424b-9868-57a2d4851a1d" />
  </TestEntries>
  <Results>
    <UnitTestResult executionId="26c492f4-504e-4bb2-af9b-7a07d995de61" testId="c1e4408b-98d5-3ce5-f3d2-774a3f078a42" testName="ProxyFactory" computerName="NETBOOK" duration="00:00:01.2044508" startTime="2011-07-26T08:05:23.0921621+02:00" endTime="2011-07-26T08:05:28.6054774+02:00" testType="13cdc9d9-ddb5-4fa4-a97d-d965ccfc6d4b" outcome="Passed" testListId="8c84fa94-04c1-424b-9868-57a2d4851a1d" relativeResultsDirectory="26c492f4-504e-4bb2-af9b-7a07d995de61">
    </UnitTestResult>
  </Results>
</TestRun>