<?xml version="1.0" encoding="UTF-8"?>
<TestRun id="4507c962-ae6a-420e-a403-ecfc56be19ea" name="avi@NETBOOK 2011-08-05 13:04:48" runUser="netbook\avi" xmlns="http://microsoft.com/schemas/VisualStudio/TeamTest/2010">
  <TestSettings name="Local" id="8ca21acd-1fe6-4269-b5af-3ea22afc0391">
    <Description>These are default test settings for a local test run.</Description>
    <Deployment runDeploymentRoot="avi_NETBOOK 2011-08-05 13_04_48">
      <DeploymentItem filename="D:\work\NConfig\NConfig\bin\Castle.Core.dll" />
      <DeploymentItem filename="D:\work\NConfig\NConfig\NConfig.XML\bin\Debug\NConfig.XML.dll" />
      <DeploymentItem filename="D:\work\NConfig\NConfig\NConfig.Testing\bin\Debug\NConfig.Testing.dll" />
      <DeploymentItem filename="D:\work\NConfig\NConfig\NConfig.Windsor\bin\Debug\NConfig.Windsor.dll" />
      <DeploymentItem filename="D:\work\NConfig\NConfig\NConfig.Windsor\Castle.Core.dll" />
      <DeploymentItem filename="Server\bin\Debug\Configuration.xml" />
      <DeploymentItem filename="NConfigTests\bin\Debug\TestConfiguration.xml" />
      <DeploymentItem filename="D:\work\NConfig\NConfig\bin\Castle.Windsor.dll" />
      <DeploymentItem filename="D:\work\NConfig\NConfig\NConfig.Windsor\Castle.Windsor.dll" />
      <DeploymentItem filename="D:\work\NConfig\NConfig\NConfig\bin\Debug\NConfig.dll" />
      <DeploymentItem filename="D:\work\NConfig\NConfig\Client\bin\Debug\Client.exe" />
      <DeploymentItem filename="D:\work\NConfig\NConfig\Server\bin\Debug\Server.exe" />
      <DeploymentItem filename="D:\work\NConfig\NConfig\Common\bin\Debug\Common.dll" />
    </Deployment>
    <Execution>
      <TestTypeSpecific>
        <UnitTestRunConfig testTypeId="13cdc9d9-ddb5-4fa4-a97d-d965ccfc6d4b">
          <AssemblyResolution>
            <TestDirectory useLoadContext="true" />
          </AssemblyResolution>
        </UnitTestRunConfig>
        <WebTestRunConfiguration testTypeId="4e7599fa-5ecb-43e9-a887-cd63cf72d207">
          <Browser name="Internet Explorer 7.0">
            <Headers>
              <Header name="User-Agent" value="Mozilla/4.0 (compatible; MSIE 7.0; Windows NT 5.1)" />
              <Header name="Accept" value="*/*" />
              <Header name="Accept-Language" value="{{$IEAcceptLanguage}}" />
              <Header name="Accept-Encoding" value="GZIP" />
            </Headers>
          </Browser>
        </WebTestRunConfiguration>
      </TestTypeSpecific>
      <AgentRule name="LocalMachineDefaultRole">
      </AgentRule>
    </Execution>
  </TestSettings>
  <Times creation="2011-08-05T13:04:48.2717034+02:00" queuing="2011-08-05T13:04:53.6640118+02:00" start="2011-08-05T13:04:55.0630919+02:00" finish="2011-08-05T13:05:06.7157584+02:00" />
  <ResultSummary outcome="Completed">
    <Counters total="28" executed="28" passed="28" error="0" failed="0" timeout="0" aborted="0" inconclusive="0" passedButRunAborted="0" notRunnable="0" notExecuted="0" disconnected="0" warning="0" completed="0" inProgress="0" pending="0" />
  </ResultSummary>
  <TestDefinitions>
    <UnitTest name="some_secure_path_on_production_client_machine_with_some_log_owner" storage="d:\work\nconfig\nconfig\sampletests\bin\debug\sampletests.dll" id="e2a68799-674d-3147-3755-51b0eb77bd1a">
      <Execution id="986d3bbd-8925-4b71-b1c3-febf26f81148" />
      <TestMethod codeBase="D:/work/NConfig/NConfig/SampleTests/bin/Debug/SampleTests.DLL" adapterTypeName="Microsoft.VisualStudio.TestTools.TestTypes.Unit.UnitTestAdapter, Microsoft.VisualStudio.QualityTools.Tips.UnitTest.Adapter, Version=10.0.0.0, Culture=neutral, PublicKeyToken=b03f5f7f11d50a3a" className="SampleTests.LoggingConfigurationTest, SampleTests, Version=1.0.0.0, Culture=neutral, PublicKeyToken=null" name="some_secure_path_on_production_client_machine_with_some_log_owner" />
    </UnitTest>
    <UnitTest name="prod_onlineServer_auditService" storage="d:\work\nconfig\nconfig\nconfigtests\bin\debug\nconfig.tests.dll" id="357c4318-c11f-93f7-f252-98bfca53e32a">
      <Execution id="43eedbed-e268-4795-9255-7af90e5759f5" />
      <TestMethod codeBase="D:/work/NConfig/NConfig/NConfigTests/bin/Debug/NConfig.Tests.DLL" adapterTypeName="Microsoft.VisualStudio.TestTools.TestTypes.Unit.UnitTestAdapter, Microsoft.VisualStudio.QualityTools.Tips.UnitTest.Adapter, Version=10.0.0.0, Culture=neutral, PublicKeyToken=b03f5f7f11d50a3a" className="NConfig.Tests.FilterPolicySingleValueTest, NConfig.Tests, Version=1.0.0.0, Culture=neutral, PublicKeyToken=null" name="prod_onlineServer_auditService" />
    </UnitTest>
    <UnitTest name="ProductsService_and_machine2" storage="d:\work\nconfig\nconfig\sampletests\bin\debug\sampletests.dll" id="4fabb609-1d43-0d12-36a0-c6bf0e878713">
      <Execution id="aa31f783-a0ed-4657-b0cd-ccd437b4296a" />
      <TestMethod codeBase="D:/work/NConfig/NConfig/SampleTests/bin/Debug/SampleTests.DLL" adapterTypeName="Microsoft.VisualStudio.TestTools.TestTypes.Unit.UnitTestAdapter, Microsoft.VisualStudio.QualityTools.Tips.UnitTest.Adapter, Version=10.0.0.0, Culture=neutral, PublicKeyToken=b03f5f7f11d50a3a" className="SampleTests.LoggingConfigurationTest, SampleTests, Version=1.0.0.0, Culture=neutral, PublicKeyToken=null" name="ProductsService_and_machine2" />
    </UnitTest>
    <UnitTest name="Test1" storage="d:\work\nconfig\nconfig\nconfigtests\bin\debug\nconfig.tests.dll" id="68eb0417-dab8-6b25-a0a9-0a7a95c92efe">
      <Execution id="85d38719-af3e-488e-b739-0e5fba92b3c6" />
      <TestMethod codeBase="D:/work/NConfig/NConfig/NConfigTests/bin/Debug/NConfig.Tests.DLL" adapterTypeName="Microsoft.VisualStudio.TestTools.TestTypes.Unit.UnitTestAdapter, Microsoft.VisualStudio.QualityTools.Tips.UnitTest.Adapter, Version=10.0.0.0, Culture=neutral, PublicKeyToken=b03f5f7f11d50a3a" className="NConfig.Tests.BestMatchRuleTest, NConfig.Tests, Version=1.0.0.0, Culture=neutral, PublicKeyToken=null" name="Test1" />
    </UnitTest>
    <UnitTest name="auditService_appServer_prod_UpdateCustomer" storage="d:\work\nconfig\nconfig\nconfigtests\bin\debug\nconfig.tests.dll" id="31ad7b39-df69-4841-24c6-23bb75f0e170">
      <Execution id="b49f373c-97c3-46a5-bf69-de1468544f23" />
      <TestMethod codeBase="D:/work/NConfig/NConfig/NConfigTests/bin/Debug/NConfig.Tests.DLL" adapterTypeName="Microsoft.VisualStudio.TestTools.TestTypes.Unit.UnitTestAdapter, Microsoft.VisualStudio.QualityTools.Tips.UnitTest.Adapter, Version=10.0.0.0, Culture=neutral, PublicKeyToken=b03f5f7f11d50a3a" className="NConfig.Tests.FilterPolicySingleValueTest, NConfig.Tests, Version=1.0.0.0, Culture=neutral, PublicKeyToken=null" name="auditService_appServer_prod_UpdateCustomer" />
    </UnitTest>
    <UnitTest name="ServicesConfig" storage="d:\work\nconfig\nconfig\sampletests\bin\debug\sampletests.dll" id="2f5ba79d-f4e7-d0ad-8d6e-818d1a1e68ab">
      <Execution id="8d2a4713-8198-45c5-9321-e36f5b8ae06e" />
      <TestMethod codeBase="D:/work/NConfig/NConfig/SampleTests/bin/Debug/SampleTests.DLL" adapterTypeName="Microsoft.VisualStudio.TestTools.TestTypes.Unit.UnitTestAdapter, Microsoft.VisualStudio.QualityTools.Tips.UnitTest.Adapter, Version=10.0.0.0, Culture=neutral, PublicKeyToken=b03f5f7f11d50a3a" className="SampleTests.ConfigurationTest, SampleTests, Version=1.0.0.0, Culture=neutral, PublicKeyToken=null" name="ServicesConfig" />
    </UnitTest>
    <UnitTest name="login_folder_path_for_login_service_and_applicationServer_check_with_other_references" storage="d:\work\nconfig\nconfig\sampletests\bin\debug\sampletests.dll" id="7f98b5a3-1f27-bd6b-b2c5-006de2bb94f3">
      <Execution id="3fc0f9c7-5813-451a-8424-fa0c474cf691" />
      <TestMethod codeBase="D:/work/NConfig/NConfig/SampleTests/bin/Debug/SampleTests.DLL" adapterTypeName="Microsoft.VisualStudio.TestTools.TestTypes.Unit.UnitTestAdapter, Microsoft.VisualStudio.QualityTools.Tips.UnitTest.Adapter, Version=10.0.0.0, Culture=neutral, PublicKeyToken=b03f5f7f11d50a3a" className="SampleTests.LoggingConfigurationTest, SampleTests, Version=1.0.0.0, Culture=neutral, PublicKeyToken=null" name="login_folder_path_for_login_service_and_applicationServer_check_with_other_references" />
    </UnitTest>
    <UnitTest name="login_folder_path_for_login_service_and_applicationServer" storage="d:\work\nconfig\nconfig\sampletests\bin\debug\sampletests.dll" id="6d5c7ddc-b4bb-3dc0-5b01-f37b1322e78c">
      <Execution id="9177393d-0636-4671-ac77-11b0aef1223b" />
      <TestMethod codeBase="D:/work/NConfig/NConfig/SampleTests/bin/Debug/SampleTests.DLL" adapterTypeName="Microsoft.VisualStudio.TestTools.TestTypes.Unit.UnitTestAdapter, Microsoft.VisualStudio.QualityTools.Tips.UnitTest.Adapter, Version=10.0.0.0, Culture=neutral, PublicKeyToken=b03f5f7f11d50a3a" className="SampleTests.LoggingConfigurationTest, SampleTests, Version=1.0.0.0, Culture=neutral, PublicKeyToken=null" name="login_folder_path_for_login_service_and_applicationServer" />
    </UnitTest>
    <UnitTest name="ServiceContractConfig_for_IProductsService" storage="d:\work\nconfig\nconfig\sampletests\bin\debug\sampletests.dll" id="feae247b-ce9c-107e-a609-befa56a63221">
      <Execution id="704085dc-349d-49d8-ba98-9648399d842d" />
      <TestMethod codeBase="D:/work/NConfig/NConfig/SampleTests/bin/Debug/SampleTests.DLL" adapterTypeName="Microsoft.VisualStudio.TestTools.TestTypes.Unit.UnitTestAdapter, Microsoft.VisualStudio.QualityTools.Tips.UnitTest.Adapter, Version=10.0.0.0, Culture=neutral, PublicKeyToken=b03f5f7f11d50a3a" className="SampleTests.ConfigurationTest, SampleTests, Version=1.0.0.0, Culture=neutral, PublicKeyToken=null" name="ServiceContractConfig_for_IProductsService" />
    </UnitTest>
    <UnitTest name="auditService_appServer_prod_GetAllCustomers" storage="d:\work\nconfig\nconfig\nconfigtests\bin\debug\nconfig.tests.dll" id="c83e054a-d14a-a089-eb54-fbcccf928366">
      <Execution id="b6b3e3fe-01a2-4035-a9aa-73b3505b83b6" />
      <TestMethod codeBase="D:/work/NConfig/NConfig/NConfigTests/bin/Debug/NConfig.Tests.DLL" adapterTypeName="Microsoft.VisualStudio.TestTools.TestTypes.Unit.UnitTestAdapter, Microsoft.VisualStudio.QualityTools.Tips.UnitTest.Adapter, Version=10.0.0.0, Culture=neutral, PublicKeyToken=b03f5f7f11d50a3a" className="NConfig.Tests.FilterPolicySingleValueTest, NConfig.Tests, Version=1.0.0.0, Culture=neutral, PublicKeyToken=null" name="auditService_appServer_prod_GetAllCustomers" />
    </UnitTest>
    <UnitTest name="ProductsServiceAdapter_and_machine2" storage="d:\work\nconfig\nconfig\sampletests\bin\debug\sampletests.dll" id="a04cff4c-6678-8068-6f7f-c45673a4d091">
      <Execution id="f27df4ae-0cf4-44ad-a506-6f095a8c217f" />
      <TestMethod codeBase="D:/work/NConfig/NConfig/SampleTests/bin/Debug/SampleTests.DLL" adapterTypeName="Microsoft.VisualStudio.TestTools.TestTypes.Unit.UnitTestAdapter, Microsoft.VisualStudio.QualityTools.Tips.UnitTest.Adapter, Version=10.0.0.0, Culture=neutral, PublicKeyToken=b03f5f7f11d50a3a" className="SampleTests.LoggingConfigurationTest, SampleTests, Version=1.0.0.0, Culture=neutral, PublicKeyToken=null" name="ProductsServiceAdapter_and_machine2" />
    </UnitTest>
    <UnitTest name="some_secure_path_on_production_client_machine" storage="d:\work\nconfig\nconfig\sampletests\bin\debug\sampletests.dll" id="9e0fd8cb-36e5-5dc7-0091-2c9faa630481">
      <Execution id="90323ac5-c7be-4105-83e5-deb79d230273" />
      <TestMethod codeBase="D:/work/NConfig/NConfig/SampleTests/bin/Debug/SampleTests.DLL" adapterTypeName="Microsoft.VisualStudio.TestTools.TestTypes.Unit.UnitTestAdapter, Microsoft.VisualStudio.QualityTools.Tips.UnitTest.Adapter, Version=10.0.0.0, Culture=neutral, PublicKeyToken=b03f5f7f11d50a3a" className="SampleTests.LoggingConfigurationTest, SampleTests, Version=1.0.0.0, Culture=neutral, PublicKeyToken=null" name="some_secure_path_on_production_client_machine" />
    </UnitTest>
    <UnitTest name="TestXMLConfiguration_load_from_file" storage="d:\work\nconfig\nconfig\nconfigtests\bin\debug\nconfig.tests.dll" id="ebac121c-774c-7382-9e07-eec0877ee019">
      <Execution id="099cee22-3e05-4337-b92f-18b837d01a2c" />
      <TestMethod codeBase="D:/work/NConfig/NConfig/NConfigTests/bin/Debug/NConfig.Tests.DLL" adapterTypeName="Microsoft.VisualStudio.TestTools.TestTypes.Unit.UnitTestAdapter, Microsoft.VisualStudio.QualityTools.Tips.UnitTest.Adapter, Version=10.0.0.0, Culture=neutral, PublicKeyToken=b03f5f7f11d50a3a" className="NConfig.Tests.UnitTest1, NConfig.Tests, Version=1.0.0.0, Culture=neutral, PublicKeyToken=null" name="TestXMLConfiguration_load_from_file" />
    </UnitTest>
    <UnitTest name="aaa" storage="d:\work\nconfig\nconfig\nconfigtests\bin\debug\nconfig.tests.dll" id="5aa4e3a8-5df8-954e-6c99-969563df9fc3">
      <Execution id="011e29e9-0833-4e6f-86f4-b94d297f445d" />
      <TestMethod codeBase="D:/work/NConfig/NConfig/NConfigTests/bin/Debug/NConfig.Tests.DLL" adapterTypeName="Microsoft.VisualStudio.TestTools.TestTypes.Unit.UnitTestAdapter, Microsoft.VisualStudio.QualityTools.Tips.UnitTest.Adapter, Version=10.0.0.0, Culture=neutral, PublicKeyToken=b03f5f7f11d50a3a" className="NConfig.Tests.BestMatchRuleTest, NConfig.Tests, Version=1.0.0.0, Culture=neutral, PublicKeyToken=null" name="aaa" />
    </UnitTest>
    <UnitTest name="prod_online_server" storage="d:\work\nconfig\nconfig\nconfigtests\bin\debug\nconfig.tests.dll" id="0cce0639-31ca-e8e3-4d39-75679771d958">
      <Execution id="ac6441a7-d95f-40be-9a4e-1019d32629ed" />
      <TestMethod codeBase="D:/work/NConfig/NConfig/NConfigTests/bin/Debug/NConfig.Tests.DLL" adapterTypeName="Microsoft.VisualStudio.TestTools.TestTypes.Unit.UnitTestAdapter, Microsoft.VisualStudio.QualityTools.Tips.UnitTest.Adapter, Version=10.0.0.0, Culture=neutral, PublicKeyToken=b03f5f7f11d50a3a" className="NConfig.Tests.FilterPolicySingleValueTest, NConfig.Tests, Version=1.0.0.0, Culture=neutral, PublicKeyToken=null" name="prod_online_server" />
    </UnitTest>
    <UnitTest name="aa" storage="d:\work\nconfig\nconfig\nconfigtests\bin\debug\nconfig.tests.dll" id="b6ab9756-cf95-b5eb-7319-df0d1ac2108b">
      <Execution id="5f980357-9d94-430a-83c1-7d2ed64edfb0" />
      <TestMethod codeBase="D:/work/NConfig/NConfig/NConfigTests/bin/Debug/NConfig.Tests.DLL" adapterTypeName="Microsoft.VisualStudio.TestTools.TestTypes.Unit.UnitTestAdapter, Microsoft.VisualStudio.QualityTools.Tips.UnitTest.Adapter, Version=10.0.0.0, Culture=neutral, PublicKeyToken=b03f5f7f11d50a3a" className="NConfig.Tests.BestMatchRuleTest, NConfig.Tests, Version=1.0.0.0, Culture=neutral, PublicKeyToken=null" name="aa" />
    </UnitTest>
    <UnitTest name="Dev_online_client" storage="d:\work\nconfig\nconfig\nconfigtests\bin\debug\nconfig.tests.dll" id="81612c84-9e67-6bb3-5fdd-f6e1c0aaee54">
      <Execution id="8595afd6-30d8-4785-8076-99848d1e5739" />
      <TestMethod codeBase="D:/work/NConfig/NConfig/NConfigTests/bin/Debug/NConfig.Tests.DLL" adapterTypeName="Microsoft.VisualStudio.TestTools.TestTypes.Unit.UnitTestAdapter, Microsoft.VisualStudio.QualityTools.Tips.UnitTest.Adapter, Version=10.0.0.0, Culture=neutral, PublicKeyToken=b03f5f7f11d50a3a" className="NConfig.Tests.FilterPolicySingleValueTest, NConfig.Tests, Version=1.0.0.0, Culture=neutral, PublicKeyToken=null" name="Dev_online_client" />
    </UnitTest>
    <UnitTest name="prod_online_client" storage="d:\work\nconfig\nconfig\nconfigtests\bin\debug\nconfig.tests.dll" id="88cb2420-bab5-c625-adf5-b51416e15f3c">
      <Execution id="bc4df087-4c3c-4dd1-ab0e-b760be79378d" />
      <TestMethod codeBase="D:/work/NConfig/NConfig/NConfigTests/bin/Debug/NConfig.Tests.DLL" adapterTypeName="Microsoft.VisualStudio.TestTools.TestTypes.Unit.UnitTestAdapter, Microsoft.VisualStudio.QualityTools.Tips.UnitTest.Adapter, Version=10.0.0.0, Culture=neutral, PublicKeyToken=b03f5f7f11d50a3a" className="NConfig.Tests.FilterPolicySingleValueTest, NConfig.Tests, Version=1.0.0.0, Culture=neutral, PublicKeyToken=null" name="prod_online_client" />
    </UnitTest>
    <UnitTest name="ServiceContractConfig_for_ILoginService" storage="d:\work\nconfig\nconfig\sampletests\bin\debug\sampletests.dll" id="9a9b86ab-6766-3e7f-0f9e-dfd8e201fb5e">
      <Execution id="a1281939-b4c5-4132-860c-86ea58f2b6eb" />
      <TestMethod codeBase="D:/work/NConfig/NConfig/SampleTests/bin/Debug/SampleTests.DLL" adapterTypeName="Microsoft.VisualStudio.TestTools.TestTypes.Unit.UnitTestAdapter, Microsoft.VisualStudio.QualityTools.Tips.UnitTest.Adapter, Version=10.0.0.0, Culture=neutral, PublicKeyToken=b03f5f7f11d50a3a" className="SampleTests.ConfigurationTest, SampleTests, Version=1.0.0.0, Culture=neutral, PublicKeyToken=null" name="ServiceContractConfig_for_ILoginService" />
    </UnitTest>
    <UnitTest name="test2" storage="d:\work\nconfig\nconfig\nconfigtests\bin\debug\nconfig.tests.dll" id="d9af1d75-68cd-824c-5313-177c87cf728b">
      <Execution id="021dab14-be31-46a6-8923-4990b115490c" />
      <TestMethod codeBase="D:/work/NConfig/NConfig/NConfigTests/bin/Debug/NConfig.Tests.DLL" adapterTypeName="Microsoft.VisualStudio.TestTools.TestTypes.Unit.UnitTestAdapter, Microsoft.VisualStudio.QualityTools.Tips.UnitTest.Adapter, Version=10.0.0.0, Culture=neutral, PublicKeyToken=b03f5f7f11d50a3a" className="NConfig.Tests.BestMatchRuleTest, NConfig.Tests, Version=1.0.0.0, Culture=neutral, PublicKeyToken=null" name="test2" />
    </UnitTest>
    <UnitTest name="auditService_appServer_Dev_updateCustomer" storage="d:\work\nconfig\nconfig\nconfigtests\bin\debug\nconfig.tests.dll" id="1848f59f-dcde-d8ba-f776-0b25437d84b6">
      <Execution id="768271b7-f678-48e1-a1a8-1c05b3e2434c" />
      <TestMethod codeBase="D:/work/NConfig/NConfig/NConfigTests/bin/Debug/NConfig.Tests.DLL" adapterTypeName="Microsoft.VisualStudio.TestTools.TestTypes.Unit.UnitTestAdapter, Microsoft.VisualStudio.QualityTools.Tips.UnitTest.Adapter, Version=10.0.0.0, Culture=neutral, PublicKeyToken=b03f5f7f11d50a3a" className="NConfig.Tests.FilterPolicySingleValueTest, NConfig.Tests, Version=1.0.0.0, Culture=neutral, PublicKeyToken=null" name="auditService_appServer_Dev_updateCustomer" />
    </UnitTest>
    <UnitTest name="TestObjectModelConfiguration" storage="d:\work\nconfig\nconfig\nconfigtests\bin\debug\nconfig.tests.dll" id="5d8e5a36-2169-9cd5-a3e6-85587870e8f6">
      <Execution id="71dc9c28-0670-4800-962a-588a1095f7e4" />
      <TestMethod codeBase="D:/work/NConfig/NConfig/NConfigTests/bin/Debug/NConfig.Tests.DLL" adapterTypeName="Microsoft.VisualStudio.TestTools.TestTypes.Unit.UnitTestAdapter, Microsoft.VisualStudio.QualityTools.Tips.UnitTest.Adapter, Version=10.0.0.0, Culture=neutral, PublicKeyToken=b03f5f7f11d50a3a" className="NConfig.Tests.UnitTest1, NConfig.Tests, Version=1.0.0.0, Culture=neutral, PublicKeyToken=null" name="TestObjectModelConfiguration" />
    </UnitTest>
    <UnitTest name="auditService_appServer_Dev_GetAllCustomers" storage="d:\work\nconfig\nconfig\nconfigtests\bin\debug\nconfig.tests.dll" id="86988aa3-e245-8763-5002-7aa6b57926c1">
      <Execution id="c7c457c5-845b-4057-9fc5-42595c86929e" />
      <TestMethod codeBase="D:/work/NConfig/NConfig/NConfigTests/bin/Debug/NConfig.Tests.DLL" adapterTypeName="Microsoft.VisualStudio.TestTools.TestTypes.Unit.UnitTestAdapter, Microsoft.VisualStudio.QualityTools.Tips.UnitTest.Adapter, Version=10.0.0.0, Culture=neutral, PublicKeyToken=b03f5f7f11d50a3a" className="NConfig.Tests.FilterPolicySingleValueTest, NConfig.Tests, Version=1.0.0.0, Culture=neutral, PublicKeyToken=null" name="auditService_appServer_Dev_GetAllCustomers" />
    </UnitTest>
    <UnitTest name="dev_online_server" storage="d:\work\nconfig\nconfig\nconfigtests\bin\debug\nconfig.tests.dll" id="ea2e3f01-2781-85d2-a937-3707125cbc23">
      <Execution id="a7b66b4e-a0a0-4bb2-a3ca-7c8c5771d163" />
      <TestMethod codeBase="D:/work/NConfig/NConfig/NConfigTests/bin/Debug/NConfig.Tests.DLL" adapterTypeName="Microsoft.VisualStudio.TestTools.TestTypes.Unit.UnitTestAdapter, Microsoft.VisualStudio.QualityTools.Tips.UnitTest.Adapter, Version=10.0.0.0, Culture=neutral, PublicKeyToken=b03f5f7f11d50a3a" className="NConfig.Tests.FilterPolicySingleValueTest, NConfig.Tests, Version=1.0.0.0, Culture=neutral, PublicKeyToken=null" name="dev_online_server" />
    </UnitTest>
    <UnitTest name="one_value_with_specific_reference_and_one_with_ALL_reference" storage="d:\work\nconfig\nconfig\nconfigtests\bin\debug\nconfig.tests.dll" id="73586542-bb33-746b-6934-aa3f28ab2f57">
      <Execution id="04c3514c-3740-4e4d-a7f1-e9e0d2f06989" />
      <TestMethod codeBase="D:/work/NConfig/NConfig/NConfigTests/bin/Debug/NConfig.Tests.DLL" adapterTypeName="Microsoft.VisualStudio.TestTools.TestTypes.Unit.UnitTestAdapter, Microsoft.VisualStudio.QualityTools.Tips.UnitTest.Adapter, Version=10.0.0.0, Culture=neutral, PublicKeyToken=b03f5f7f11d50a3a" className="NConfig.Tests.BestMatchRuleTest, NConfig.Tests, Version=1.0.0.0, Culture=neutral, PublicKeyToken=null" name="one_value_with_specific_reference_and_one_with_ALL_reference" />
    </UnitTest>
    <UnitTest name="all_values_with_specific_references" storage="d:\work\nconfig\nconfig\nconfigtests\bin\debug\nconfig.tests.dll" id="1d783d32-0124-474a-5fb9-3ad630219c07">
      <Execution id="99278124-7b29-404b-a534-67cf6fdd990e" />
      <TestMethod codeBase="D:/work/NConfig/NConfig/NConfigTests/bin/Debug/NConfig.Tests.DLL" adapterTypeName="Microsoft.VisualStudio.TestTools.TestTypes.Unit.UnitTestAdapter, Microsoft.VisualStudio.QualityTools.Tips.UnitTest.Adapter, Version=10.0.0.0, Culture=neutral, PublicKeyToken=b03f5f7f11d50a3a" className="NConfig.Tests.BestMatchRuleTest, NConfig.Tests, Version=1.0.0.0, Culture=neutral, PublicKeyToken=null" name="all_values_with_specific_references" />
    </UnitTest>
    <UnitTest name="LoginServiceAdapter_and_machine2" storage="d:\work\nconfig\nconfig\sampletests\bin\debug\sampletests.dll" id="a779931e-b905-a2fc-df0c-713209133bd4">
      <Execution id="9c64e2ad-9f52-4899-83b4-c946e177bff3" />
      <TestMethod codeBase="D:/work/NConfig/NConfig/SampleTests/bin/Debug/SampleTests.DLL" adapterTypeName="Microsoft.VisualStudio.TestTools.TestTypes.Unit.UnitTestAdapter, Microsoft.VisualStudio.QualityTools.Tips.UnitTest.Adapter, Version=10.0.0.0, Culture=neutral, PublicKeyToken=b03f5f7f11d50a3a" className="SampleTests.LoggingConfigurationTest, SampleTests, Version=1.0.0.0, Culture=neutral, PublicKeyToken=null" name="LoginServiceAdapter_and_machine2" />
    </UnitTest>
    <UnitTest name="SingleServiceConfig" storage="d:\work\nconfig\nconfig\sampletests\bin\debug\sampletests.dll" id="2e5e4820-7858-87c9-43e3-908fd68e373c">
      <Execution id="014cba0b-4c0c-47f7-acec-f823af2b83b1" />
      <TestMethod codeBase="D:/work/NConfig/NConfig/SampleTests/bin/Debug/SampleTests.DLL" adapterTypeName="Microsoft.VisualStudio.TestTools.TestTypes.Unit.UnitTestAdapter, Microsoft.VisualStudio.QualityTools.Tips.UnitTest.Adapter, Version=10.0.0.0, Culture=neutral, PublicKeyToken=b03f5f7f11d50a3a" className="SampleTests.ConfigurationTest, SampleTests, Version=1.0.0.0, Culture=neutral, PublicKeyToken=null" name="SingleServiceConfig" />
    </UnitTest>
  </TestDefinitions>
  <TestLists>
    <TestList name="Results Not in a List" id="8c84fa94-04c1-424b-9868-57a2d4851a1d" />
    <TestList name="All Loaded Results" id="19431567-8539-422a-85d7-44ee4e166bda" />
  </TestLists>
  <TestEntries>
    <TestEntry testId="0cce0639-31ca-e8e3-4d39-75679771d958" executionId="ac6441a7-d95f-40be-9a4e-1019d32629ed" testListId="8c84fa94-04c1-424b-9868-57a2d4851a1d" />
    <TestEntry testId="1848f59f-dcde-d8ba-f776-0b25437d84b6" executionId="768271b7-f678-48e1-a1a8-1c05b3e2434c" testListId="8c84fa94-04c1-424b-9868-57a2d4851a1d" />
    <TestEntry testId="1d783d32-0124-474a-5fb9-3ad630219c07" executionId="99278124-7b29-404b-a534-67cf6fdd990e" testListId="8c84fa94-04c1-424b-9868-57a2d4851a1d" />
    <TestEntry testId="2e5e4820-7858-87c9-43e3-908fd68e373c" executionId="014cba0b-4c0c-47f7-acec-f823af2b83b1" testListId="8c84fa94-04c1-424b-9868-57a2d4851a1d" />
    <TestEntry testId="2f5ba79d-f4e7-d0ad-8d6e-818d1a1e68ab" executionId="8d2a4713-8198-45c5-9321-e36f5b8ae06e" testListId="8c84fa94-04c1-424b-9868-57a2d4851a1d" />
    <TestEntry testId="31ad7b39-df69-4841-24c6-23bb75f0e170" executionId="b49f373c-97c3-46a5-bf69-de1468544f23" testListId="8c84fa94-04c1-424b-9868-57a2d4851a1d" />
    <TestEntry testId="357c4318-c11f-93f7-f252-98bfca53e32a" executionId="43eedbed-e268-4795-9255-7af90e5759f5" testListId="8c84fa94-04c1-424b-9868-57a2d4851a1d" />
    <TestEntry testId="4fabb609-1d43-0d12-36a0-c6bf0e878713" executionId="aa31f783-a0ed-4657-b0cd-ccd437b4296a" testListId="8c84fa94-04c1-424b-9868-57a2d4851a1d" />
    <TestEntry testId="5aa4e3a8-5df8-954e-6c99-969563df9fc3" executionId="011e29e9-0833-4e6f-86f4-b94d297f445d" testListId="8c84fa94-04c1-424b-9868-57a2d4851a1d" />
    <TestEntry testId="5d8e5a36-2169-9cd5-a3e6-85587870e8f6" executionId="71dc9c28-0670-4800-962a-588a1095f7e4" testListId="8c84fa94-04c1-424b-9868-57a2d4851a1d" />
    <TestEntry testId="68eb0417-dab8-6b25-a0a9-0a7a95c92efe" executionId="85d38719-af3e-488e-b739-0e5fba92b3c6" testListId="8c84fa94-04c1-424b-9868-57a2d4851a1d" />
    <TestEntry testId="6d5c7ddc-b4bb-3dc0-5b01-f37b1322e78c" executionId="9177393d-0636-4671-ac77-11b0aef1223b" testListId="8c84fa94-04c1-424b-9868-57a2d4851a1d" />
    <TestEntry testId="73586542-bb33-746b-6934-aa3f28ab2f57" executionId="04c3514c-3740-4e4d-a7f1-e9e0d2f06989" testListId="8c84fa94-04c1-424b-9868-57a2d4851a1d" />
    <TestEntry testId="7f98b5a3-1f27-bd6b-b2c5-006de2bb94f3" executionId="3fc0f9c7-5813-451a-8424-fa0c474cf691" testListId="8c84fa94-04c1-424b-9868-57a2d4851a1d" />
    <TestEntry testId="81612c84-9e67-6bb3-5fdd-f6e1c0aaee54" executionId="8595afd6-30d8-4785-8076-99848d1e5739" testListId="8c84fa94-04c1-424b-9868-57a2d4851a1d" />
    <TestEntry testId="86988aa3-e245-8763-5002-7aa6b57926c1" executionId="c7c457c5-845b-4057-9fc5-42595c86929e" testListId="8c84fa94-04c1-424b-9868-57a2d4851a1d" />
    <TestEntry testId="88cb2420-bab5-c625-adf5-b51416e15f3c" executionId="bc4df087-4c3c-4dd1-ab0e-b760be79378d" testListId="8c84fa94-04c1-424b-9868-57a2d4851a1d" />
    <TestEntry testId="9a9b86ab-6766-3e7f-0f9e-dfd8e201fb5e" executionId="a1281939-b4c5-4132-860c-86ea58f2b6eb" testListId="8c84fa94-04c1-424b-9868-57a2d4851a1d" />
    <TestEntry testId="9e0fd8cb-36e5-5dc7-0091-2c9faa630481" executionId="90323ac5-c7be-4105-83e5-deb79d230273" testListId="8c84fa94-04c1-424b-9868-57a2d4851a1d" />
    <TestEntry testId="a04cff4c-6678-8068-6f7f-c45673a4d091" executionId="f27df4ae-0cf4-44ad-a506-6f095a8c217f" testListId="8c84fa94-04c1-424b-9868-57a2d4851a1d" />
    <TestEntry testId="a779931e-b905-a2fc-df0c-713209133bd4" executionId="9c64e2ad-9f52-4899-83b4-c946e177bff3" testListId="8c84fa94-04c1-424b-9868-57a2d4851a1d" />
    <TestEntry testId="b6ab9756-cf95-b5eb-7319-df0d1ac2108b" executionId="5f980357-9d94-430a-83c1-7d2ed64edfb0" testListId="8c84fa94-04c1-424b-9868-57a2d4851a1d" />
    <TestEntry testId="c83e054a-d14a-a089-eb54-fbcccf928366" executionId="b6b3e3fe-01a2-4035-a9aa-73b3505b83b6" testListId="8c84fa94-04c1-424b-9868-57a2d4851a1d" />
    <TestEntry testId="d9af1d75-68cd-824c-5313-177c87cf728b" executionId="021dab14-be31-46a6-8923-4990b115490c" testListId="8c84fa94-04c1-424b-9868-57a2d4851a1d" />
    <TestEntry testId="e2a68799-674d-3147-3755-51b0eb77bd1a" executionId="986d3bbd-8925-4b71-b1c3-febf26f81148" testListId="8c84fa94-04c1-424b-9868-57a2d4851a1d" />
    <TestEntry testId="ea2e3f01-2781-85d2-a937-3707125cbc23" executionId="a7b66b4e-a0a0-4bb2-a3ca-7c8c5771d163" testListId="8c84fa94-04c1-424b-9868-57a2d4851a1d" />
    <TestEntry testId="ebac121c-774c-7382-9e07-eec0877ee019" executionId="099cee22-3e05-4337-b92f-18b837d01a2c" testListId="8c84fa94-04c1-424b-9868-57a2d4851a1d" />
    <TestEntry testId="feae247b-ce9c-107e-a609-befa56a63221" executionId="704085dc-349d-49d8-ba98-9648399d842d" testListId="8c84fa94-04c1-424b-9868-57a2d4851a1d" />
  </TestEntries>
  <Results>
    <UnitTestResult executionId="ac6441a7-d95f-40be-9a4e-1019d32629ed" testId="0cce0639-31ca-e8e3-4d39-75679771d958" testName="prod_online_server" computerName="NETBOOK" duration="00:00:00.1603990" startTime="2011-08-05T13:04:55.3341074+02:00" endTime="2011-08-05T13:04:58.6682981+02:00" testType="13cdc9d9-ddb5-4fa4-a97d-d965ccfc6d4b" outcome="Passed" testListId="8c84fa94-04c1-424b-9868-57a2d4851a1d" relativeResultsDirectory="ac6441a7-d95f-40be-9a4e-1019d32629ed">
    </UnitTestResult>
    <UnitTestResult executionId="768271b7-f678-48e1-a1a8-1c05b3e2434c" testId="1848f59f-dcde-d8ba-f776-0b25437d84b6" testName="auditService_appServer_Dev_updateCustomer" computerName="NETBOOK" duration="00:00:00.0026145" startTime="2011-08-05T13:04:58.7303016+02:00" endTime="2011-08-05T13:04:58.7893050+02:00" testType="13cdc9d9-ddb5-4fa4-a97d-d965ccfc6d4b" outcome="Passed" testListId="8c84fa94-04c1-424b-9868-57a2d4851a1d" relativeResultsDirectory="768271b7-f678-48e1-a1a8-1c05b3e2434c">
    </UnitTestResult>
    <UnitTestResult executionId="99278124-7b29-404b-a534-67cf6fdd990e" testId="1d783d32-0124-474a-5fb9-3ad630219c07" testName="all_values_with_specific_references" computerName="NETBOOK" duration="00:00:00.0109379" startTime="2011-08-05T13:04:58.8333075+02:00" endTime="2011-08-05T13:04:58.8843104+02:00" testType="13cdc9d9-ddb5-4fa4-a97d-d965ccfc6d4b" outcome="Passed" testListId="8c84fa94-04c1-424b-9868-57a2d4851a1d" relativeResultsDirectory="99278124-7b29-404b-a534-67cf6fdd990e">
    </UnitTestResult>
    <UnitTestResult executionId="014cba0b-4c0c-47f7-acec-f823af2b83b1" testId="2e5e4820-7858-87c9-43e3-908fd68e373c" testName="SingleServiceConfig" computerName="NETBOOK" duration="00:00:01.2857466" startTime="2011-08-05T13:04:58.9103119+02:00" endTime="2011-08-05T13:05:02.2175011+02:00" testType="13cdc9d9-ddb5-4fa4-a97d-d965ccfc6d4b" outcome="Passed" testListId="8c84fa94-04c1-424b-9868-57a2d4851a1d" relativeResultsDirectory="014cba0b-4c0c-47f7-acec-f823af2b83b1">
    </UnitTestResult>
    <UnitTestResult executionId="8d2a4713-8198-45c5-9321-e36f5b8ae06e" testId="2f5ba79d-f4e7-d0ad-8d6e-818d1a1e68ab" testName="ServicesConfig" computerName="NETBOOK" duration="00:00:00.0128546" startTime="2011-08-05T13:05:02.3615093+02:00" endTime="2011-08-05T13:05:02.4425139+02:00" testType="13cdc9d9-ddb5-4fa4-a97d-d965ccfc6d4b" outcome="Passed" testListId="8c84fa94-04c1-424b-9868-57a2d4851a1d" relativeResultsDirectory="8d2a4713-8198-45c5-9321-e36f5b8ae06e">
    </UnitTestResult>
    <UnitTestResult executionId="b49f373c-97c3-46a5-bf69-de1468544f23" testId="31ad7b39-df69-4841-24c6-23bb75f0e170" testName="auditService_appServer_prod_UpdateCustomer" computerName="NETBOOK" duration="00:00:00.0025387" startTime="2011-08-05T13:05:02.5005173+02:00" endTime="2011-08-05T13:05:02.5405196+02:00" testType="13cdc9d9-ddb5-4fa4-a97d-d965ccfc6d4b" outcome="Passed" testListId="8c84fa94-04c1-424b-9868-57a2d4851a1d" relativeResultsDirectory="b49f373c-97c3-46a5-bf69-de1468544f23">
    </UnitTestResult>
    <UnitTestResult executionId="43eedbed-e268-4795-9255-7af90e5759f5" testId="357c4318-c11f-93f7-f252-98bfca53e32a" testName="prod_onlineServer_auditService" computerName="NETBOOK" duration="00:00:00.0034706" startTime="2011-08-05T13:05:02.5815219+02:00" endTime="2011-08-05T13:05:02.6385252+02:00" testType="13cdc9d9-ddb5-4fa4-a97d-d965ccfc6d4b" outcome="Passed" testListId="8c84fa94-04c1-424b-9868-57a2d4851a1d" relativeResultsDirectory="43eedbed-e268-4795-9255-7af90e5759f5">
    </UnitTestResult>
    <UnitTestResult executionId="aa31f783-a0ed-4657-b0cd-ccd437b4296a" testId="4fabb609-1d43-0d12-36a0-c6bf0e878713" testName="ProductsService_and_machine2" computerName="NETBOOK" duration="00:00:00.0187797" startTime="2011-08-05T13:05:02.6905281+02:00" endTime="2011-08-05T13:05:02.7555318+02:00" testType="13cdc9d9-ddb5-4fa4-a97d-d965ccfc6d4b" outcome="Passed" testListId="8c84fa94-04c1-424b-9868-57a2d4851a1d" relativeResultsDirectory="aa31f783-a0ed-4657-b0cd-ccd437b4296a">
    </UnitTestResult>
    <UnitTestResult executionId="011e29e9-0833-4e6f-86f4-b94d297f445d" testId="5aa4e3a8-5df8-954e-6c99-969563df9fc3" testName="aaa" computerName="NETBOOK" duration="00:00:00.0015274" startTime="2011-08-05T13:05:02.7925340+02:00" endTime="2011-08-05T13:05:02.8355364+02:00" testType="13cdc9d9-ddb5-4fa4-a97d-d965ccfc6d4b" outcome="Passed" testListId="8c84fa94-04c1-424b-9868-57a2d4851a1d" relativeResultsDirectory="011e29e9-0833-4e6f-86f4-b94d297f445d">
    </UnitTestResult>
    <UnitTestResult executionId="71dc9c28-0670-4800-962a-588a1095f7e4" testId="5d8e5a36-2169-9cd5-a3e6-85587870e8f6" testName="TestObjectModelConfiguration" computerName="NETBOOK" duration="00:00:00.9506354" startTime="2011-08-05T13:05:02.9335420+02:00" endTime="2011-08-05T13:05:04.0146039+02:00" testType="13cdc9d9-ddb5-4fa4-a97d-d965ccfc6d4b" outcome="Passed" testListId="8c84fa94-04c1-424b-9868-57a2d4851a1d" relativeResultsDirectory="71dc9c28-0670-4800-962a-588a1095f7e4">
    </UnitTestResult>
    <UnitTestResult executionId="85d38719-af3e-488e-b739-0e5fba92b3c6" testId="68eb0417-dab8-6b25-a0a9-0a7a95c92efe" testName="Test1" computerName="NETBOOK" duration="00:00:00.0026915" startTime="2011-08-05T13:05:04.0456056+02:00" endTime="2011-08-05T13:05:04.1156096+02:00" testType="13cdc9d9-ddb5-4fa4-a97d-d965ccfc6d4b" outcome="Passed" testListId="8c84fa94-04c1-424b-9868-57a2d4851a1d" relativeResultsDirectory="85d38719-af3e-488e-b739-0e5fba92b3c6">
    </UnitTestResult>
    <UnitTestResult executionId="9177393d-0636-4671-ac77-11b0aef1223b" testId="6d5c7ddc-b4bb-3dc0-5b01-f37b1322e78c" testName="login_folder_path_for_login_service_and_applicationServer" computerName="NETBOOK" duration="00:00:00.0082248" startTime="2011-08-05T13:05:04.1586121+02:00" endTime="2011-08-05T13:05:04.2066148+02:00" testType="13cdc9d9-ddb5-4fa4-a97d-d965ccfc6d4b" outcome="Passed" testListId="8c84fa94-04c1-424b-9868-57a2d4851a1d" relativeResultsDirectory="9177393d-0636-4671-ac77-11b0aef1223b">
    </UnitTestResult>
    <UnitTestResult executionId="04c3514c-3740-4e4d-a7f1-e9e0d2f06989" testId="73586542-bb33-746b-6934-aa3f28ab2f57" testName="one_value_with_specific_reference_and_one_with_ALL_reference" computerName="NETBOOK" duration="00:00:00.0025603" startTime="2011-08-05T13:05:04.2546176+02:00" endTime="2011-08-05T13:05:04.3006202+02:00" testType="13cdc9d9-ddb5-4fa4-a97d-d965ccfc6d4b" outcome="Passed" testListId="8c84fa94-04c1-424b-9868-57a2d4851a1d" relativeResultsDirectory="04c3514c-3740-4e4d-a7f1-e9e0d2f06989">
    </UnitTestResult>
    <UnitTestResult executionId="3fc0f9c7-5813-451a-8424-fa0c474cf691" testId="7f98b5a3-1f27-bd6b-b2c5-006de2bb94f3" testName="login_folder_path_for_login_service_and_applicationServer_check_with_other_references" computerName="NETBOOK" duration="00:00:00.0074900" startTime="2011-08-05T13:05:04.3376223+02:00" endTime="2011-08-05T13:05:04.3866251+02:00" testType="13cdc9d9-ddb5-4fa4-a97d-d965ccfc6d4b" outcome="Passed" testListId="8c84fa94-04c1-424b-9868-57a2d4851a1d" relativeResultsDirectory="3fc0f9c7-5813-451a-8424-fa0c474cf691">
    </UnitTestResult>
    <UnitTestResult executionId="8595afd6-30d8-4785-8076-99848d1e5739" testId="81612c84-9e67-6bb3-5fdd-f6e1c0aaee54" testName="Dev_online_client" computerName="NETBOOK" duration="00:00:00.0022714" startTime="2011-08-05T13:05:04.4226272+02:00" endTime="2011-08-05T13:05:04.4696299+02:00" testType="13cdc9d9-ddb5-4fa4-a97d-d965ccfc6d4b" outcome="Passed" testListId="8c84fa94-04c1-424b-9868-57a2d4851a1d" relativeResultsDirectory="8595afd6-30d8-4785-8076-99848d1e5739">
    </UnitTestResult>
    <UnitTestResult executionId="c7c457c5-845b-4057-9fc5-42595c86929e" testId="86988aa3-e245-8763-5002-7aa6b57926c1" testName="auditService_appServer_Dev_GetAllCustomers" computerName="NETBOOK" duration="00:00:00.0025461" startTime="2011-08-05T13:05:04.5356337+02:00" endTime="2011-08-05T13:05:04.5856365+02:00" testType="13cdc9d9-ddb5-4fa4-a97d-d965ccfc6d4b" outcome="Passed" testListId="8c84fa94-04c1-424b-9868-57a2d4851a1d" relativeResultsDirectory="c7c457c5-845b-4057-9fc5-42595c86929e">
    </UnitTestResult>
    <UnitTestResult executionId="bc4df087-4c3c-4dd1-ab0e-b760be79378d" testId="88cb2420-bab5-c625-adf5-b51416e15f3c" testName="prod_online_client" computerName="NETBOOK" duration="00:00:00.0022425" startTime="2011-08-05T13:05:04.6416397+02:00" endTime="2011-08-05T13:05:04.6786418+02:00" testType="13cdc9d9-ddb5-4fa4-a97d-d965ccfc6d4b" outcome="Passed" testListId="8c84fa94-04c1-424b-9868-57a2d4851a1d" relativeResultsDirectory="bc4df087-4c3c-4dd1-ab0e-b760be79378d">
    </UnitTestResult>
    <UnitTestResult executionId="a1281939-b4c5-4132-860c-86ea58f2b6eb" testId="9a9b86ab-6766-3e7f-0f9e-dfd8e201fb5e" testName="ServiceContractConfig_for_ILoginService" computerName="NETBOOK" duration="00:00:00.1670736" startTime="2011-08-05T13:05:04.7216443+02:00" endTime="2011-08-05T13:05:04.9386567+02:00" testType="13cdc9d9-ddb5-4fa4-a97d-d965ccfc6d4b" outcome="Passed" testListId="8c84fa94-04c1-424b-9868-57a2d4851a1d" relativeResultsDirectory="a1281939-b4c5-4132-860c-86ea58f2b6eb">
    </UnitTestResult>
    <UnitTestResult executionId="90323ac5-c7be-4105-83e5-deb79d230273" testId="9e0fd8cb-36e5-5dc7-0091-2c9faa630481" testName="some_secure_path_on_production_client_machine" computerName="NETBOOK" duration="00:00:00.0088192" startTime="2011-08-05T13:05:05.0536633+02:00" endTime="2011-08-05T13:05:05.1116666+02:00" testType="13cdc9d9-ddb5-4fa4-a97d-d965ccfc6d4b" outcome="Passed" testListId="8c84fa94-04c1-424b-9868-57a2d4851a1d" relativeResultsDirectory="90323ac5-c7be-4105-83e5-deb79d230273">
    </UnitTestResult>
    <UnitTestResult executionId="f27df4ae-0cf4-44ad-a506-6f095a8c217f" testId="a04cff4c-6678-8068-6f7f-c45673a4d091" testName="ProductsServiceAdapter_and_machine2" computerName="NETBOOK" duration="00:00:00.0082519" startTime="2011-08-05T13:05:05.1656697+02:00" endTime="2011-08-05T13:05:05.2156726+02:00" testType="13cdc9d9-ddb5-4fa4-a97d-d965ccfc6d4b" outcome="Passed" testListId="8c84fa94-04c1-424b-9868-57a2d4851a1d" relativeResultsDirectory="f27df4ae-0cf4-44ad-a506-6f095a8c217f">
    </UnitTestResult>
    <UnitTestResult executionId="9c64e2ad-9f52-4899-83b4-c946e177bff3" testId="a779931e-b905-a2fc-df0c-713209133bd4" testName="LoginServiceAdapter_and_machine2" computerName="NETBOOK" duration="00:00:00.0104686" startTime="2011-08-05T13:05:05.2616752+02:00" endTime="2011-08-05T13:05:05.3476801+02:00" testType="13cdc9d9-ddb5-4fa4-a97d-d965ccfc6d4b" outcome="Passed" testListId="8c84fa94-04c1-424b-9868-57a2d4851a1d" relativeResultsDirectory="9c64e2ad-9f52-4899-83b4-c946e177bff3">
    </UnitTestResult>
    <UnitTestResult executionId="5f980357-9d94-430a-83c1-7d2ed64edfb0" testId="b6ab9756-cf95-b5eb-7319-df0d1ac2108b" testName="aa" computerName="NETBOOK" duration="00:00:00.0019376" startTime="2011-08-05T13:05:05.3826821+02:00" endTime="2011-08-05T13:05:05.4306849+02:00" testType="13cdc9d9-ddb5-4fa4-a97d-d965ccfc6d4b" outcome="Passed" testListId="8c84fa94-04c1-424b-9868-57a2d4851a1d" relativeResultsDirectory="5f980357-9d94-430a-83c1-7d2ed64edfb0">
    </UnitTestResult>
    <UnitTestResult executionId="b6b3e3fe-01a2-4035-a9aa-73b3505b83b6" testId="c83e054a-d14a-a089-eb54-fbcccf928366" testName="auditService_appServer_prod_GetAllCustomers" computerName="NETBOOK" duration="00:00:00.0021692" startTime="2011-08-05T13:05:05.4786876+02:00" endTime="2011-08-05T13:05:05.5196899+02:00" testType="13cdc9d9-ddb5-4fa4-a97d-d965ccfc6d4b" outcome="Passed" testListId="8c84fa94-04c1-424b-9868-57a2d4851a1d" relativeResultsDirectory="b6b3e3fe-01a2-4035-a9aa-73b3505b83b6">
    </UnitTestResult>
    <UnitTestResult executionId="021dab14-be31-46a6-8923-4990b115490c" testId="d9af1d75-68cd-824c-5313-177c87cf728b" testName="test2" computerName="NETBOOK" duration="00:00:00.0017522" startTime="2011-08-05T13:05:05.5656926+02:00" endTime="2011-08-05T13:05:05.6086950+02:00" testType="13cdc9d9-ddb5-4fa4-a97d-d965ccfc6d4b" outcome="Passed" testListId="8c84fa94-04c1-424b-9868-57a2d4851a1d" relativeResultsDirectory="021dab14-be31-46a6-8923-4990b115490c">
    </UnitTestResult>
    <UnitTestResult executionId="986d3bbd-8925-4b71-b1c3-febf26f81148" testId="e2a68799-674d-3147-3755-51b0eb77bd1a" testName="some_secure_path_on_production_client_machine_with_some_log_owner" computerName="NETBOOK" duration="00:00:00.0072178" startTime="2011-08-05T13:05:05.6556977+02:00" endTime="2011-08-05T13:05:05.7017004+02:00" testType="13cdc9d9-ddb5-4fa4-a97d-d965ccfc6d4b" outcome="Passed" testListId="8c84fa94-04c1-424b-9868-57a2d4851a1d" relativeResultsDirectory="986d3bbd-8925-4b71-b1c3-febf26f81148">
    </UnitTestResult>
    <UnitTestResult executionId="a7b66b4e-a0a0-4bb2-a3ca-7c8c5771d163" testId="ea2e3f01-2781-85d2-a937-3707125cbc23" testName="dev_online_server" computerName="NETBOOK" duration="00:00:00.0024562" startTime="2011-08-05T13:05:05.7377024+02:00" endTime="2011-08-05T13:05:05.7797048+02:00" testType="13cdc9d9-ddb5-4fa4-a97d-d965ccfc6d4b" outcome="Passed" testListId="8c84fa94-04c1-424b-9868-57a2d4851a1d" relativeResultsDirectory="a7b66b4e-a0a0-4bb2-a3ca-7c8c5771d163">
    </UnitTestResult>
    <UnitTestResult executionId="099cee22-3e05-4337-b92f-18b837d01a2c" testId="ebac121c-774c-7382-9e07-eec0877ee019" testName="TestXMLConfiguration_load_from_file" computerName="NETBOOK" duration="00:00:00.0945490" startTime="2011-08-05T13:05:05.8307077+02:00" endTime="2011-08-05T13:05:05.9637153+02:00" testType="13cdc9d9-ddb5-4fa4-a97d-d965ccfc6d4b" outcome="Passed" testListId="8c84fa94-04c1-424b-9868-57a2d4851a1d" relativeResultsDirectory="099cee22-3e05-4337-b92f-18b837d01a2c">
    </UnitTestResult>
    <UnitTestResult executionId="704085dc-349d-49d8-ba98-9648399d842d" testId="feae247b-ce9c-107e-a609-befa56a63221" testName="ServiceContractConfig_for_IProductsService" computerName="NETBOOK" duration="00:00:00.0093328" startTime="2011-08-05T13:05:06.0057177+02:00" endTime="2011-08-05T13:05:06.0547206+02:00" testType="13cdc9d9-ddb5-4fa4-a97d-d965ccfc6d4b" outcome="Passed" testListId="8c84fa94-04c1-424b-9868-57a2d4851a1d" relativeResultsDirectory="704085dc-349d-49d8-ba98-9648399d842d">
    </UnitTestResult>
  </Results>
</TestRun>